codeit env activated. python: /scratch/cy2941/codeit_env/bin/python
Sat Apr 25 20:21:40 2026       
|=========================================+========================+======================|
|=========================================================================================|
--- starting GPU keepalive ---
keepalive PID=3740619
--- starting method2 99-iter run on H200 (seed=123, human_lambda=0.5) ---
========== Configuration ==========
loading tasks from file path: ./data/evaluation/
loading tasks from file path: ./data/training/
Loading human trajectory curves...
loaded tasks from file ./data/mutated_tasks_train_
added 400 train tasks
added 16763 mutated train tasks
max train input length: 1024
***/scratch/cy2941/codeit_outputs/method2_h200_full_7065000_seed123_lambda0.5/last.ckpt.dir does not exist so initialising base model ***
initialising trainer
first inference example inputs <s>2x2 background=6 8=0,0 4=1,1|2x2 background=9 3=1,1 4=1,0 7=0,0
6x6 background=6 8=4,4 4,0 0,4 2,1 0,0 4,2 2,3 0,2 2,5 4=5,5 3,4 1,5 1,1 5,1 3,0 5,3 3,2 1,3|6x6 background=9 3=5,5 3,4 1,5 1,1 5,1 3,0 5,3 3,2 1,3 4=1,2 3,1 5,4 1,4 3,3 5,0 1,0 3,5 5,2 7=4,4 4,0 0,4 2,1 0,0 4,2 2,3 0,2 2,5
first inference example labels <s></s>
******** iteration 0 ********
first training example inputs <s>3x3 background=5 4=2,2 0,2 2,0 0,0|5x5 background=6 5=0,1 4,4 1,2 4,0 3,4 0,0 1,1 2,3 3,3 2,2|5x5 background=9 5=0,1 4,4 1,2 2,1 4,3 3,2 1,3
3x1 background=4 0=1,0|5x2 background=6 0=0,1 1,1 4,0 0,0|5x2 background=9 0=0,1 2,1
first training example labels <s>x1 = palette(I)
x2 = first(x1)
x3 = last(x1)
x4 = lefthalf(I)
O = replace(x4, FIVE, ZERO)</s>
loading model from hugging face Salesforce/codet5p-220m
                                   
Epoch 0: 100%|██████████| 625/625 [03:51<00:00,  2.69it/s, v_num=0, train/loss_step=2.400, train/loss_epoch=1.960]
Training:   0%|          | 0/625 [00:00<?, ?it/s]
******** iteration 1 ********
first training example inputs <s>2x2 background=6 8=0,0 4=1,1|2x2 background=9 3=1,1 4=1,0 7=0,0
2x2 background=6 8=0,0 4=1,1|2x2 background=9 3=1,1 4=1,0 7=0,0
first training example labels <s>O = multiply(I, ONE)</s>
                                   
Epoch 1: 100%|██████████| 639/639 [03:57<00:00,  2.69it/s, v_num=0, train/loss_step=0.786, train/loss_epoch=0.898]
Training:   0%|          | 0/639 [00:00<?, ?it/s]
******** iteration 2 ********
first training example inputs <s>2x2 background=6 8=0,0 4=1,1|2x2 background=9 3=1,1 4=1,0 7=0,0
2x2 background=6 8=0,0 4=1,1|2x2 background=9 3=1,1 4=1,0 7=0,0
first training example labels <s>O = multiply(I, ONE)</s>
                                   
Epoch 2: 100%|██████████| 724/724 [04:31<00:00,  2.67it/s, v_num=0, train/loss_step=0.789, train/loss_epoch=0.686]
Training:   0%|          | 0/724 [00:00<?, ?it/s]
******** iteration 3 ********
first training example inputs <s>2x2 background=6 8=0,0 4=1,1|2x2 background=9 3=1,1 4=1,0 7=0,0
2x2 background=6 8=0,0 4=1,1|2x2 background=9 3=1,1 4=1,0 7=0,0
first training example labels <s>O = multiply(I, ONE)</s>
                                   
Epoch 3: 100%|██████████| 871/871 [05:32<00:00,  2.62it/s, v_num=0, train/loss_step=0.472, train/loss_epoch=0.548]
Training:   0%|          | 0/871 [00:00<?, ?it/s]
******** iteration 4 ********
first training example inputs <s>2x2 background=6 8=0,0 4=1,1|2x2 background=9 3=1,1 4=1,0 7=0,0
2x2 background=6 8=0,0 4=1,1|2x2 background=9 3=1,1 4=1,0 7=0,0
first training example labels <s>O = multiply(I, ONE)</s>
                                   
Epoch 4: 100%|██████████| 1052/1052 [06:36<00:00,  2.65it/s, v_num=0, train/loss_step=0.512, train/loss_epoch=0.465]
Training:   0%|          | 0/1052 [00:00<?, ?it/s]
******** iteration 5 ********
first training example inputs <s>2x2 background=6 8=0,0 4=1,1|2x2 background=9 3=1,1 4=1,0 7=0,0
2x2 background=6 8=0,0 4=1,1|2x2 background=9 3=1,1 4=1,0 7=0,0
first training example labels <s>O = multiply(I, ONE)</s>
                                   
Epoch 5: 100%|██████████| 1311/1311 [08:15<00:00,  2.64it/s, v_num=0, train/loss_step=0.301, train/loss_epoch=0.399]
Training:   0%|          | 0/1311 [00:00<?, ?it/s]
******** iteration 6 ********
first training example inputs <s>2x2 background=6 8=0,0 4=1,1|2x2 background=9 3=1,1 4=1,0 7=0,0
2x2 background=6 8=0,0 4=1,1|2x2 background=9 3=1,1 4=1,0 7=0,0
first training example labels <s>O = multiply(I, ONE)</s>
                                   
Epoch 6: 100%|██████████| 1520/1520 [09:31<00:00,  2.66it/s, v_num=0, train/loss_step=0.376, train/loss_epoch=0.335]
Training:   0%|          | 0/1520 [00:00<?, ?it/s]
******** iteration 7 ********
first training example inputs <s>2x2 background=6 8=0,0 4=1,1|2x2 background=9 3=1,1 4=1,0 7=0,0
2x2 background=6 8=0,0 4=1,1|2x2 background=9 3=1,1 4=1,0 7=0,0
first training example labels <s>O = multiply(I, ONE)</s>
                                   
Epoch 7: 100%|██████████| 1722/1722 [10:46<00:00,  2.67it/s, v_num=0, train/loss_step=0.252, train/loss_epoch=0.295]
Training:   0%|          | 0/1722 [00:00<?, ?it/s]
******** iteration 8 ********
first training example inputs <s>2x2 background=6 8=0,0 4=1,1|2x2 background=9 3=1,1 4=1,0 7=0,0
2x2 background=6 8=0,0 4=1,1|2x2 background=9 3=1,1 4=1,0 7=0,0
first training example labels <s>O = multiply(I, ONE)</s>
                                   
Epoch 8: 100%|██████████| 1960/1960 [12:25<00:00,  2.63it/s, v_num=0, train/loss_step=0.242, train/loss_epoch=0.265]
Training:   0%|          | 0/1960 [00:00<?, ?it/s]
******** iteration 9 ********
first training example inputs <s>2x2 background=6 8=0,0 4=1,1|2x2 background=9 3=1,1 4=1,0 7=0,0
2x2 background=6 8=0,0 4=1,1|2x2 background=9 3=1,1 4=1,0 7=0,0
first training example labels <s>O = multiply(I, ONE)</s>
                                   
Epoch 9: 100%|██████████| 2211/2211 [13:46<00:00,  2.68it/s, v_num=0, train/loss_step=0.231, train/loss_epoch=0.248]
Training:   0%|          | 0/2211 [00:00<?, ?it/s]
******** iteration 10 ********
first training example inputs <s>2x2 background=6 8=0,0 4=1,1|2x2 background=9 3=1,1 4=1,0 7=0,0
2x2 background=6 8=0,0 4=1,1|2x2 background=9 3=1,1 4=1,0 7=0,0
first training example labels <s>O = multiply(I, ONE)</s>
                                   
Epoch 10: 100%|██████████| 2488/2488 [15:33<00:00,  2.67it/s, v_num=0, train/loss_step=0.221, train/loss_epoch=0.233]
Training:   0%|          | 0/2488 [00:00<?, ?it/s]
eval_code took longer than 0.25 seconds
eval_code took longer than 0.25 seconds
eval_code took longer than 0.25 seconds
eval_code took longer than 0.25 seconds
eval_code took longer than 0.25 seconds
eval_code took longer than 0.25 seconds
******** iteration 11 ********
first training example inputs <s>2x2 background=6 8=0,0 4=1,1|2x2 background=9 3=1,1 4=1,0 7=0,0
2x2 background=6 8=0,0 4=1,1|2x2 background=9 3=1,1 4=1,0 7=0,0
first training example labels <s>O = multiply(I, ONE)</s>
                                   
Epoch 11: 100%|██████████| 2785/2785 [17:21<00:00,  2.67it/s, v_num=0, train/loss_step=0.261, train/loss_epoch=0.219]
Training:   0%|          | 0/2785 [00:00<?, ?it/s]
******** iteration 12 ********
first training example inputs <s>2x2 background=6 8=0,0 4=1,1|2x2 background=9 3=1,1 4=1,0 7=0,0
2x2 background=6 8=0,0 4=1,1|2x2 background=9 3=1,1 4=1,0 7=0,0
first training example labels <s>O = multiply(I, ONE)</s>
                                   
Epoch 12: 100%|██████████| 3119/3119 [19:41<00:00,  2.64it/s, v_num=0, train/loss_step=0.210, train/loss_epoch=0.208]
Training:   0%|          | 0/3119 [00:00<?, ?it/s]
******** iteration 13 ********
first training example inputs <s>2x2 background=6 8=0,0 4=1,1|2x2 background=9 3=1,1 4=1,0 7=0,0
2x2 background=6 8=0,0 4=1,1|2x2 background=9 3=1,1 4=1,0 7=0,0
first training example labels <s>O = multiply(I, ONE)</s>
                                   
Epoch 13: 100%|██████████| 3455/3455 [29:42<00:00,  1.94it/s, v_num=0, train/loss_step=0.227, train/loss_epoch=0.200]
Training:   0%|          | 0/3455 [00:00<?, ?it/s]
******** iteration 14 ********
first training example inputs <s>2x2 background=6 8=0,0 4=1,1|2x2 background=9 3=1,1 4=1,0 7=0,0
2x2 background=6 8=0,0 4=1,1|2x2 background=9 3=1,1 4=1,0 7=0,0
first training example labels <s>O = multiply(I, ONE)</s>
                                   
Epoch 14: 100%|██████████| 3739/3739 [23:28<00:00,  2.65it/s, v_num=0, train/loss_step=0.170, train/loss_epoch=0.193]
Training:   0%|          | 0/3739 [00:00<?, ?it/s]
******** iteration 15 ********
first training example inputs <s>2x2 background=6 8=0,0 4=1,1|2x2 background=9 3=1,1 4=1,0 7=0,0
2x2 background=6 8=0,0 4=1,1|2x2 background=9 3=1,1 4=1,0 7=0,0
first training example labels <s>O = multiply(I, ONE)</s>
                                   
Epoch 15: 100%|██████████| 4055/4055 [25:29<00:00,  2.65it/s, v_num=0, train/loss_step=0.212, train/loss_epoch=0.187]
Training:   0%|          | 0/4055 [00:00<?, ?it/s]
******** iteration 16 ********
first training example inputs <s>2x2 background=6 8=0,0 4=1,1|2x2 background=9 3=1,1 4=1,0 7=0,0
2x2 background=6 8=0,0 4=1,1|2x2 background=9 3=1,1 4=1,0 7=0,0
first training example labels <s>O = multiply(I, ONE)</s>
                                   
Epoch 16: 100%|██████████| 4355/4355 [27:24<00:00,  2.65it/s, v_num=0, train/loss_step=0.141, train/loss_epoch=0.182]
Training:   0%|          | 0/4355 [00:00<?, ?it/s]
******** iteration 17 ********
first training example inputs <s>2x2 background=6 8=0,0 4=1,1|2x2 background=9 3=1,1 4=1,0 7=0,0
2x2 background=6 8=0,0 4=1,1|2x2 background=9 3=1,1 4=1,0 7=0,0
first training example labels <s>O = multiply(I, ONE)</s>
                                   
Epoch 17: 100%|██████████| 4635/4635 [29:11<00:00,  2.65it/s, v_num=0, train/loss_step=0.222, train/loss_epoch=0.176]
Training:   0%|          | 0/4635 [00:00<?, ?it/s]
******** iteration 18 ********
first training example inputs <s>2x2 background=6 8=0,0 4=1,1|2x2 background=9 3=1,1 4=1,0 7=0,0
2x2 background=6 8=0,0 4=1,1|2x2 background=9 3=1,1 4=1,0 7=0,0
first training example labels <s>O = multiply(I, ONE)</s>
                                   
Epoch 18: 100%|██████████| 4909/4909 [30:55<00:00,  2.65it/s, v_num=0, train/loss_step=0.180, train/loss_epoch=0.171]
Training:   0%|          | 0/4909 [00:00<?, ?it/s]
******** iteration 19 ********
first training example inputs <s>2x2 background=6 8=0,0 4=1,1|2x2 background=9 3=1,1 4=1,0 7=0,0
2x2 background=6 8=0,0 4=1,1|2x2 background=9 3=1,1 4=1,0 7=0,0
first training example labels <s>O = multiply(I, ONE)</s>
                                   
Epoch 19: 100%|██████████| 5189/5189 [32:43<00:00,  2.64it/s, v_num=0, train/loss_step=0.0476, train/loss_epoch=0.166]
Training:   0%|          | 0/5189 [00:00<?, ?it/s]
******** iteration 20 ********
first training example inputs <s>2x2 background=6 8=0,0 4=1,1|2x2 background=9 3=1,1 4=1,0 7=0,0
2x2 background=6 8=0,0 4=1,1|2x2 background=9 3=1,1 4=1,0 7=0,0
first training example labels <s>O = multiply(I, ONE)</s>
                                   
Epoch 20: 100%|██████████| 5489/5489 [34:38<00:00,  2.64it/s, v_num=0, train/loss_step=0.257, train/loss_epoch=0.162]
Training:   0%|          | 0/5489 [00:00<?, ?it/s]
eval_code took longer than 0.25 seconds
eval_code took longer than 0.25 seconds
******** iteration 21 ********
first training example inputs <s>2x2 background=6 8=0,0 4=1,1|2x2 background=9 3=1,1 4=1,0 7=0,0
2x2 background=6 8=0,0 4=1,1|2x2 background=9 3=1,1 4=1,0 7=0,0
first training example labels <s>O = multiply(I, ONE)</s>
                                   
Epoch 21: 100%|██████████| 5800/5800 [36:34<00:00,  2.64it/s, v_num=0, train/loss_step=0.147, train/loss_epoch=0.158]
Training:   0%|          | 0/5800 [00:00<?, ?it/s]
eval_code took longer than 0.25 seconds
eval_code took longer than 0.25 seconds
eval_code took longer than 0.25 seconds
******** iteration 22 ********
first training example inputs <s>2x2 background=6 8=0,0 4=1,1|2x2 background=9 3=1,1 4=1,0 7=0,0
2x2 background=6 8=0,0 4=1,1|2x2 background=9 3=1,1 4=1,0 7=0,0
first training example labels <s>O = multiply(I, ONE)</s>
                                   
Epoch 22: 100%|██████████| 6067/6067 [38:15<00:00,  2.64it/s, v_num=0, train/loss_step=0.132, train/loss_epoch=0.154]
Training:   0%|          | 0/6067 [00:00<?, ?it/s]
******** iteration 23 ********
first training example inputs <s>24x24 background=5 0=2,15 2,16 4,12 3,16 2,13 4,15 3,13 3,19 2,19 4,18 2,14 4,16 3,14 2,17 4,13 4,19 3,17 2,12 2,18 4,14 3,12 3,18 4,17 3,15 1=12,1 22,5 22,11 5,1 5,7 12,22 5,16 2,2 5,22 16,1 1,12 1,18 7,1 18,1 18,7 22,1 18,16 16,22 2,21 22,7 7,22 18,22 21,21 22,16 22,22 11,1 13,4 1,5 1,11 11,22 13,19 21,2 16,18 7,18 22,12 4,4 4,10 22,18 19,4 10,4 1,1 19,10 19,13 19,19 1,7 16,5 10,19 1,16 7,5 1,22 2=15,21 14,4 4,9 3,10 14,19 19,9 9,14 10,3 8,12 11,8 8,21 15,2 2,8 16,7 15,11 7,7 16,16 13,20 7,16 20,13 20,10 21,15 14,9 12,15 8,2 8,11 9,4 19,14 9,19 10,20 21,8 12,8 14,14 9,9 13,3 11,15 15,12 3=8,8 9,16 14,7 16,9 14,16 7,9 12,11 8,15 11,11 7,14 15,8 11,12 12,12 16,14 9,7 15,15 4=23,1 3,4 4,3 3,1 21,19 20,23 22,20 20,20 22,23 4,21 19,3 23,22 3,22 1,0 1,3 19,21 0,20 20,4 2,20 21,3 20,1 4,2 3,0 23,3 3,3 20,19 20,22 19,2 3,21 4,20 0,1 2,4 19,20 1,20 0,22 1,23 20,0 20,3
3x8 background=5 1=2,1 2,7 2=1,1 0,3 2,2 4=0,7 1,7 6=1,0 2,0 1,4 9=0,1 2,3 0,4 1,5 1,6|4x3 background=9 2=3,0 4=1,1 1,2 6=0,0 7=3,1 3,2 8=2,0|5x6 background=2 1=0,1 0,4 2,1 1,3 3,5 4,2 3,0 4=3,4 5=4,4 4,5 2,5 6=4,1 3,1 3,2 0,3 2,0 8=4,3 2,4 0,2 3,3 0,0 1,0|6x7 background=4 1=2,3 5,0 0,5 3,2 0,6 2=5,6 3=1,5 5,1 0,0 5=0,1 4,4 1,2 0,4 2,1 4,0 1,0 6=1,6 4,6 2,6 3,6 8=2,4 3,4 4,3 3,1 5,4 4,2 4,5 2,2 1,3|8x5 background=2 3=3,1 6,3 2,0 5=4,4 0,4 3,4 4,3 7,0 1,4 6=7,4 1,0 5,4 4,1 3,2 4,2 5,2 7=0,1 5,0 0,3 2,3 8=2,4 4,0 6,2 7,1 6,1 7,3 3,0 9=0,2 6,0 2,2 1,1 1,3
first training example labels <s>x1 = vmirror(I)
x2 = cmirror(x1)
x3 = ofcolor(I, ZERO)
x4 = subgrid(x3, x1)
x5 = subgrid(x3, x2)
x6 = palette(x4)
x7 = contained(ZERO, x6)
O = branch(x7, x5, x4)</s>
                                   
Epoch 23: 100%|██████████| 6250/6250 [39:31<00:00,  2.64it/s, v_num=0, train/loss_step=0.154, train/loss_epoch=0.150]
Training:   0%|          | 0/6250 [00:00<?, ?it/s]
eval_code took longer than 0.25 seconds
eval_code took longer than 0.25 seconds
eval_code took longer than 0.25 seconds
eval_code took longer than 0.25 seconds
******** iteration 24 ********
first training example inputs <s>10x13 background=0 2=4,10 6,2 3,11 4,11 5,4 6,3 7,3 3=7,10 1,1 8,10 2,3 8,9 7,2 2,2 1,3 7,8 5,2 5=7,9 0,2 1,2 5,3 6,9 7=2,10 3,9 3,10 8=0,4 6,10 6,11 0,3 1,4 7,11|15x13 background=0 1=1,2 5,6 4,8 1,3 4,7 2=6,7 2,1 2,2 3,2 5,7 3=3,1 4,1 4=13,9 13,10 14,9 5=13,3 8,3 13,4 8,4 13,2 8,2 6=11,9 12,8 12,9 8=12,4 7,4 11,10 12,10 11,3 12,3 7,3 2,3 10,10 3,3 12,2 7,2 6,3|15x15 background=0 2=0,2 1,3 3=6,7 10,3 6,6 6,8 10,1 4=11,2 9,2 10,2 5=11,12 12,12 1,11 2,10 13,11 0,11 6=5,7 4,8 5,8 7=1,10 13,12 12,10 12,11 2,11 1,9 8=1,2 0,3 2,1 2,2 9=0,12 1,12 12,13 11,13
3x4 background=3 0=2,3 2,0 0,0 8=0,2 0,3 1,3 5=0,1 1,1|4x3 background=0 8=1,2 2,2 2=1,0 1,1 2,1 3=2,0 3,0|3x4 background=0 9=0,3 1,3 5=0,2 1,2 2,1 7=1,0 1,1 2,2
first training example labels <s>x1 = greater(SIX, SIX)
x2 = objects(I, x1, F, T)
x3 = argmax(x2, size)
x4 = subgrid(x3, I)
O = replace(x4, ONE, ZERO)</s>
                                   
Epoch 24: 100%|██████████| 6250/6250 [39:35<00:00,  2.63it/s, v_num=0, train/loss_step=0.162, train/loss_epoch=0.147]
Training:   0%|          | 0/6250 [00:00<?, ?it/s]
eval_code took longer than 0.25 seconds
eval_code took longer than 0.25 seconds
eval_code took longer than 0.25 seconds
******** iteration 25 ********
first training example inputs <s>12x11 background=0 1=3,4 3,1 9,5 8,9 9,8 1,3 7,4 7,7 6,5 6,8 3,3 9,7 8,5 9,4 8,8 2,4 1,2 2,1 6,4 7,9 6,7 7,6 3,2 8,4 9,9 8,7 1,1 9,6 2,3 6,6 7,5 6,9 7,8 4=1,4 2,2 6=8,6|22x20 background=0 1=12,4 17,3 17,12 11,5 2,2 13,8 15,5 6,2 6,11 4,2 3,6 5,3 17,5 5,12 8,11 17,14 11,7 2,4 15,7 6,4 16,6 18,3 16,15 7,12 14,8 5,5 5,14 17,16 13,3 13,12 6,6 16,8 18,5 7,14 18,14 12,13 5,7 11,2 9,14 13,5 15,2 10,15 13,14 18,7 18,16 12,6 14,3 17,2 12,15 4,11 11,4 13,7 15,4 16,3 16,12 12,8 3,5 5,2 4,4 5,11 4,13 8,13 15,6 2,6 16,5 18,2 16,14 7,11 6,15 3,7 14,7 5,13 4,15 13,2 8,15 10,12 13,11 11,11 16,7 18,4 16,16 12,3 12,12 5,6 10,14 11,13 12,5 3,2 14,2 12,14 17,13 11,6 2,3 16,2 11,15 6,3 6,12 3,4 14,4 4,3 4,12 17,6 8,12 9,11 11,8 2,5 16,4 15,8 6,5 6,14 7,13 18,13 14,6 4,5 4,14 17,8 5,15 10,11 9,13 13,13 6,7 18,6 12,2 7,15 18,15 12,11 4,7 11
4x6 background=1 6=2,2|8x7 background=1 4=6,2 2,2 1,5 6=3,3 6,5|8x10 background=1 4=6,1 2,8 6=3,7 3,3 0,4 5,5|10x6 background=1 4=3,3 6,4 6=1,2 5,1 7,2|7x5 background=1 4=2,1 4,2
first training example labels <s>x1 = objects(I, F, F, T)
x2 = trim(I)
x3 = argmax(x1, size)
x4 = subgrid(x3, I)
O = replace(x4, FIVE, ZERO)</s>
                                   
Epoch 25: 100%|██████████| 6250/6250 [39:31<00:00,  2.64it/s, v_num=0, train/loss_step=0.138, train/loss_epoch=0.144]
Training:   0%|          | 0/6250 [00:00<?, ?it/s]
******** iteration 26 ********
first training example inputs <s>3x3 background=0 1=2,1 2=1,0 2,0 5=1,1 6=0,0|7x9 background=0 1=5,1 2=3,3 3=3,2 4,2 4,3 4=5,2 5=3,4|9x9 background=0 1=3,1 3,0 2=4,0 3=2,1 2,2 5=2,3
3x3 background=0 1=0,1 2=0,2 1,2 5=1,1 6=2,2|7x9 background=0 1=1,7 2=3,5 3=2,5 2,6 3,6 4=1,6 5=3,4|9x9 background=0 1=5,7 5,8 2=4,8 3=6,6 6,7 5=6,5
first training example labels <s>x1 = rot90(I)
O = rot180(I)</s>
                                   
Epoch 26: 100%|██████████| 6250/6250 [39:32<00:00,  2.63it/s, v_num=0, train/loss_step=0.157, train/loss_epoch=0.141]
Training:   0%|          | 0/6250 [00:00<?, ?it/s]
******** iteration 27 ********
first training example inputs <s>3x3 background=0 3=0,1 7=1,1 1,2|4x4 background=0 8=1,1 0,2 5=2,3 1,2 1,3
6x6 background=0 3=1,2 0,2 0,3 1,3 7=2,4 3,4 2,3 3,3 2,2 3,2 2,5 3,5|8x8 background=0 8=0,4 1,5 1,4 2,3 3,3 0,5 2,2 3,2 5=2,4 3,4 2,7 3,7 4,6 5,7 2,6 5,6 3,6 2,5 4,7 3,5
first training example labels <s>x1 = objects(I, T, T, T)
x2 = sizefilter(x1, TWO)
x3 = merge(x2)
O = upscale(I, TWO)</s>
                                   
Epoch 27: 100%|██████████| 6250/6250 [39:34<00:00,  2.63it/s, v_num=0, train/loss_step=0.210, train/loss_epoch=0.138]
Training:   0%|          | 0/6250 [00:00<?, ?it/s]
******** iteration 28 ********
first training example inputs <s>3x3 background=0 1=2,1 2=1,0 2,0 5=1,1 6=0,0|7x9 background=0 1=5,1 2=3,3 3=3,2 4,2 4,3 4=5,2 5=3,4|9x9 background=0 1=3,1 3,0 2=4,0 3=2,1 2,2 5=2,3
3x3 background=0 1=0,1 2=0,2 1,2 5=1,1 6=2,2|7x9 background=0 1=1,7 2=3,5 3=2,5 2,6 3,6 4=1,6 5=3,4|9x9 background=0 1=5,7 5,8 2=4,8 3=6,6 6,7 5=6,5
first training example labels <s>x1 = objects(I, T, F, F)
x2 = partition(I)
x3 = argmax(x2, size)
O = rot180(I)</s>
                                   
Epoch 28: 100%|██████████| 6250/6250 [39:37<00:00,  2.63it/s, v_num=0, train/loss_step=0.119, train/loss_epoch=0.136]
Training:   0%|          | 0/6250 [00:00<?, ?it/s]
******** iteration 29 ********
first training example inputs <s>15x15 background=0 1=8,8 6,8 7,8 2=7,9 7,10 8,10 3=10,4 9,2 8,9 6,10 10,3 6,9 11,4 10,2 4=4,10 2,9 3,9 4,9 2,10 6=11,2 11,3 9,3 9,4 7=3,8 3,10 4,8 2,8 8=3,2 3,3 4,2 4,3 9=4,4 2,3 2,4 3,4 2,2|15x15 background=0 1=9,7 10,8 9,9 2=12,4 10,5 11,5 10,4 11,3 11,4 3=12,5 12,3 10,3 4=5,9 6,8 5,8 5=4,4 2,3 2,4 4,5 2,5 6=3,3 4,3 7=11,7 9,8 10,9 11,8 11,9 10,7 8=3,4 3,5 9=4,10 5,10 6,10 4,8 4,9 6,9|15x15 background=0 1=4,10 3,9 3,10 2,8 2=2,10 4,8 3=7,4 8,3 9,4 9,3 8,2 7,3 4=9,10 10,10 10,8 9,9 11,8 11,9 5=2,4 2,2 3,2 1,3 1,4 6=4,9 2,9 3,8 7=2,3 1,2 3,3 3,4 8=8,4 9,2 7,2 9=10,9 9,8 11,10
3x3 background=9 8=1,0 1,1 2,0 2,1|3x3 background=7 1=1,1 0,2 0,0|3x3 background=1 2=0,2 2,0 6=0,1 1,0 2,1
first training example labels <s>x1 = objects(I, F, T, T)
x2 = first(x1)
x3 = subgrid(x2, I)
O = replace(x3, FIVE, ONE)</s>
                                   
Epoch 29: 100%|██████████| 6250/6250 [39:38<00:00,  2.63it/s, v_num=0, train/loss_step=0.143, train/loss_epoch=0.134]
Training:   0%|          | 0/6250 [00:00<?, ?it/s]
eval_code took longer than 0.25 seconds
******** iteration 30 ********
first training example inputs <s>3x3 background=0 3=0,1 7=1,1 1,2|4x4 background=0 8=1,1 0,2 5=2,3 1,2 1,3
6x6 background=0 3=1,2 0,2 0,3 1,3 7=2,4 3,4 2,3 3,3 2,2 3,2 2,5 3,5|8x8 background=0 8=0,4 1,5 1,4 2,3 3,3 0,5 2,2 3,2 5=2,4 3,4 2,7 3,7 4,6 5,7 2,6 5,6 3,6 2,5 4,7 3,5
first training example labels <s>x1 = ofcolor(I, FIVE)
O = upscale(I, TWO)</s>
                                   
Epoch 30: 100%|██████████| 6250/6250 [39:42<00:00,  2.62it/s, v_num=0, train/loss_step=0.145, train/loss_epoch=0.132]
Training:   0%|          | 0/6250 [00:00<?, ?it/s]
******** iteration 31 ********
first training example inputs <s>6x6 background=0 2=0,1 0,0 1,5 3,1 1,1 4,3 5,3 5,1 2,3 4,5 0,5 1,0 5,2|10x8 background=0 2=2,1 1,5 3,7 5,1 8,0 7,3 8,3 8,6 2,2 1,0 1,6 2,5 5,2 9,0 6,5 8,7 1,1 2,6 7,2 3,6 5,3 8,2|10x9 background=0 2=6,2 1,2 7,7 2,7 9,3 8,7 6,1 1,1 2,6 3,6 2,2 5,3 3,5|10x12 background=0 2=1,2 2,1 2,7 3,1 3,7 6,1 3,10 6,4 7,9 9,5 6,10 2,2 1,0 1,6 3,2 4,10 5,5 6,5 6,11 8,7 7,10 1,1 9,6 8,10 3,3 2,6 3,6 8,2 7,11 6,9
6x6 background=0 2=0,1 0,0 1,5 3,1 1,1 2,3 4,5 0,5 1,0 6=5,3 5,2 5,1 4,3|10x8 background=0 2=2,1 5,1 8,0 7,3 8,3 8,6 2,2 1,0 5,2 9,0 6,5 8,7 1,1 7,2 5,3 8,2 6=2,6 3,6 1,5 3,7 1,6 2,5|10x9 background=0 2=6,2 1,2 7,7 9,3 8,7 6,1 1,1 2,2 5,3 6=2,6 3,5 2,7 3,6|10x12 background=0 2=2,7 3,7 6,1 3,10 6,4 7,9 9,5 6,10 1,6 4,10 5,5 6,5 6,11 8,7 7,10 9,6 8,10 2,6 3,6 8,2 7,11 6,9 6=1,2 2,1 3,1 1,1 3,3 2,2 1,0 3,2
first training example labels <s>x1 = objects(I, T, T, T)
x2 = colorfilter(x1, TWO)
x3 = argmin(x1, size)
x4 = argmax(x1, size)
O = fill(I, SIX, x4)</s>
                                   
Epoch 31: 100%|██████████| 6250/6250 [39:42<00:00,  2.62it/s, v_num=0, train/loss_step=0.121, train/loss_epoch=0.130]
Training:   0%|          | 0/6250 [00:00<?, ?it/s]
******** iteration 32 ********
first training example inputs <s>3x3 background=0 3=0,1 7=1,1 1,2|4x4 background=0 8=1,1 0,2 5=2,3 1,2 1,3
6x6 background=0 3=1,2 0,2 0,3 1,3 7=2,4 3,4 2,3 3,3 2,2 3,2 2,5 3,5|8x8 background=0 8=0,4 1,5 1,4 2,3 3,3 0,5 2,2 3,2 5=2,4 3,4 2,7 3,7 4,6 5,7 2,6 5,6 3,6 2,5 4,7 3,5
first training example labels <s>x1 = rot90(I)
O = upscale(I, TWO)</s>
                                   
Epoch 32: 100%|██████████| 6250/6250 [39:41<00:00,  2.62it/s, v_num=0, train/loss_step=0.218, train/loss_epoch=0.128]
Training:   0%|          | 0/6250 [00:00<?, ?it/s]
******** iteration 33 ********
first training example inputs <s>4x9 background=0 1=1,0 2,1 3,1 3,2 0,3 2,0 3,0 2=0,7 3,8 2,7 1,8 0,6 1,7 0,5 1,6 2,8 5=2,4 0,4 3,4 1,4|4x9 background=0 1=1,0 2,1 3,1 3,2 0,3 2,0 3,0 2=2,7 1,5 3,7 0,6 2,6 0,5 3,6 1,6 5=2,4 0,4 3,4 1,4|4x9 background=0 1=0,1 0,0 3,1 2,0 3,0 2,3 1,0 1,3 3=0,7 3,8 2,7 3,7 1,7 2,6 1,6 0,8 5=2,4 0,4 3,4 1,4|4x9 background=0 1=0,1 0,0 3,1 0,3 2,0 3,0 2,3 0,2 3,3 1,0 3,2 1,3 5=2,4 0,4 3,4 1,4 6=1,6 1,7 2,6 2,7|4x9 background=0 1=0,1 0,0 3,1 0,3 2,0 3,0 2,3 0,2 3,3 1,0 3,2 1,3 2=1,6 1,5 0,5 0,6 5=2,4 0,4 3,4 1,4|4x9 background=0 1=0,1 0,0 0,3 2,0 3,0 2,3 0,2 3,3 1,0 1,3 3=0,5 1,5 1,6 2,5 0,6 5=2,4 0,4 3,4 1,4|4x9 background=0 1=0,1 0,0 0,3 2,0 3,0 2,3 0,2 2,2 1,0 3,2 5=2,4 0,4 3,4 1,4 7=3,8 1,7 2,6 3,6 1,6 1,8
4x4 background=0 1=1,0 2,1 3,1 3,2 0,3 2,0 3,0|4x4 background=0 1=1,0 2,1 3,1 3,2 0,3 2,0 3,0|4x4 background=0 1=0,1 0,0 3,1 2,0 3,0 2,3 1,0 1,3|4x4 background=1 0=1,1 1,2 2,1 2,2|4x4 background=1 0=1,1 1,2 2,1 2,2|4x4 background=1 0=1,2 2,1 2,2 3,1 1,1 3,2|4x4 background=1 0=1,2 3,3 2,1 3,1 1,1 1,3
first training example labels <s>x1 = switch(I, THREE, ZERO)
x2 = switch(x1, EIGHT, TWO)
x3 = switch(x2, ONE, ZERO)
O = lefthalf(I)</s>
                                   
Epoch 33: 100%|██████████| 6250/6250 [39:45<00:00,  2.62it/s, v_num=0, train/loss_step=0.128, train/loss_epoch=0.126]
Training:   0%|          | 0/6250 [00:00<?, ?it/s]
eval_code took longer than 0.25 seconds
******** iteration 34 ********
first training example inputs <s>14x18 background=0 7=12,4 4,9 5,4 4,6 5,13 3,13 5,10 10,6 11,5 2,2 8,6 10,3 11,14 2,11 8,15 10,12 6,11 4,2 12,3 12,12 3,9 5,6 3,6 5,3 11,7 2,4 10,5 1,2 11,16 10,14 2,10 6,13 6,10 12,5 3,2 12,14 3,11 5,5 8,4 9,3 9,12 10,7 1,4 11,6 2,3 10,16 11,15 2,12 6,12 12,7 3,4 4,3 12,16 12,13 3,10 4,12 9,5 8,3 9,14 8,12 1,6 1,3 12,6 4,5 12,15 3,12 5,9 4,11 9,7 11,4 8,5 9,4 9,16 8,14 1,5 2,13 3,5 5,2 4,4 5,11 4,13 8,7 11,3 8,16 10,13 9,15 8,13 11,12 2,9 2,6 6,9|15x19 background=0 8=4,9 5,4 5,1 3,16 4,15 5,10 11,5 10,3 0,14 2,11 11,14 8,15 10,12 2,8 1,18 6,11 6,8 12,3 12,12 4,8 5,3 3,18 4,17 5,12 11,7 10,5 1,2 13,4 2,1 0,16 11,16 10,14 11,13 2,10 1,17 6,10 12,5 3,2 4,1 12,14 4,10 3,8 5,5 9,3 3,17 9,12 10,7 1,4 11,6 2,3 13,3 10,16 0,15 2,12 6,12 12,7 3,4 4,3 3,1 12,16 12,13 3,10 4,12 9,5 4,18 9,14 8,12 2,5 1,3 13,5 0,17 10,15 2,14 4,
5x5 background=7 0=1,3 2,1|5x5 background=8 0=3,1 1,1 3,3 1,3|5x5 background=0|5x5 background=2 0=1,1 1,3
first training example labels <s>x1 = objects(I, F, F, T)
x2 = first(x1)
x3 = subgrid(x2, I)
O = replace(x3, SIX, ZERO)</s>
                                   
Epoch 34: 100%|██████████| 6250/6250 [39:44<00:00,  2.62it/s, v_num=0, train/loss_step=0.109, train/loss_epoch=0.124]
Training:   0%|          | 0/6250 [00:00<?, ?it/s]
******** iteration 35 ********
first training example inputs <s>8x12 background=0 8=6,2 1,3 3,9|10x20 background=0 8=8,10 2,16 1,3|11x13 background=0 8=9,10 6,2 1,8
8x12 background=0 1=1,2 1,5 4,9 1,8 6,4 6,7 2,2 1,6 3,2 1,9 5,2 6,5 6,8 4,2 1,4 2,9 1,7 6,6 5,9 6,3 6,9 8=6,2 1,3 3,9|10x20 background=0 8=8,10 2,16 1,3 1=4,3 3,16 8,3 5,16 8,9 8,6 8,12 1,6 8,15 1,9 1,12 1,15 7,16 3,3 5,3 8,5 8,11 8,8 8,14 1,5 1,11 1,8 1,14 7,3 6,16 4,16 8,4 8,7 8,16 1,4 2,3 8,13 1,7 1,13 1,10 1,16 6,3|11x13 background=0 1=1,2 1,5 2,10 3,10 9,2 9,5 5,10 9,8 6,10 2,2 1,6 3,2 1,3 1,9 5,2 4,10 9,3 9,9 7,10 9,6 8,10 4,2 1,4 1,7 1,10 7,2 8,2 9,7 9,4 8=9,10 6,2 1,8
first training example labels <s>x1 = ofcolor(I, EIGHT)
x2 = ofcolor(I, TWO)
x3 = box(x1)
O = underfill(I, ONE, x3)</s>
                                   
Epoch 35: 100%|██████████| 6250/6250 [39:47<00:00,  2.62it/s, v_num=0, train/loss_step=0.128, train/loss_epoch=0.123]
Training:   0%|          | 0/6250 [00:00<?, ?it/s]
******** iteration 36 ********
first training example inputs <s>6x6 background=0 1=0,4 2,2 2=0,2 2,0 0,0 3=4,0|6x6 background=0 1=4,2 2=0,4 3=0,0 8=2,4 2,0|6x6 background=0 1=0,0 2=2,2 6=4,4 4,0
3x3 background=0 1=1,1 0,2 2=0,1 1,0 0,0 3=2,0|3x3 background=0 1=2,1 2=0,2 3=0,0 8=1,0 1,2|3x3 background=0 1=0,0 2=1,1 6=2,0 2,2
first training example labels <s>x1 = objects(I, F, T, T)
x2 = first(x1)
O = downscale(I, TWO)</s>
                                   
Epoch 36: 100%|██████████| 6250/6250 [39:51<00:00,  2.61it/s, v_num=0, train/loss_step=0.195, train/loss_epoch=0.122]
Training:   0%|          | 0/6250 [00:00<?, ?it/s]
******** iteration 37 ********
first training example inputs <s>6x6 background=0 1=0,4 2,2 2=0,2 2,0 0,0 3=4,0|6x6 background=0 1=4,2 2=0,4 3=0,0 8=2,4 2,0|6x6 background=0 1=0,0 2=2,2 6=4,4 4,0
3x3 background=0 1=1,1 0,2 2=0,1 1,0 0,0 3=2,0|3x3 background=0 1=2,1 2=0,2 3=0,0 8=1,0 1,2|3x3 background=0 1=0,0 2=1,1 6=2,0 2,2
first training example labels <s>x1 = objects(I, T, F, F)
x2 = colorfilter(x1, FIVE)
O = compress(I)</s>
                                   
Epoch 37: 100%|██████████| 6250/6250 [39:52<00:00,  2.61it/s, v_num=0, train/loss_step=0.141, train/loss_epoch=0.120]
Training:   0%|          | 0/6250 [00:00<?, ?it/s]
******** iteration 38 ********
first training example inputs <s>3x3 background=0 1=0,1 2,1 3=1,0 1,1 1,2
1x1 background=3
first training example labels <s>x1 = colorcount(I, ZERO)
x2 = decrement(x1)
O = canvas(x2, UNITY)</s>
                                   
Epoch 38: 100%|██████████| 6250/6250 [39:49<00:00,  2.62it/s, v_num=0, train/loss_step=0.124, train/loss_epoch=0.119]
Training:   0%|          | 0/6250 [00:00<?, ?it/s]
eval_code took longer than 0.25 seconds
eval_code took longer than 0.25 seconds
eval_code took longer than 0.25 seconds
******** iteration 39 ********
first training example inputs <s>12x11 background=0 1=3,4 3,1 9,5 8,9 9,8 1,3 7,4 7,7 6,5 6,8 3,3 9,7 8,5 9,4 8,8 2,4 1,2 2,1 6,4 7,9 6,7 7,6 3,2 8,4 9,9 8,7 1,1 9,6 2,3 6,6 7,5 6,9 7,8 4=1,4 2,2 6=8,6|22x20 background=0 1=12,4 17,3 17,12 11,5 2,2 13,8 15,5 6,2 6,11 4,2 3,6 5,3 17,5 5,12 8,11 17,14 11,7 2,4 15,7 6,4 16,6 18,3 16,15 7,12 14,8 5,5 5,14 17,16 13,3 13,12 6,6 16,8 18,5 7,14 18,14 12,13 5,7 11,2 9,14 13,5 15,2 10,15 13,14 18,7 18,16 12,6 14,3 17,2 12,15 4,11 11,4 13,7 15,4 16,3 16,12 12,8 3,5 5,2 4,4 5,11 4,13 8,13 15,6 2,6 16,5 18,2 16,14 7,11 6,15 3,7 14,7 5,13 4,15 13,2 8,15 10,12 13,11 11,11 16,7 18,4 16,16 12,3 12,12 5,6 10,14 11,13 12,5 3,2 14,2 12,14 17,13 11,6 2,3 16,2 11,15 6,3 6,12 3,4 14,4 4,3 4,12 17,6 8,12 9,11 11,8 2,5 16,4 15,8 6,5 6,14 7,13 18,13 14,6 4,5 4,14 17,8 5,15 10,11 9,13 13,13 6,7 18,6 12,2 7,15 18,15 12,11 4,7 11
4x6 background=1 6=2,2|8x7 background=1 4=6,2 2,2 1,5 6=3,3 6,5|3x3 background=1 4=2,0 6=0,1 2,2|10x6 background=1 4=3,3 6,4 6=1,2 5,1 7,2|5x6 background=1 4=0,1 4,4 6=2,4 2,2
first training example labels <s>x1 = leastcolor(I)
x2 = objects(I, F, F, T)
x3 = compose(size, delta)
x4 = argmax(x2, x3)
O = subgrid(x4, I)</s>
                                   
Epoch 39: 100%|██████████| 6250/6250 [39:48<00:00,  2.62it/s, v_num=0, train/loss_step=0.121, train/loss_epoch=0.118]
Training:   0%|          | 0/6250 [00:00<?, ?it/s]
******** iteration 40 ********
first training example inputs <s>13x4 background=0 2=0,1 2,1 3,1 5,3 4,2 3,0 2,3 0,2 3,3 1,0 3,2 5,2 6=11,1 9,0 7,1 9,3 11,3 10,1 9,2 11,2 10,0 12,2 7,2 10,3 9,1 7=6,1 6,2 6,3 6,0|13x4 background=0 2=0,1 1,2 2,1 0,0 3,1 4,1 5,3 0,3 2,0 4,2 3,3 5,0 1,0 1,3 6=11,1 8,1 11,0 12,0 7,0 7,3 12,2 7,2 10,3 7=6,1 6,2 6,3 6,0|13x4 background=0 2=4,0 2,1 0,3 5,1 4,2 2,3 3,3 2,2 1,0 5,2 6=9,3 11,0 7,0 11,3 9,2 8,0 7,3 8,3 10,0 12,2 7,2 9,1 7=6,1 6,2 6,3 6,0|13x4 background=0 2=0,1 1,2 2,1 0,0 4,3 1,1 2,0 5,1 3,0 5,0 6=11,1 9,0 7,1 11,0 7,0 8,0 7,3 8,3 12,2 7,2 8,2 9,1 7=6,1 6,2 6,3 6,0
6x4 background=0 8=1,2 4,0 0,0 1,1 0,3 5,1 5,0 1,3|6x4 background=0 8=2,3 2,2 4,3 3,2 5,1 3,0|6x4 background=0 8=0,1 1,2 3,1 1,1 2,0 5,0 5,3 3,2 4,1|6x4 background=0 8=2,3 3,3 2,2 3,1 5,3 3,2 4,2
first training example labels <s>x1 = bottomhalf(I)
x2 = ofcolor(I, ZERO)
x3 = ofcolor(x1, ZERO)
x4 = astuple(SIX, FOUR)
x5 = canvas(ZERO, x4)
x6 = intersection(x2, x3)
O = fill(x5, EIGHT, x6)</s>
                                   
Epoch 40: 100%|██████████| 6250/6250 [39:54<00:00,  2.61it/s, v_num=0, train/loss_step=0.104, train/loss_epoch=0.117]
Training:   0%|          | 0/6250 [00:00<?, ?it/s]
******** iteration 41 ********
first training example inputs <s>5x9 background=0 5=1,2 2,7 1,5 3,7 1,1 1,7 3,3 2,2 1,6 3,2 2,5 3,5|5x9 background=0 5=1,2 2,7 1,5 3,1 1,7 3,6 2,2 3,2 2,5 1,3 3,5|5x9 background=0 5=1,2 2,7 1,5 3,7 1,1 1,7 2,6 2,2 3,2 1,3 3,5|5x9 background=0 5=1,2 2,7 1,5 1,1 1,7 2,6 3,6 2,2 3,2 2,5 1,3 3,5|5x9 background=0 5=1,2 2,7 1,5 1,1 3,3 2,6 3,6 2,2 1,6 3,2|5x9 background=0 5=1,2 2,7 1,5 1,1 3,3 2,6 2,2 3,2 3,5
3x3 background=2 0=1,1 2,1|3x3 background=2 0=0,1 1,1 2,2|3x3 background=2 0=0,1 1,0 2,1|3x3 background=2 0=0,1 2,2|3x3 background=2 0=1,0 0,2 1,2 2,0|3x3 background=2 0=1,0 0,2 1,2 2,0
first training example labels <s>x1 = objects(I, T, T, T)
x2 = argmax(x1, size)
x3 = argmin(x1, size)
x4 = fill(I, TWO, x2)
O = subgrid(x2, x4)</s>
                                   
Epoch 41: 100%|██████████| 6250/6250 [39:49<00:00,  2.62it/s, v_num=0, train/loss_step=0.150, train/loss_epoch=0.116]
Training:   0%|          | 0/6250 [00:00<?, ?it/s]
******** iteration 42 ********
first training example inputs <s>12x4 background=0 3=0,1 4,0 1,1 0,3 5,1 3,0 0,2 3,3 5,3 3,2 1,3 5=11,1 9,0 11,0 6,1 11,3 9,2 10,0 6,3|12x4 background=0 3=0,1 1,2 4,0 2,1 0,0 5,3 0,3 4,2 1,0 3,2 1,3 5=7,1 9,3 11,0 10,1 9,2 8,0 7,3 8,3 10,0 7,2 6,0 9,1 10,2|12x4 background=0 3=0,1 4,0 0,0 5,3 5,1 2,3 3,3 5,0 1,0 3,2 5,2 5=9,0 7,1 9,3 11,0 6,1 7,0 10,1 9,2 8,0 11,2 10,0 8,2 9,1 10,2|12x4 background=0 3=0,1 1,2 4,0 2,1 0,0 3,1 1,1 2,0 4,2 2,3 5,0 3,2 1,3 5=11,1 6,1 7,0 9,2 8,0 7,3 11,2 10,0 6,3 6,2 9,0 7,1 9,3 8,1 7,2 8,2 9,1
6x4 background=0 4=0,1 4,0 1,1 0,3 5,1 3,0 0,2 3,3 5,0 5,3 3,2 1,3|6x4 background=4 0=0,2 5,2 2,2 4,3 5,1 3,0|6x4 background=4 0=0,2 1,2 2,1 4,3 0,3 1,3|6x4 background=4 0=5,3 4,1 4,3
first training example labels <s>x1 = objects(I, T, F, T)
x2 = tophalf(I)
x3 = bottomhalf(I)
x4 = shape(x3)
x5 = ofcolor(x2, ZERO)
x6 = ofcolor(x3, ZERO)
x7 = intersection(x5, x6)
x8 = canvas(FOUR, x4)
O = fill(x8, ZERO, x7)</s>
                                   
Epoch 42: 100%|██████████| 6250/6250 [39:53<00:00,  2.61it/s, v_num=0, train/loss_step=0.0895, train/loss_epoch=0.115]
Training:   0%|          | 0/6250 [00:00<?, ?it/s]
******** iteration 43 ********
first training example inputs <s>6x9 background=0 1=4,4 2,4 0,4 3,4 5,4 1,4 4=0,1 4,0 1,5 3,1 4,6 5,1 0,2 3,2 1,3 4,7 5,2 0,0 1,1 0,3 2,0 4,2 4,5 2,6 4,8 5,3|6x9 background=4 0=0,1 4,0 1,5 3,7 4,6 1,8 5,7 0,5 2,2 1,0 1,6 2,8 5,2 0,0 5,8 2,0 3,0 0,6 2,3 1,7 5,0 5,6 2,6 1=4,4 2,4 0,4 3,4 5,4 1,4|6x9 background=4 0=0,1 4,0 3,7 1,8 5,7 2,2 3,2 1,3 4,1 2,8 5,2 5,8 1,1 0,3 3,0 0,6 3,3 2,6 5,6 4,8 3,6 1=4,4 2,4 0,4 3,4 5,4 1,4|6x9 background=4 0=0,1 0,7 2,1 1,5 3,7 4,6 1,8 5,1 0,2 1,0 0,8 2,5 4,1 4,7 2,8 5,2 3,8 0,0 1,1 1,7 3,3 5,0 5,3 1=4,4 2,4 0,4 3,4 5,4 1,4|6x9 background=4 0=0,1 0,7 2,1 1,5 1,8 5,7 0,2 0,5 1,0 3,2 2,8 5,5 1,1 4,2 3,0 4,5 1,7 5,0 2,6 4,8 3,6 1=4,4 2,4 0,4 3,4 5,4 1,4
6x4 background=8 0=2,3 1,2 3,3 5,0 2,2 3,0|6x4 background=8 0=0,1 2,3 0,0 1,0 5,2|6x4 background=8 0=0,1 3,2 1,3 5,2|6x4 background=8 0=1,0 0,2 3,3 4,1|6x4 background=8 0=1,0 0,2 5,0 2,1
first training example labels <s>x1 = rot180(I)
x2 = lefthalf(I)
x3 = righthalf(I)
x4 = ofcolor(x2, ZERO)
x5 = ofcolor(x3, ZERO)
x6 = intersection(x4, x5)
x7 = shape(x2)
x8 = canvas(EIGHT, x7)
O = fill(x8, ZERO, x6)</s>
                                   
Epoch 43: 100%|██████████| 6250/6250 [39:54<00:00,  2.61it/s, v_num=0, train/loss_step=0.106, train/loss_epoch=0.114]
Training:   0%|          | 0/6250 [00:00<?, ?it/s]
******** iteration 44 ********
first training example inputs <s>12x11 background=0 1=3,4 3,1 9,5 8,9 9,8 1,3 7,4 7,7 6,5 6,8 3,3 9,7 8,5 9,4 8,8 2,4 1,2 2,1 6,4 7,9 6,7 7,6 3,2 8,4 9,9 8,7 1,1 9,6 2,3 6,6 7,5 6,9 7,8 4=1,4 2,2 6=8,6|22x20 background=0 1=12,4 17,3 17,12 11,5 2,2 13,8 15,5 6,2 6,11 4,2 3,6 5,3 17,5 5,12 8,11 17,14 11,7 2,4 15,7 6,4 16,6 18,3 16,15 7,12 14,8 5,5 5,14 17,16 13,3 13,12 6,6 16,8 18,5 7,14 18,14 12,13 5,7 11,2 9,14 13,5 15,2 10,15 13,14 18,7 18,16 12,6 14,3 17,2 12,15 4,11 11,4 13,7 15,4 16,3 16,12 12,8 3,5 5,2 4,4 5,11 4,13 8,13 15,6 2,6 16,5 18,2 16,14 7,11 6,15 3,7 14,7 5,13 4,15 13,2 8,15 10,12 13,11 11,11 16,7 18,4 16,16 12,3 12,12 5,6 10,14 11,13 12,5 3,2 14,2 12,14 17,13 11,6 2,3 16,2 11,15 6,3 6,12 3,4 14,4 4,3 4,12 17,6 8,12 9,11 11,8 2,5 16,4 15,8 6,5 6,14 7,13 18,13 14,6 4,5 4,14 17,8 5,15 10,11 9,13 13,13 6,7 18,6 12,2 7,15 18,15 12,11 4,7 11
4x6 background=1 6=2,2|8x7 background=1 4=6,2 2,2 1,5 6=3,3 6,5|8x10 background=1 4=6,1 2,8 6=3,7 3,3 0,4 5,5|10x6 background=1 4=3,3 6,4 6=1,2 5,1 7,2|7x5 background=1 4=2,1 4,2
first training example labels <s>x1 = objects(I, F, T, T)
x2 = fork(multiply, height, width)
x3 = argmax(x1, x2)
x4 = color(x3)
x5 = subgrid(x3, I)
x6 = replace(x5, ZERO, x4)
O = replace(x6, ZERO, x4)</s>
                                   
Epoch 44: 100%|██████████| 6250/6250 [39:59<00:00,  2.60it/s, v_num=0, train/loss_step=0.0866, train/loss_epoch=0.113]
Training:   0%|          | 0/6250 [00:00<?, ?it/s]
******** iteration 45 ********
first training example inputs <s>5x5 background=0 1=0,1 2,1 3,1 1,1 0,3 2,3 0,2 3,3 1,3 2=0,4 0,0|5x5 background=0 1=2,3 1,3 2,1 3,1 0,3 4,1 2=4,0 0,4|6x6 background=0 1=1,2 3,3 3,4 1,0 1,1 1,3 3,5 2=4,5 0,0|6x6 background=0 1=1,2 3,4 1,5 3,1 1,1 1,4 3,0 3,3 3,2 1,3 2=4,0 0,5|10x10 background=0 1=2,4 0,4 3,4 4,3 6,1 4,6 1,8 5,1 7,6 8,6 0,8 1,3 4,1 2,8 4,4 3,8 7,1 8,1 9,6 0,3 1,4 2,3 3,3 5,6 4,8 6,6 9,1 2=9,0 0,9
5x5 background=4 0=3,2 1,2 2,2 1=0,1 2,1 3,1 1,1 0,3 2,3 0,2 3,3 1,3 2=0,4 0,0|5x5 background=4 0=0,1 4,3 4,4 0,0 1=2,3 1,3 2,1 3,1 0,3 4,1 2=4,0 0,4|6x6 background=4 0=4,0 5,5 1,5 3,1 5,4 5,1 3,0 5,0 0,5 5,3 4,1 5,2 1=1,2 3,3 3,4 1,0 1,1 1,3 3,5 2=4,5 0,0|6x6 background=4 0=5,5 5,0 5,3 5,4 5,1 5,2 1=1,2 3,4 1,5 3,1 1,1 1,4 3,0 3,3 3,2 1,3 2=4,0 0,5|10x10 background=4 0=0,1 8,8 2,1 6,4 7,3 7,9 8,3 8,9 9,8 1,0 1,6 7,4 8,4 9,3 0,0 9,9 6,8 1,1 2,0 0,6 2,6 6,3 6,9 7,8 9,4 1=2,4 0,4 3,4 4,3 6,1 4,6 1,8 5,1 7,6 8,6 0,8 1,3 4,1 2,8 4,4 3,8 7,1 8,1 9,6 0,3 1,4 2,3 3,3 5,6 4,8 6,6 9,1 2=9,0 0,9
first training example labels <s>x1 = objects(I, T, F, T)
x2 = colorfilter(x1, ONE)
x3 = colorfilter(x1, TWO)
x4 = mapply(outbox, x2)
O = underfill(I, FOUR, x4)</s>
                                   
Epoch 45: 100%|██████████| 6250/6250 [40:01<00:00,  2.60it/s, v_num=0, train/loss_step=0.0993, train/loss_epoch=0.112]
Training:   0%|          | 0/6250 [00:00<?, ?it/s]
******** iteration 46 ********
first training example inputs <s>3x3 background=0 1=2,1 2=1,0 2,0 5=1,1 6=0,0|7x9 background=0 1=5,1 2=3,3 3=3,2 4,2 4,3 4=5,2 5=3,4|9x9 background=0 1=3,1 3,0 2=4,0 3=2,1 2,2 5=2,3
3x3 background=0 1=0,1 2=0,2 1,2 5=1,1 6=2,2|7x9 background=0 1=1,7 2=3,5 3=2,5 2,6 3,6 4=1,6 5=3,4|9x9 background=0 1=5,7 5,8 2=4,8 3=6,6 6,7 5=6,5
first training example labels <s>x1 = objects(I, T, T, T)
x2 = colorfilter(x1, TWO)
O = rot180(I)</s>
                                   
Epoch 46: 100%|██████████| 6250/6250 [40:02<00:00,  2.60it/s, v_num=0, train/loss_step=0.0994, train/loss_epoch=0.111]
Training:   0%|          | 0/6250 [00:00<?, ?it/s]
******** iteration 47 ********
first training example inputs <s>2x2 background=1 0=0,1|2x2 background=0 3=0,1 1,0|3x3 background=2 0=0,1 1,0 1,2|3x3 background=8 0=0,1 2,2 2,1 0,0|4x4 background=0 2=1,2 2,1 3,1 3,0 2,3 0,2 1,0 3,2|4x4 background=0 7=0,1 1,2 2,1 3,1 1,1 3,3 1,0 1,3
6x6 background=1 0=0,1 2,1 4,3 0,3 2,3 4,5 0,5 2,5 4,1|6x6 background=0 3=0,1 1,2 2,1 3,4 4,3 5,4 0,5 1,0 3,2 2,5 4,1 5,2 0,3 1,4 3,0 2,3 4,5 5,0|9x9 background=2 0=0,1 0,7 4,0 1,2 3,4 0,4 4,3 3,1 3,7 1,5 4,6 6,1 1,8 7,0 6,4 7,3 6,7 7,6 1,0 1,6 1,3 4,2 4,5 4,8 7,2 7,5 7,8|9x9 background=8 0=3,4 3,1 3,7 5,4 5,1 5,7 2,2 2,5 2,8 3,0 3,3 3,6 8,2 8,5 0,1 0,7 2,4 8,8 0,4 2,1 2,7 6,1 6,4 6,7 5,2 5,5 8,4 0,0 5,8 8,1 8,7 0,3 0,6 6,0 6,6 6,3|12x12 background=0 2=5,4 4,6 9,2 5,10 9,8 8,6 10,3 1,0 11,5 2,11 7,4 7,1 6,11 7,10 4,2 3,0 3,9 5,6 3,6 8,2 9,10 10,5 1,2 2,1 1,8 3,2 4,10 3,8 11,0 8,10 10,7 1,4 0,6 2,3 11,6 11,9 1,10 7,5 6,3 3,4 3,1 3,10 0,2 11,2 10,9 1,6 11,8 2,5 6,5 5,0 11,4 9,4 11,1 10,11 0,10 2,7 11,10 6,1 7,0 7,9 6,7 7,6 3,5 5,2 9,0 5,
first training example labels <s>x1 = height(I)
x2 = width(I)
x3 = ofcolor(I, ZERO)
x4 = astuple(x1, ONE)
x5 = crop(I, ORIGIN, x4)
x6 = hupscale(I, x2)
x7 = hconcat(I, I)
x8 = hconcat(x7, I)
x9 = vconcat(x8, x8)
O = vconcat(x9, x8)</s>
                                   
Epoch 47: 100%|██████████| 6250/6250 [40:03<00:00,  2.60it/s, v_num=0, train/loss_step=0.0859, train/loss_epoch=0.110]
Training:   0%|          | 0/6250 [00:00<?, ?it/s]
******** iteration 48 ********
first training example inputs <s>2x2 background=0 7=1,1 0,0|3x3 background=0 8=0,1 1,0 1,2|4x4 background=0 4=1,2 2,2 0,0 3,1 1,1 1,3
4x4 background=4 7=0,0 3,1 1,1 2,0 0,2 3,3 2,2 1,3|6x6 background=4 8=0,1 1,2 0,4 3,4 4,0 1,5 3,1 4,3 4,2 4,5 1,0 1,3|8x8 background=4 0=4,0 1,2 0,4 1,5 3,1 6,6 5,1 5,7 2,2 1,6 1,3 3,5 5,2 4,4 6,2 5,5 7,1 0,0 1,1 1,7 2,6 5,6 5,3 7,5
first training example labels <s>x1 = switch(I, FOUR, ZERO)
x2 = hconcat(x1, x1)
O = vconcat(x2, x2)</s>
                                   
Epoch 48: 100%|██████████| 6250/6250 [40:03<00:00,  2.60it/s, v_num=0, train/loss_step=0.117, train/loss_epoch=0.110]
Training:   0%|          | 0/6250 [00:00<?, ?it/s]
******** iteration 49 ********
first training example inputs <s>3x3 background=0 1=2,1 2=1,0 2,0 5=1,1 6=0,0|7x9 background=0 1=5,1 2=3,3 3=3,2 4,2 4,3 4=5,2 5=3,4|9x9 background=0 1=3,1 3,0 2=4,0 3=2,1 2,2 5=2,3
3x3 background=0 1=0,1 2=0,2 1,2 5=1,1 6=2,2|7x9 background=0 1=1,7 2=3,5 3=2,5 2,6 3,6 4=1,6 5=3,4|9x9 background=0 1=5,7 5,8 2=4,8 3=6,6 6,7 5=6,5
first training example labels <s>x1 = switch(I, FOUR, FOUR)
O = rot180(x1)</s>
                                   
Epoch 49: 100%|██████████| 6250/6250 [40:03<00:00,  2.60it/s, v_num=0, train/loss_step=0.114, train/loss_epoch=0.109]
Training:   0%|          | 0/6250 [00:00<?, ?it/s]
******** iteration 50 ********
first training example inputs <s>6x9 background=0 1=4,4 2,4 0,4 3,4 5,4 1,4 4=0,1 4,0 1,5 3,1 4,6 5,1 0,2 3,2 1,3 4,7 5,2 0,0 1,1 0,3 2,0 4,2 4,5 2,6 4,8 5,3|6x9 background=4 0=0,1 4,0 1,5 3,7 4,6 1,8 5,7 0,5 2,2 1,0 1,6 2,8 5,2 0,0 5,8 2,0 3,0 0,6 2,3 1,7 5,0 5,6 2,6 1=4,4 2,4 0,4 3,4 5,4 1,4|6x9 background=4 0=0,1 4,0 3,7 1,8 5,7 2,2 3,2 1,3 4,1 2,8 5,2 5,8 1,1 0,3 3,0 0,6 3,3 2,6 5,6 4,8 3,6 1=4,4 2,4 0,4 3,4 5,4 1,4|6x9 background=4 0=0,1 0,7 2,1 1,5 3,7 4,6 1,8 5,1 0,2 1,0 0,8 2,5 4,1 4,7 2,8 5,2 3,8 0,0 1,1 1,7 3,3 5,0 5,3 1=4,4 2,4 0,4 3,4 5,4 1,4|6x9 background=4 0=0,1 0,7 2,1 1,5 1,8 5,7 0,2 0,5 1,0 3,2 2,8 5,5 1,1 4,2 3,0 4,5 1,7 5,0 2,6 4,8 3,6 1=4,4 2,4 0,4 3,4 5,4 1,4
6x4 background=8 0=2,3 1,2 3,3 5,0 2,2 3,0|6x4 background=8 0=0,1 2,3 0,0 1,0 5,2|6x4 background=8 0=0,1 3,2 1,3 5,2|6x4 background=8 0=1,0 0,2 3,3 4,1|6x4 background=8 0=1,0 0,2 5,0 2,1
first training example labels <s>x1 = replace(I, FOUR, EIGHT)
x2 = lefthalf(x1)
x3 = righthalf(x1)
x4 = ofcolor(x2, ZERO)
x5 = ofcolor(x3, ZERO)
x6 = intersection(x4, x5)
x7 = shape(x2)
x8 = canvas(EIGHT, x7)
O = underfill(x8, ZERO, x6)</s>
                                   
Epoch 50: 100%|██████████| 6250/6250 [40:01<00:00,  2.60it/s, v_num=0, train/loss_step=0.0669, train/loss_epoch=0.108]
Training:   0%|          | 0/6250 [00:00<?, ?it/s]
******** iteration 51 ********
first training example inputs <s>10x10 background=0 2=2,4 5,5 6,2 6,5 6,4 2,3 6,3 2,2 3,2 2,5 3,5 5,2|10x10 background=0 1=1,5 3,1 3,7 6,4 2,2 3,2 2,5 1,3 5,2 5,5 6,5 1,4 2,3 2,6 5,6 3,6 5,3 6,3|10x10 background=0 5=1,2 2,1 1,5 3,1 4,6 5,1 1,6 3,2 1,3 4,1 3,5 5,2 5,5 1,1 3,3 2,6 5,6 3,6 5,3
10x10 background=0 2=2,4 5,5 6,2 6,5 6,4 2,3 6,3 2,2 3,2 2,5 3,5 5,2 3=4,4 4,0 4,3 4,9 4,6 4,2 4,5 4,8 4,1 4,7|10x10 background=0 1=1,5 3,1 3,7 6,4 2,2 3,2 2,5 1,3 5,2 5,5 6,5 1,4 2,3 2,6 5,6 3,6 5,3 6,3 3=4,4 4,0 4,3 4,9 4,6 4,2 4,5 4,8 4,1 4,7|10x10 background=0 3=3,8 3,9 3,4 3,7 3,0 5=1,2 2,1 1,5 3,1 4,6 5,1 1,6 3,2 1,3 4,1 3,5 5,2 5,5 1,1 3,3 2,6 5,6 3,6 5,3
first training example labels <s>x1 = objects(I, T, F, T)
x2 = fgpartition(I)
x3 = replace(I, FIVE, FIVE)
x4 = compose(hfrontier, center)
x5 = fork(recolor, color, x4)
x6 = mapply(x5, x2)
O = underfill(x3, THREE, x6)</s>
                                   
Epoch 51: 100%|██████████| 6250/6250 [40:02<00:00,  2.60it/s, v_num=0, train/loss_step=0.0993, train/loss_epoch=0.107]
Training:   0%|          | 0/6250 [00:00<?, ?it/s]
eval_code took longer than 0.25 seconds
eval_code took longer than 0.25 seconds
eval_code took longer than 0.25 seconds
******** iteration 52 ********
first training example inputs <s>3x3 background=3 4=0,1 0,2 2,1 2,2|3x3 background=7 2=1,1 1,2 2,2|3x3 background=9 6=1,1 2,1 2,2 7=0,1 1,2 2,0|3x3 background=2 1=2,2 3=0,1 1,0 1,1|3x3 background=1 8=1,1 0,0 2=0,1 2,0 3=1,2 2,2
9x9 background=3 4=3,4 3,1 3,7 5,4 5,1 5,7 0,2 0,5 2,2 0,8 2,5 2,8 6,2 6,5 6,8 8,2 8,5 0,1 0,7 2,4 8,8 0,4 2,1 2,7 6,1 6,4 6,7 3,2 3,5 5,2 3,8 5,5 8,4 5,8 8,1 8,7|9x9 background=7 2=8,8 1,2 1,5 1,8 2,2 2,5 4,1 4,7 2,8 5,2 7,4 4,4 5,5 7,1 7,7 5,8 1,1 4,2 1,4 4,5 1,7 4,8 7,2 8,2 7,5 8,5 7,8|9x9 background=9 6=8,8 2,4 2,1 2,7 5,4 5,1 5,7 2,2 2,5 4,1 4,7 2,8 5,2 7,4 4,4 5,5 7,1 7,7 8,4 5,8 8,1 8,7 1,1 1,4 1,7 8,2 8,5 7=0,1 0,7 1,2 0,4 3,4 1,5 3,1 3,7 6,1 1,8 6,4 8,0 6,7 8,3 8,6 2,0 4,2 2,3 4,5 5,0 5,6 4,8 2,6 5,3 7,2 7,5 7,8|9x9 background=2 1=8,8 5,5 2,8 5,8 2,2 8,2 2,5 8,5 5,2 3=0,1 0,7 4,0 0,4 3,4 4,3 3,1 3,7 6,1 4,6 7,0 6,4 7,3 6,7 7,6 1,0 1,6 1,3 4,1 4,7 4,4 7,4 7,1 7,7 1,1 1,4 1,7|9x9 background=1 8=3,6 4
first training example labels <s>x1 = cellwise(I, I, ONE)
x2 = numcolors(x1)
x3 = decrement(x2)
x4 = canvas(ZERO, THREE_BY_THREE)
x5 = hconcat(I, I)
x6 = hconcat(x5, I)
x7 = vconcat(x6, x6)
O = vconcat(x7, x6)</s>
                                   
Epoch 52: 100%|██████████| 6250/6250 [40:02<00:00,  2.60it/s, v_num=0, train/loss_step=0.0598, train/loss_epoch=0.107]
Training:   0%|          | 0/6250 [00:00<?, ?it/s]
******** iteration 53 ********
first training example inputs <s>15x15 background=0 1=8,8 6,8 7,8 2=7,9 7,10 8,10 3=10,4 9,2 8,9 6,10 10,3 6,9 11,4 10,2 4=4,10 2,9 3,9 4,9 2,10 6=11,2 11,3 9,3 9,4 7=3,8 3,10 4,8 2,8 8=3,2 3,3 4,2 4,3 9=4,4 2,3 2,4 3,4 2,2|15x15 background=0 1=9,7 10,8 9,9 2=12,4 10,5 11,5 10,4 11,3 11,4 3=12,5 12,3 10,3 4=5,9 6,8 5,8 5=4,4 2,3 2,4 4,5 2,5 6=3,3 4,3 7=11,7 9,8 10,9 11,8 11,9 10,7 8=3,4 3,5 9=4,10 5,10 6,10 4,8 4,9 6,9|15x15 background=0 1=4,10 3,9 3,10 2,8 2=2,10 4,8 3=7,4 8,3 9,4 9,3 8,2 7,3 4=9,10 10,10 10,8 9,9 11,8 11,9 5=2,4 2,2 3,2 1,3 1,4 6=4,9 2,9 3,8 7=2,3 1,2 3,3 3,4 8=8,4 9,2 7,2 9=10,9 9,8 11,10
3x3 background=9 8=1,0 1,1 2,0 2,1|3x3 background=7 1=1,1 0,2 0,0|3x3 background=1 2=0,2 2,0 6=0,1 1,0 2,1
first training example labels <s>x1 = objects(I, F, T, T)
x2 = argmin(x1, size)
O = subgrid(x2, I)</s>
                                   
Epoch 53: 100%|██████████| 6250/6250 [40:04<00:00,  2.60it/s, v_num=0, train/loss_step=0.0694, train/loss_epoch=0.106]
Training:   0%|          | 0/6250 [00:00<?, ?it/s]
******** iteration 54 ********
first training example inputs <s>3x3 background=0 1=0,1 2,1 3=1,0 1,1 1,2|8x12 background=0 2=0,1 6,2 1,2 7,1 2,1 3,1 6,1 1,1 4,2 0,2 7,2 2,2 3,2 4,1 3=2,4 3,4 2,10 3,10 2,5 2,11 3,5 3,11 2,8 3,8 2,0 3,0 2,3 2,9 3,3 2,6 3,9 3,6 6=5,5 5,11 5,8 5,4 5,1 5,7 5,10 5,0 5,6 5,3 5,9 5,2 8=0,7 6,7 1,7 7,7 2,7 3,7 4,7|9x11 background=0 3=2,1 2,7 2,10 2,0 2,9 2,6 2,2 2,5 4=4,4 7,4 2,4 0,4 3,4 8,4 4,3 0,3 1,4 7,3 2,3 8,3 3,3 1,3 6=6,1 5,4 6,6 5,1 5,7 6,4 6,7 5,10 6,10 5,2 6,2 5,5 6,5 5,0 5,6 6,0 5,3 5,9 6,3 6,9 8=8,8 3,8 5,8 6,8 1,8 4,8 0,8 7,8 2,8|11x11 background=0 1=1,5 2,10 3,10 1,0 1,6 2,5 1,3 1,9 3,5 2,0 3,0 2,3 2,9 3,3 2,6 3,9 1,10 3,6 2=0,1 1,2 2,1 3,1 5,1 9,2 0,2 2,2 3,2 4,1 5,2 8,1 1,1 10,1 4,2 8,2 9,1 10,2 4=6,1 7,0 7,3 7,9 6,7 7,6 6,10 6,2 7,1 7,
1x1 background=3|1x1 background=6|1x1 background=6|1x1 background=2|1x1 background=1
first training example labels <s>x1 = objects(I, T, T, T)
x2 = argmax(x1, size)
x3 = argmin(x1, size)
x4 = color(x2)
x5 = canvas(x4, UNITY)
O = paint(x5, x2)</s>
                                   
Epoch 54: 100%|██████████| 6250/6250 [40:14<00:00,  2.59it/s, v_num=0, train/loss_step=0.103, train/loss_epoch=0.106]
Training:   0%|          | 0/6250 [00:00<?, ?it/s]
******** iteration 55 ********
first training example inputs <s>12x18 background=0 1=9,2 3,16 5,16 10,6 2,2 10,3 1,6 10,9 1,3 1,9 10,12 10,15 1,12 6,2 1,15 7,16 4,2 8,2 10,2 9,16 10,5 1,2 10,11 10,8 1,5 1,11 10,14 1,8 1,14 2,16 6,16 3,2 5,2 4,16 10,4 8,16 1,4 10,7 10,13 10,10 1,7 1,13 10,16 1,10 1,16 7,2 2=8,8 3,4 3,7 5,4 3,10 6,4 8,9 8,6 3,5 3,11 4,4 7,4 3,8 5,11 8,4 6,11 8,7 8,10 3,9 3,6 4,11 7,11 8,5 8,11 3=3,13 3,14 4,13 4,14 8=6,6 6,7 5,6 5,7|22x28 background=0 1=12,7 6,21 7,26 12,13 4,21 8,9 8,12 8,21 13,11 9,26 11,23 10,21 13,8 11,26 1,21 2,26 1,24 6,26 9,7 3,21 8,11 4,26 8,8 5,21 11,7 9,13 13,7 11,13 8,26 13,10 11,22 13,13 10,26 1,23 11,25 1,26 7,21 8,7 3,26 8,10 10,7 10,13 8,13 5,26 9,21 13,9 11,21 13,12 11,24 2,21 1,25 1,22 2=12,1 18,17 3,7 5,1 3,16 12,19 3,13 5,19 18,4 7,1 18,1 18,10 7,19 18,19 3,9 3,6 3,18 9,1 3,15 9,19 13,1 18,3 13,19 18,12 3,2 6,19 4,1 3,11 3,8 4,19 3,17 8,1
12x18 background=0 1=3,7 5,4 9,2 3,16 3,13 8,9 10,6 8,6 2,2 10,3 10,12 1,9 7,4 6,2 1,15 6,11 4,2 3,9 5,6 3,6 8,2 8,11 8,8 10,5 1,2 10,14 1,11 1,8 6,4 3,2 3,11 3,8 8,4 8,10 10,7 1,4 10,16 1,13 1,10 6,6 3,4 3,10 5,7 5,16 10,9 1,6 1,3 10,15 1,12 7,16 4,14 4,11 8,5 10,2 9,16 10,11 10,8 1,5 2,16 1,14 6,7 6,16 3,5 5,2 4,4 4,16 3,14 5,11 4,13 8,7 10,4 8,16 10,13 10,10 1,7 7,2 1,16 7,11|22x28 background=0 1=18,17 7,26 18,26 5,1 3,13 5,10 8,9 5,19 9,26 11,23 13,8 15,5 7,1 18,1 15,14 18,10 1,24 15,23 16,22 7,19 18,19 3,6 5,3 9,1 3,15 5,12 8,11 14,15 11,7 5,21 9,19 13,1 13,10 15,7 7,3 13,19 18,3 18,12 1,26 15,25 7,21 3,8 5,5 9,3 3,17 5,14 3,26 5,23 9,21 13,3 13,12 15,9 8,25 18,5 18,14 16,26 3,1 14,1 12,13 3,10 5,7 3,19 14,19 5,25 16,1 10,15 15,11 18,7 1,21 16,19 18,16 3,3 14,3 12,15 3,12 5,9 9,7 3,21 13,7 15,4 6,1 15,13 10,26 1,23 11,25 18,9 18,
first training example labels <s>x1 = objects(I, T, F, T)
x2 = sizefilter(x1, ONE)
x3 = difference(x1, x2)
x4 = apply(toindices, x3)
x5 = rbind(bordering, I)
x6 = compose(flip, x5)
x7 = mfilter(x4, x6)
O = fill(I, ONE, x7)</s>
                                   
Epoch 55: 100%|██████████| 6250/6250 [40:14<00:00,  2.59it/s, v_num=0, train/loss_step=0.0887, train/loss_epoch=0.105]
Training:   0%|          | 0/6250 [00:00<?, ?it/s]
******** iteration 56 ********
first training example inputs <s>24x24 background=5 0=2,15 2,16 4,12 3,16 2,13 4,15 3,13 3,19 2,19 4,18 2,14 4,16 3,14 2,17 4,13 4,19 3,17 2,12 2,18 4,14 3,12 3,18 4,17 3,15 1=12,1 22,5 22,11 5,1 5,7 12,22 5,16 2,2 5,22 16,1 1,12 1,18 7,1 18,1 18,7 22,1 18,16 16,22 2,21 22,7 7,22 18,22 21,21 22,16 22,22 11,1 13,4 1,5 1,11 11,22 13,19 21,2 16,18 7,18 22,12 4,4 4,10 22,18 19,4 10,4 1,1 19,10 19,13 19,19 1,7 16,5 10,19 1,16 7,5 1,22 2=15,21 14,4 4,9 3,10 14,19 19,9 9,14 10,3 8,12 11,8 8,21 15,2 2,8 16,7 15,11 7,7 16,16 13,20 7,16 20,13 20,10 21,15 14,9 12,15 8,2 8,11 9,4 19,14 9,19 10,20 21,8 12,8 14,14 9,9 13,3 11,15 15,12 3=8,8 9,16 14,7 16,9 14,16 7,9 12,11 8,15 11,11 7,14 15,8 11,12 12,12 16,14 9,7 15,15 4=23,1 3,4 4,3 3,1 21,19 20,23 22,20 20,20 22,23 4,21 19,3 23,22 3,22 1,0 1,3 19,21 0,20 20,4 2,20 21,3 20,1 4,2 3,0 23,3 3,3 20,19 20,22 19,2 3,21 4,20 0,1 2,4 19,20 1,20 0,22 1,23 20,0 20,3
3x8 background=5 1=2,1 2,7 2=1,1 0,3 2,2 4=0,7 1,7 6=1,0 2,0 1,4 9=0,1 2,3 0,4 1,5 1,6|4x3 background=0 2=3,0 6=0,0 8=2,0 9=1,0|5x6 background=2 1=0,1 0,4 2,1 1,3 3,5 4,2 3,0 4=3,4 5=4,4 4,5 2,5 6=4,1 3,1 3,2 0,3 2,0 8=4,3 2,4 0,2 3,3 0,0 1,0|6x7 background=4 1=2,3 5,0 0,5 3,2 0,6 2=5,6 3=1,5 5,1 0,0 5=0,1 4,4 1,2 0,4 2,1 4,0 1,0 6=1,6 4,6 2,6 3,6 8=2,4 3,4 4,3 3,1 5,4 4,2 4,5 2,2 1,3|8x5 background=2 3=3,1 6,3 2,0 5=4,4 0,4 3,4 4,3 7,0 1,4 6=7,4 1,0 5,4 4,1 3,2 4,2 5,2 7=0,1 5,0 0,3 2,3 8=2,4 4,0 6,2 7,1 6,1 7,3 3,0 9=0,2 6,0 2,2 1,1 1,3
first training example labels <s>x1 = vmirror(I)
x2 = vmirror(x1)
x3 = ofcolor(I, ZERO)
x4 = subgrid(x3, I)
x5 = subgrid(x3, x1)
x6 = palette(x4)
x7 = contained(ZERO, x6)
O = branch(x7, x5, x4)</s>
                                   
Epoch 56: 100%|██████████| 6250/6250 [40:14<00:00,  2.59it/s, v_num=0, train/loss_step=0.0947, train/loss_epoch=0.105]
Training:   0%|          | 0/6250 [00:00<?, ?it/s]
******** iteration 57 ********
first training example inputs <s>3x3 background=0 1=2,1 2=1,0 2,0 5=1,1 6=0,0|7x9 background=0 1=5,1 2=3,3 3=3,2 4,2 4,3 4=5,2 5=3,4|9x9 background=0 1=3,1 3,0 2=4,0 3=2,1 2,2 5=2,3
3x3 background=0 1=0,1 2=0,2 1,2 5=1,1 6=2,2|7x9 background=0 1=1,7 2=3,5 3=2,5 2,6 3,6 4=1,6 5=3,4|9x9 background=0 1=5,7 5,8 2=4,8 3=6,6 6,7 5=6,5
first training example labels <s>O = rot180(I)</s>
                                   
Epoch 57: 100%|██████████| 6250/6250 [40:15<00:00,  2.59it/s, v_num=0, train/loss_step=0.0623, train/loss_epoch=0.104]
Training:   0%|          | 0/6250 [00:00<?, ?it/s]
******** iteration 58 ********
first training example inputs <s>3x3 background=0 5=0,1 1,1 1,2 2,2|7x7 background=0 5=0,1 1,2 3,1 6,1 5,4 5,1 6,4 2,2 3,2 2,5 4,1 3,5 4,4 1,1 4,5 2,6|9x12 background=0 5=3,4 3,7 5,4 4,6 5,1 8,3 8,9 0,5 2,2 8,6 0,8 2,5 2,8 7,4 6,11 4,2 5,0 5,6 8,2 0,1 2,4 2,1 2,7 1,5 1,8 6,4 7,3 7,9 7,6 6,10 3,2 4,7 5,2 4,4 8,1 1,1 6,6 6,9|12x12 background=0 5=4,9 4,6 5,1 9,5 8,9 8,6 2,2 1,0 10,9 0,8 11,8 2,8 7,4 7,1 6,5 4,2 4,8 3,6 5,9 9,1 11,4 9,4 11,1 0,7 2,1 2,7 10,8 6,1 1,8 6,4 7,3 7,9 7,6 3,2 4,7 5,2 9,0 9,9 10,4 1,1 9,6 10,1 2,6 7,2 6,6 6,9
1x1 background=0|3x1 background=0|3x2 background=0|4x2 background=0
first training example labels <s>x1 = palette(I)
x2 = replace(I, FIVE, ZERO)
x3 = lefthalf(x2)
O = downscale(x3, THREE)</s>
                                   
Epoch 58: 100%|██████████| 6250/6250 [40:18<00:00,  2.58it/s, v_num=0, train/loss_step=0.100, train/loss_epoch=0.104]
Training:   0%|          | 0/6250 [00:00<?, ?it/s]
******** iteration 59 ********
first training example inputs <s>5x13 background=0 2=2,6 3,6 1,6 4,6 0,6 7=0,1 0,7 4,0 0,4 2,7 4,3 3,1 3,7 1,5 1,11 2,10 0,2 0,5 2,2 1,0 2,5 4,1 3,11 4,4 2,0 0,12 2,3 1,7 3,9 4,8 1,10 4,11|5x13 background=7 0=2,4 4,0 1,2 3,4 0,4 4,3 2,1 1,11 2,10 3,10 1,0 2,5 2,11 0,11 3,5 4,10 0,0 1,1 0,9 1,4 2,3 2,9 1,7 3,3 3,9 2,12 4,11 2=2,6 3,6 1,6 4,6 0,6|5x13 background=0 2=2,6 3,6 1,6 4,6 0,6 7=0,7 4,0 3,4 2,1 3,1 3,7 4,9 2,10 4,12 0,2 0,5 2,2 1,0 0,8 3,2 1,3 4,7 3,11 4,4 4,10 0,0 0,3 4,2 2,9 4,5 3,3 4,8 1,10 4,11|5x13 background=7 0=0,7 1,2 2,7 2,10 1,8 4,12 3,10 0,2 0,5 2,2 3,2 2,5 2,11 1,3 1,9 2,8 3,11 4,10 3,8 1,1 0,3 2,0 4,2 2,3 2,9 4,5 2,12 3,12 4,11 2=2,6 3,6 1,6 4,6 0,6
5x6 background=1 0=2,4 1,2 2,1 1,1 0,3 4,2 4,5 3,3 3,5|5x6 background=1 0=2,4 0,4 4,3 1,4 2,3 3,3 1,0 2,5|5x6 background=1 0=2,4 1,2 0,4 1,5 1,1 2,0 1,4 2,5 3,5|5x6 background=1 0=2,3 4,5 1,2 2,2 1,1 2,5 2,0
first training example labels <s>x1 = lefthalf(I)
x2 = righthalf(I)
x3 = ofcolor(I, ZERO)
x4 = ofcolor(x2, ZERO)
x5 = ofcolor(x1, ZERO)
x6 = ofcolor(x2, x5)
x7 = intersection(x3, x4)
x8 = shape(x1)
x9 = canvas(ONE, x8)
O = fill(x9, ZERO, x7)</s>
                                   
Epoch 59: 100%|██████████| 6250/6250 [40:21<00:00,  2.58it/s, v_num=0, train/loss_step=0.105, train/loss_epoch=0.103]
Training:   0%|          | 0/6250 [00:00<?, ?it/s]
eval_code took longer than 0.25 seconds
eval_code took longer than 0.25 seconds
******** iteration 60 ********
first training example inputs <s>9x9 background=0 8=2,3 1,2 2,1 2,2 3,2 1,3 4=2,6 5,6|9x9 background=0 8=6,2 5,2 7,2 6,1 7,3 4=2,4|9x9 background=0 8=3,1 3,2 3,3 4,2 4=5,6 7,3 1,5|9x9 background=0 8=1,2 2,1 3,1 2,0 3,0 4=4,5 6,3 0,5|9x9 background=0 8=0,1 0,2 2,1 1,0 1,1 4=8,5 5,1 1,4 3,6
3x9 background=8 0=0,0 0,3 2,0 0,6 2,3 2,6 2,2 2,5 2,8|3x9 background=8 0=1,2 0,0 1,5 0,3 1,8 2,0 0,6 2,3 0,2 2,6 0,5 0,8|2x9 background=8 0=1,2 1,5 1,0 1,6 1,8 1,3|3x9 background=8 0=0,1 0,7 1,2 0,4 0,0 1,5 0,3 1,8 0,6 2,2 2,5 2,8|3x9 background=8 0=1,2 1,5 0,0 0,3 1,8 2,0 0,6 2,3 2,6 2,2 2,5 2,8
first training example labels <s>x1 = cellwise(I, I, FIVE)
x2 = ofcolor(x1, EIGHT)
x3 = subgrid(x2, I)
x4 = hconcat(x3, x3)
O = hconcat(x4, x3)</s>
                                   
Epoch 60: 100%|██████████| 6250/6250 [40:21<00:00,  2.58it/s, v_num=0, train/loss_step=0.256, train/loss_epoch=0.103]
Training:   0%|          | 0/6250 [00:00<?, ?it/s]
******** iteration 61 ********
first training example inputs <s>10x13 background=0 2=4,10 6,2 3,11 4,11 5,4 6,3 7,3 3=7,10 1,1 8,10 2,3 8,9 7,2 2,2 1,3 7,8 5,2 5=7,9 0,2 1,2 5,3 6,9 7=2,10 3,9 3,10 8=0,4 6,10 6,11 0,3 1,4 7,11|15x13 background=0 1=1,2 5,6 4,8 1,3 4,7 2=6,7 2,1 2,2 3,2 5,7 3=3,1 4,1 4=13,9 13,10 14,9 5=13,3 8,3 13,4 8,4 13,2 8,2 6=11,9 12,8 12,9 8=12,4 7,4 11,10 12,10 11,3 12,3 7,3 2,3 10,10 3,3 12,2 7,2 6,3|15x15 background=0 2=0,2 1,3 3=6,7 10,3 6,6 6,8 10,1 4=11,2 9,2 10,2 5=11,12 12,12 1,11 2,10 13,11 0,11 6=5,7 4,8 5,8 7=1,10 13,12 12,10 12,11 2,11 1,9 8=1,2 0,3 2,1 2,2 9=0,12 1,12 12,13 11,13
3x4 background=3 0=2,3 2,0 0,0 8=0,2 0,3 1,3 5=0,1 1,1|4x3 background=0 1=0,1 0,2 2=1,0 1,1 2,1 3=2,0 3,0 8=1,2 2,2|3x4 background=0 9=0,3 1,3 5=0,2 1,2 2,1 7=1,0 1,1 2,2
first training example labels <s>x1 = replace(I, FIVE, EIGHT)
x2 = objects(x1, F, F, T)
x3 = argmax(x2, size)
O = subgrid(x3, I)</s>
                                   
Epoch 61: 100%|██████████| 6250/6250 [40:22<00:00,  2.58it/s, v_num=0, train/loss_step=0.110, train/loss_epoch=0.103]
Training:   0%|          | 0/6250 [00:00<?, ?it/s]
eval_code took longer than 0.25 seconds
eval_code took longer than 0.25 seconds
******** iteration 62 ********
first training example inputs <s>4x9 background=0 1=1,0 2,1 3,1 3,2 0,3 2,0 3,0 2=0,7 3,8 2,7 1,8 0,6 1,7 0,5 1,6 2,8 5=2,4 0,4 3,4 1,4|4x9 background=0 1=1,0 2,1 3,1 3,2 0,3 2,0 3,0 2=2,7 1,5 3,7 0,6 2,6 0,5 3,6 1,6 5=2,4 0,4 3,4 1,4|4x9 background=0 1=0,1 0,0 3,1 2,0 3,0 2,3 1,0 1,3 3=0,7 3,8 2,7 3,7 1,7 2,6 1,6 0,8 5=2,4 0,4 3,4 1,4|4x9 background=0 1=0,1 0,0 3,1 0,3 2,0 3,0 2,3 0,2 3,3 1,0 3,2 1,3 5=2,4 0,4 3,4 1,4 6=1,6 1,7 2,6 2,7|4x9 background=0 1=0,1 0,0 3,1 0,3 2,0 3,0 2,3 0,2 3,3 1,0 3,2 1,3 2=1,6 1,5 0,5 0,6 5=2,4 0,4 3,4 1,4|4x9 background=0 1=0,1 0,0 0,3 2,0 3,0 2,3 0,2 3,3 1,0 1,3 3=0,5 1,5 1,6 2,5 0,6 5=2,4 0,4 3,4 1,4|4x9 background=0 1=0,1 0,0 0,3 2,0 3,0 2,3 0,2 2,2 1,0 3,2 5=2,4 0,4 3,4 1,4 7=3,8 1,7 2,6 3,6 1,6 1,8
4x4 background=0 1=1,0 2,1 3,1 3,2 0,3 2,0 3,0|4x4 background=0 1=1,0 2,1 3,1 3,2 0,3 2,0 3,0|4x4 background=0 1=0,1 0,0 3,1 2,0 3,0 2,3 1,0 1,3|4x4 background=1 0=1,1 1,2 2,1 2,2|4x4 background=1 0=1,1 1,2 2,1 2,2|4x4 background=1 0=1,2 2,1 2,2 3,1 1,1 3,2|4x4 background=1 0=1,2 3,3 2,1 3,1 1,1 1,3
first training example labels <s>x1 = objects(I, F, F, T)
O = lefthalf(I)</s>
                                   
Epoch 62: 100%|██████████| 6250/6250 [40:24<00:00,  2.58it/s, v_num=0, train/loss_step=0.0928, train/loss_epoch=0.102]
Training:   0%|          | 0/6250 [00:00<?, ?it/s]
******** iteration 63 ********
first training example inputs <s>9x5 background=0 1=7,4 6,2 8,1 6,1 6,4 8,0 7,3 5,0 7,2 6,0 5,3 8,2 2=0,1 1,2 1,1 2,3 0,2 3,3 2,2 1,0 3,2 1,3 4=4,4 4,0 4,3 4,1 4,2|9x5 background=0 1=7,1 8,4 6,1 7,0 5,1 8,3 6,0 8,2 6,3 5,2 2=0,1 2,4 0,4 2,1 3,4 0,0 3,1 0,3 3,0 2,3 0,2 3,3 3,2 1,3 4=4,4 4,0 4,3 4,1 4,2|9x5 background=0 1=7,4 8,4 8,1 6,1 5,4 7,0 5,1 6,4 8,3 5,0 7,2 6,0 6,3 2=1,2 2,1 3,4 3,1 1,1 3,0 3,2 1,3 4=4,4 4,0 4,3 4,1 4,2|9x5 background=0 1=7,4 8,1 8,3 5,0 6,0 8,2 6,3 5,2 2=0,1 2,4 1,2 0,4 1,1 1,4 2,3 3,3 3,2 4=4,4 4,0 4,3 4,1 4,2
4x5 background=3 0=2,0 0,4 2,1 3,4|4x5 background=3 0=1,2 1,4 2,2|4x5 background=3 0=2,3 0,2 0,3|4x5 background=3 0=2,1 3,4 2,2 0,3 2,0 3,0
first training example labels <s>x1 = ofcolor(I, ZERO)
x2 = bottomhalf(I)
x3 = ofcolor(x2, ZERO)
x4 = ofcolor(x2, THREE)
x5 = ofcolor(x2, TWO)
x6 = intersection(x1, x3)
x7 = shape(x2)
x8 = canvas(THREE, x7)
O = fill(x8, ZERO, x6)</s>
                                   
Epoch 63: 100%|██████████| 6250/6250 [40:21<00:00,  2.58it/s, v_num=0, train/loss_step=0.0661, train/loss_epoch=0.101]
Training:   0%|          | 0/6250 [00:00<?, ?it/s]
******** iteration 64 ********
first training example inputs <s>3x7 background=0 8=1,6 2,4 2,5 0,6 4=2,3 0,3 1,3 6=1,1 2,1 0,0|3x7 background=0 8=2,4 0,4 0,5 1,5 1,6 4=2,3 0,3 1,3 6=1,1 0,2 2,1 2,2|3x7 background=0 8=2,4 0,4 2,6 0,6 4=2,3 0,3 1,3 6=0,2 1,2 2,1 2,2 1,0|3x7 background=0 8=1,6 2,5 1,4 4=2,3 0,3 1,3 6=0,2 2,2 2,1 0,0 1,0 1,1 2,0|3x7 background=0 8=1,5 0,4 2,4 0,6 4=2,3 0,3 1,3 6=1,1 0,2
3x3 background=2 0=0,1 1,0 2,2|3x3 background=2 0=1,0|3x3 background=2 0=0,1 1,1|3x3 background=2 0=0,1|3x3 background=0 2=1,1 0,2 2,0 0,0
first training example labels <s>x1 = lefthalf(I)
x2 = righthalf(I)
x3 = ofcolor(x2, ZERO)
x4 = ofcolor(x1, ZERO)
x5 = ofcolor(I, ZERO)
x6 = intersection(x3, x4)
x7 = shape(x2)
x8 = canvas(TWO, x7)
x9 = lefthalf(x2)
O = underfill(x8, ZERO, x6)</s>
                                   
Epoch 64: 100%|██████████| 6250/6250 [40:30<00:00,  2.57it/s, v_num=0, train/loss_step=0.074, train/loss_epoch=0.102]
Training:   0%|          | 0/6250 [00:00<?, ?it/s]
******** iteration 65 ********
first training example inputs <s>6x6 background=0 1=0,4 2,2 2=0,2 2,0 0,0 3=4,0|6x6 background=0 1=4,2 2=0,4 3=0,0 8=2,4 2,0|6x6 background=0 1=0,0 2=2,2 6=4,4 4,0
3x3 background=0 1=1,1 0,2 2=0,1 1,0 0,0 3=2,0|3x3 background=0 1=2,1 2=0,2 3=0,0 8=1,0 1,2|3x3 background=0 1=0,0 2=1,1 6=2,0 2,2
first training example labels <s>x1 = ofcolor(I, SEVEN)
O = downscale(I, TWO)</s>
                                   
Epoch 65: 100%|██████████| 6250/6250 [40:40<00:00,  2.56it/s, v_num=0, train/loss_step=0.148, train/loss_epoch=0.101]
Training:   0%|          | 0/6250 [00:00<?, ?it/s]
******** iteration 66 ********
first training example inputs <s>6x5 background=0 9=0,1 2,4 2,1 0,0 0,3 2,3 2,2 1,0 1,3 4=4,4 4,0 4,3 5,4 5,1 3,0 3,3 5,0 4,1 5,2|6x5 background=0 9=2,4 0,4 2,2 0,0 0,3 4=4,0 5,4 4,2 3,3 5,0 3,2 4,1 5,2|6x5 background=0 9=0,1 2,4 1,2 1,1 2,0 1,4 4=4,3 3,1 5,1 4,2 3,0 3,3 5,0 4,1|6x5 background=0 9=0,2 2,1 1,0 1,1 0,3 1,3 1,4 4=4,4 4,0 4,3 3,1 5,4 5,1 4,2 3,0|6x5 background=0 9=0,1 0,2 1,0 2,0 1,4 4=4,0 3,4 4,3 5,0 5,3 3,2 4,1 5,2
3x5 background=0 6=0,1 2,3 1,1 2,0 1,4|3x5 background=0 6=0,2 1,2 0,4 0,0 1,0 1,1 2,0|3x5 background=0 6=2,4 2,1 0,0 0,3 1,3 1,4|3x5 background=0 6=0,1 2,4 1,2 0,2 0,0 1,1 0,3|3x5 background=0 6=0,1 2,3 0,4 2,2 1,1 1,3 1,4
first training example labels <s>x1 = tophalf(I)
x2 = bottomhalf(I)
x3 = shape(x2)
x4 = ofcolor(x1, ZERO)
x5 = ofcolor(x2, ZERO)
x6 = combine(x4, x5)
x7 = intersection(x4, x5)
x8 = difference(x6, x7)
x9 = canvas(ZERO, x3)
O = fill(x9, SIX, x8)</s>
                                   
Epoch 66: 100%|██████████| 6250/6250 [40:40<00:00,  2.56it/s, v_num=0, train/loss_step=0.114, train/loss_epoch=0.101]
Training:   0%|          | 0/6250 [00:00<?, ?it/s]
******** iteration 67 ********
first training example inputs <s>4x8 background=0 5=0,4 2,7 1,5 1,4 0,6 2,6 3,6 3,5 6=0,1 0,0 0,3 2,0 2,3 0,2 2,2 1,0 3,2|4x8 background=0 5=2,4 0,4 2,7 3,7 1,4 0,6 1,7 2,6 0,5 2,5 3,5 6=0,1 2,1 1,1 3,0 2,3 0,2 2,2 1,3|4x8 background=0 5=0,7 0,4 3,4 1,5 0,6 1,7 1,6 3,5 6=0,1 0,0 3,1 2,0 0,2 3,3 1,0 3,2|4x8 background=0 5=0,7 2,4 3,4 2,7 1,4 0,6 1,7 2,6 1,6 6=1,2 2,1 0,0 3,1 1,1 2,0 3,0 2,3 0,2 1,3
4x4 background=0 4=1,2 3,3 2,1 1,3 3,0|4x4 background=0 4=1,2 0,3 3,2|4x4 background=0 4=2,3 2,1 2,2|4x4 background=0 4=0,1 3,2 3,3
first training example labels <s>x1 = lefthalf(I)
x2 = righthalf(I)
x3 = ofcolor(I, ZERO)
x4 = ofcolor(x2, ZERO)
x5 = intersection(x3, x4)
x6 = shape(x1)
x7 = canvas(ZERO, x6)
O = underfill(x7, FOUR, x5)</s>
                                   
Epoch 67: 100%|██████████| 6250/6250 [40:30<00:00,  2.57it/s, v_num=0, train/loss_step=0.137, train/loss_epoch=0.0999]
Training:   0%|          | 0/6250 [00:00<?, ?it/s]
******** iteration 68 ********
first training example inputs <s>24x24 background=5 0=2,15 2,16 4,12 3,16 2,13 4,15 3,13 3,19 2,19 4,18 2,14 4,16 3,14 2,17 4,13 4,19 3,17 2,12 2,18 4,14 3,12 3,18 4,17 3,15 1=12,1 22,5 22,11 5,1 5,7 12,22 5,16 2,2 5,22 16,1 1,12 1,18 7,1 18,1 18,7 22,1 18,16 16,22 2,21 22,7 7,22 18,22 21,21 22,16 22,22 11,1 13,4 1,5 1,11 11,22 13,19 21,2 16,18 7,18 22,12 4,4 4,10 22,18 19,4 10,4 1,1 19,10 19,13 19,19 1,7 16,5 10,19 1,16 7,5 1,22 2=15,21 14,4 4,9 3,10 14,19 19,9 9,14 10,3 8,12 11,8 8,21 15,2 2,8 16,7 15,11 7,7 16,16 13,20 7,16 20,13 20,10 21,15 14,9 12,15 8,2 8,11 9,4 19,14 9,19 10,20 21,8 12,8 14,14 9,9 13,3 11,15 15,12 3=8,8 9,16 14,7 16,9 14,16 7,9 12,11 8,15 11,11 7,14 15,8 11,12 12,12 16,14 9,7 15,15 4=23,1 3,4 4,3 3,1 21,19 20,23 22,20 20,20 22,23 4,21 19,3 23,22 3,22 1,0 1,3 19,21 0,20 20,4 2,20 21,3 20,1 4,2 3,0 23,3 3,3 20,19 20,22 19,2 3,21 4,20 0,1 2,4 19,20 1,20 0,22 1,23 20,0 20,3
3x8 background=5 1=2,1 2,7 2=1,1 0,3 2,2 4=0,7 1,7 6=1,0 2,0 1,4 9=0,1 2,3 0,4 1,5 1,6|4x3 background=0 2=3,0 6=0,0 8=2,0 9=1,0|5x6 background=2 1=0,1 0,4 2,1 1,3 3,5 4,2 3,0 4=3,4 5=4,4 4,5 2,5 6=4,1 3,1 3,2 0,3 2,0 8=4,3 2,4 0,2 3,3 0,0 1,0|6x7 background=4 1=2,3 5,0 0,5 3,2 0,6 2=5,6 3=1,5 5,1 0,0 5=0,1 4,4 1,2 0,4 2,1 4,0 1,0 6=1,6 4,6 2,6 3,6 8=2,4 3,4 4,3 3,1 5,4 4,2 4,5 2,2 1,3|8x5 background=2 3=3,1 6,3 2,0 5=4,4 0,4 3,4 4,3 7,0 1,4 6=7,4 1,0 5,4 4,1 3,2 4,2 5,2 7=0,1 5,0 0,3 2,3 8=2,4 4,0 6,2 7,1 6,1 7,3 3,0 9=0,2 6,0 2,2 1,1 1,3
first training example labels <s>x1 = vmirror(I)
x2 = replace(I, ZERO, NINE)
x3 = dmirror(x2)
x4 = ofcolor(I, ZERO)
O = subgrid(x4, x1)</s>
                                   
Epoch 68: 100%|██████████| 6250/6250 [40:28<00:00,  2.57it/s, v_num=0, train/loss_step=0.096, train/loss_epoch=0.0997]
Training:   0%|          | 0/6250 [00:00<?, ?it/s]
eval_code took longer than 0.25 seconds
eval_code took longer than 0.25 seconds
eval_code took longer than 0.25 seconds
eval_code took longer than 0.25 seconds
******** iteration 69 ********
first training example inputs <s>6x6 background=0 1=0,4 2,2 2=0,2 2,0 0,0 3=4,0|6x6 background=0 1=4,2 2=0,4 3=0,0 8=2,4 2,0|6x6 background=0 1=0,0 2=2,2 6=4,4 4,0
3x3 background=0 1=1,1 0,2 2=0,1 1,0 0,0 3=2,0|3x3 background=0 1=2,1 2=0,2 3=0,0 8=1,0 1,2|3x3 background=0 1=0,0 2=1,1 6=2,0 2,2
first training example labels <s>x1 = ofcolor(I, TWO)
x2 = ofcolor(I, SIX)
O = downscale(I, TWO)</s>
                                   
Epoch 69: 100%|██████████| 6250/6250 [40:26<00:00,  2.58it/s, v_num=0, train/loss_step=0.0658, train/loss_epoch=0.0995]
Training:   0%|          | 0/6250 [00:00<?, ?it/s]
******** iteration 70 ********
first training example inputs <s>10x13 background=0 2=4,10 6,2 3,11 4,11 5,4 6,3 7,3 3=7,10 1,1 8,10 2,3 8,9 7,2 2,2 1,3 7,8 5,2 5=7,9 0,2 1,2 5,3 6,9 7=2,10 3,9 3,10 8=0,4 6,10 6,11 0,3 1,4 7,11|15x13 background=0 1=1,2 5,6 4,8 1,3 4,7 2=6,7 2,1 2,2 3,2 5,7 3=3,1 4,1 4=13,9 13,10 14,9 5=13,3 8,3 13,4 8,4 13,2 8,2 6=11,9 12,8 12,9 8=12,4 7,4 11,10 12,10 11,3 12,3 7,3 2,3 10,10 3,3 12,2 7,2 6,3|15x15 background=0 2=0,2 1,3 3=6,7 10,3 6,6 6,8 10,1 4=11,2 9,2 10,2 5=11,12 12,12 1,11 2,10 13,11 0,11 6=5,7 4,8 5,8 7=1,10 13,12 12,10 12,11 2,11 1,9 8=1,2 0,3 2,1 2,2 9=0,12 1,12 12,13 11,13
3x4 background=3 0=2,3 2,0 0,0 8=0,2 0,3 1,3 5=0,1 1,1|4x3 background=0 1=0,1 0,2 2=1,0 1,1 2,1 3=2,0 3,0 8=1,2 2,2|3x4 background=0 9=0,3 1,3 5=0,2 1,2 2,1 7=1,0 1,1 2,2
first training example labels <s>x1 = greater(THREE, SIX)
x2 = objects(I, x1, F, T)
x3 = argmax(x2, size)
O = subgrid(x3, I)</s>
                                   
Epoch 70: 100%|██████████| 6250/6250 [40:33<00:00,  2.57it/s, v_num=0, train/loss_step=0.0941, train/loss_epoch=0.0994]
Training:   0%|          | 0/6250 [00:00<?, ?it/s]
******** iteration 71 ********
first training example inputs <s>10x10 background=1 4=4,0 5,4 5,1 5,7 8,0 9,2 0,2 9,8 2,2 1,0 0,8 2,8 6,2 6,8 4,2 3,0 5,0 5,6 4,8 5,3 5,9 8,2 8,8 1,2 1,8 7,0 3,2 5,2 3,8 5,5 9,0 0,0 5,8 2,0 7,2 6,0 7,8|21x21 background=5 3=6,18 17,3 10,6 9,8 10,3 8,18 19,18 13,2 17,18 10,12 13,11 2,8 13,8 1,18 13,17 6,8 12,3 0,18 4,8 5,3 3,18 14,18 12,18 8,8 10,5 13,4 19,8 13,1 10,14 1,8 13,10 7,3 10,20 13,19 18,3 13,15 20,18 7,18 3,8 14,8 9,3 10,7 2,3 13,3 10,16 9,18 13,12 16,8 6,3 15,18 20,8 4,3 8,3 10,0 4,18 19,3 10,9 0,8 11,8 1,3 13,5 10,18 10,15 13,14 15,8 13,20 3,3 14,3 17,8 5,18 10,2 10,11 10,8 13,7 16,3 10,17 13,16 13,13 18,18 20,3 16,18 12,8 5,8 10,4 0,3 10,1 13,0 11,3 10,13 10,10 13,9 13,6 10,19 13,18 11,18 2,18 15,3 7,8 18,8|27x27 background=5 8=21,16 19,0 14,13 19,9 10,6 9,8 12,25 5,19 14,22 19,18 9,17 23,25 9,26 24,8 24,17 24,26 25,25 7,19 18,19 3,6 19,2 22,19 9,1 14,15 19,11 9,
2x4 background=1|3x4 background=5|5x5 background=5
first training example labels <s>x1 = mostcolor(I)
x2 = rot270(I)
x3 = rot180(I)
x4 = frontiers(I)
x5 = sfilter(x4, vline)
x6 = difference(x4, x5)
x7 = astuple(x6, x5)
x8 = apply(size, x7)
x9 = increment(x8)
O = canvas(x1, x9)</s>
                                   
Epoch 71: 100%|██████████| 6250/6250 [40:29<00:00,  2.57it/s, v_num=0, train/loss_step=0.109, train/loss_epoch=0.0991]
Training:   0%|          | 0/6250 [00:00<?, ?it/s]
******** iteration 72 ********
first training example inputs <s>15x15 background=0 1=13,10 4,6 7,1 9,9 2=6,12 3,4 4,9 14,1 5,4 5,10 11,2 11,5 2,2 1,0 13,2 0,8 0,11 1,12 13,14 12,3 12,9 14,6 3,12 14,12 9,1 10,5 1,2 13,4 7,3 4,7 3,14 8,1 1,1 2,3 7,11 7,8 3=2,1 4,3 14,7 0,13 6,6 9,2 7,9 1,6 1,3 13,5 7,4 6,2 8,4 0,0 0,9 0,12 8,13 12,12 5,0 13,6 5,3 9,7 5,12 10,2 5=2,9 1,7 14,5 6,9 11,4 2,13 6=8,8 6,10 7,5 9,12 10,12 7,13 13,13 7=2,7 5,8 1,8 8,10 11,9 10,13 1,13 10,0 8=8,2 4,0 4,8 9,4 9=0,7 3,13 12,1 3,9 14,2|15x15 background=0 1=2,3 3,7 13,10 12,3 9,4 2=11,7 1,5 12,13 5,1 6,4 10,3 9,11 1,9 4,10 5,5 0,3 12,12 14,9 13,6 5,3 4,11 3=8,8 13,14 10,11 12,7 2,1 9,3 4,9 4,2 12,9 9,5 8,9 3,12 14,5 10,2 4=11,1 10,5 13,13 7,6 6,10 9,8 3,2 2,5 0,14 11,11 1,12 9,0 7,10 8,10 14,6 10,10 5,0 4,14 6=0,7 4,0 3,4 5,13 6,7 0,2 5,10 8,3 8,12 2,11 10,12 7,1 6,5 9,12 2
15x15 background=0 1=9,10 10,8 12,10 3,7 6,1 4,6 7,0 14,10 5,7 8,0 13,10 8,9 9,8 10,9 12,11 13,11 3,5 14,11 5,5 7,1 6,0 9,9 10,10 4,5 13,9 14,9 5,6 7,2 3,6 2=6,12 3,4 4,9 14,1 5,4 5,10 11,2 11,5 2,2 1,0 13,2 0,8 0,11 1,12 13,14 12,3 12,9 14,6 3,12 14,12 9,1 10,5 1,2 13,4 7,3 4,7 3,14 8,1 1,1 2,3 7,11 7,8 3=2,1 4,3 14,7 0,13 6,6 9,2 7,9 1,6 1,3 13,5 7,4 6,2 8,4 0,0 0,9 0,12 8,13 12,12 5,0 13,6 5,3 9,7 5,12 10,2 5=2,9 1,7 14,5 6,9 11,4 2,13 6=8,8 6,10 7,5 9,12 10,12 7,13 13,13 7=2,7 5,8 1,8 8,10 11,9 10,13 1,13 10,0 8=8,2 4,0 4,8 9,4 9=0,7 3,13 12,1 3,9 14,2|15x15 background=0 1=12,4 12,10 3,7 4,6 14,10 11,2 2,2 13,2 1,3 13,11 2,8 12,3 3,3 4,8 3,6 11,4 9,4 2,4 1,2 13,4 2,7 13,10 12,2 12,11 4,7 14,11 3,8 8,4 10,4 11,3 1,4 2,3 13,3 13,9 2,6 2=11,7 1,5 12,13 5,1 6,4 10,3 9,11 1,9 4,10 5
first training example labels <s>x1 = objects(I, F, T, T)
x2 = leastcolor(I)
x3 = objects(I, T, F, T)
x4 = partition(I)
x5 = ofcolor(I, x2)
x6 = mapply(neighbors, x5)
O = underfill(I, x2, x6)</s>
                                   
Epoch 72: 100%|██████████| 6250/6250 [40:34<00:00,  2.57it/s, v_num=0, train/loss_step=0.0841, train/loss_epoch=0.0988]
Training:   0%|          | 0/6250 [00:00<?, ?it/s]
******** iteration 73 ********
first training example inputs <s>10x13 background=0 2=4,10 6,2 3,11 4,11 5,4 6,3 7,3 3=7,10 1,1 8,10 2,3 8,9 7,2 2,2 1,3 7,8 5,2 5=7,9 0,2 1,2 5,3 6,9 7=2,10 3,9 3,10 8=0,4 6,10 6,11 0,3 1,4 7,11|15x13 background=0 1=1,2 5,6 4,8 1,3 4,7 2=6,7 2,1 2,2 3,2 5,7 3=3,1 4,1 4=13,9 13,10 14,9 5=13,3 8,3 13,4 8,4 13,2 8,2 6=11,9 12,8 12,9 8=12,4 7,4 11,10 12,10 11,3 12,3 7,3 2,3 10,10 3,3 12,2 7,2 6,3|15x15 background=0 2=0,2 1,3 3=6,7 10,3 6,6 6,8 10,1 4=11,2 9,2 10,2 5=11,12 12,12 1,11 2,10 13,11 0,11 6=5,7 4,8 5,8 7=1,10 13,12 12,10 12,11 2,11 1,9 8=1,2 0,3 2,1 2,2 9=0,12 1,12 12,13 11,13
3x4 background=3 0=2,3 2,0 0,0 8=0,2 0,3 1,3 5=0,1 1,1|4x3 background=0 2=1,0 1,1 2,1 3=2,0 3,0 5=0,1 0,2 8=1,2 2,2|3x4 background=0 9=0,3 1,3 5=0,2 1,2 2,1 7=1,0 1,1 2,2
first training example labels <s>x1 = greater(THREE, FOUR)
x2 = objects(I, F, x1, T)
x3 = argmax(x2, size)
x4 = subgrid(x3, I)
O = replace(x4, ONE, FIVE)</s>
                                   
Epoch 73: 100%|██████████| 6250/6250 [40:32<00:00,  2.57it/s, v_num=0, train/loss_step=0.0935, train/loss_epoch=0.0984]
Training:   0%|          | 0/6250 [00:00<?, ?it/s]
******** iteration 74 ********
first training example inputs <s>3x7 background=0 8=1,6 2,4 2,5 0,6 4=2,3 0,3 1,3 6=1,1 2,1 0,0|3x7 background=0 8=2,4 0,4 0,5 1,5 1,6 4=2,3 0,3 1,3 6=1,1 0,2 2,1 2,2|3x7 background=0 8=2,4 0,4 2,6 0,6 4=2,3 0,3 1,3 6=0,2 1,2 2,1 2,2 1,0|3x7 background=0 8=1,6 2,5 1,4 4=2,3 0,3 1,3 6=0,2 2,2 2,1 0,0 1,0 1,1 2,0|3x7 background=0 8=1,5 0,4 2,4 0,6 4=2,3 0,3 1,3 6=1,1 0,2
3x3 background=0 2=0,2 1,2 2,0 2,1|3x3 background=2 0=1,0 0,2 2,1 2,2|3x3 background=0 2=2,2 0,2 2,0 0,0|3x3 background=0 2=1,0 1,2 2,1|3x3 background=0 2=1,1 0,2 2,0 0,0
first training example labels <s>x1 = lefthalf(I)
x2 = righthalf(I)
x3 = ofcolor(x2, ZERO)
x4 = intersection(x3, x3)
x5 = shape(x1)
x6 = canvas(TWO, x5)
x7 = fill(x6, ZERO, x4)
O = underfill(x7, ZERO, x3)</s>
                                   
Epoch 74: 100%|██████████| 6250/6250 [40:41<00:00,  2.56it/s, v_num=0, train/loss_step=0.111, train/loss_epoch=0.098]
Training:   0%|          | 0/6250 [00:00<?, ?it/s]
******** iteration 75 ********
first training example inputs <s>20x20 background=0 2=3,4 4,3 5,4 4,6 6,4 3,5 4,4 5,5 6,5 5,3 4,5 3,3 5,6 3,6 6,6 6,3 4=14,7 16,9 15,7 14,10 17,9 16,6 15,10 17,6 18,9 18,6 16,7 14,8 17,7 16,10 15,8 18,7 17,10 18,10 14,6 15,6 14,9 15,9 16,8 17,8 18,8 6=17,3 3,16 14,16 8,9 19,9 9,8 10,3 13,2 0,14 10,12 13,11 0,11 11,11 18,4 6,2 2,17 15,14 7,10 14,0 0,18 4,8 5,12 17,14 9,10 2,4 13,4 13,1 16,0 11,13 2,19 13,19 12,5 6,0 8,4 19,4 0,0 8,1 19,10 1,4 0,15 2,12 18,5 16,17 12,7 17,0 12,13 4,12 0,2 3,19 4,18 8,3 19,12 0,8 16,1 13,14 7,16 12,0 18,13 14,3 17,2 4,14 17,11 9,7 9,4 0,1 11,1 8,14 19,14 13,7 6,1 0,19 11,19 1,14 2,13 18,18 17,4 14,14 8,7 19,7 2,0 17,19 11,12 10,10 13,9 1,16 11,18 18,11 7,8 7=12,4 6,18 12,1 6,15 4,9 9,2 8,0 12,19 5,13 3,13 14,13 17,12 0,5 11,5 7,4 1,18 1,15 6,8 18,19 3,0 6,17 19,2 11,7 19,8 0,4 19,17 1,11 1,8 13,10 3,2 4,1 3,11 3,8 9,3 3,17 17,13 8,
3x3 background=4|3x3 background=3|3x3 background=8
first training example labels <s>x1 = equality(ONE, THREE)
x2 = objects(I, T, x1, T)
x3 = argmin(x2, size)
x4 = argmax(x2, size)
x5 = color(x4)
x6 = canvas(x5, THREE_BY_THREE)
O = paint(x6, x3)</s>
                                   
Epoch 75: 100%|██████████| 6250/6250 [40:43<00:00,  2.56it/s, v_num=0, train/loss_step=0.0907, train/loss_epoch=0.0977]
Training:   0%|          | 0/6250 [00:00<?, ?it/s]
******** iteration 76 ********
first training example inputs <s>24x24 background=5 0=2,15 2,16 4,12 3,16 2,13 4,15 3,13 3,19 2,19 4,18 2,14 4,16 3,14 2,17 4,13 4,19 3,17 2,12 2,18 4,14 3,12 3,18 4,17 3,15 1=12,1 22,5 22,11 5,1 5,7 12,22 5,16 2,2 5,22 16,1 1,12 1,18 7,1 18,1 18,7 22,1 18,16 16,22 2,21 22,7 7,22 18,22 21,21 22,16 22,22 11,1 13,4 1,5 1,11 11,22 13,19 21,2 16,18 7,18 22,12 4,4 4,10 22,18 19,4 10,4 1,1 19,10 19,13 19,19 1,7 16,5 10,19 1,16 7,5 1,22 2=15,21 14,4 4,9 3,10 14,19 19,9 9,14 10,3 8,12 11,8 8,21 15,2 2,8 16,7 15,11 7,7 16,16 13,20 7,16 20,13 20,10 21,15 14,9 12,15 8,2 8,11 9,4 19,14 9,19 10,20 21,8 12,8 14,14 9,9 13,3 11,15 15,12 3=8,8 9,16 14,7 16,9 14,16 7,9 12,11 8,15 11,11 7,14 15,8 11,12 12,12 16,14 9,7 15,15 4=23,1 3,4 4,3 3,1 21,19 20,23 22,20 20,20 22,23 4,21 19,3 23,22 3,22 1,0 1,3 19,21 0,20 20,4 2,20 21,3 20,1 4,2 3,0 23,3 3,3 20,19 20,22 19,2 3,21 4,20 0,1 2,4 19,20 1,20 0,22 1,23 20,0 20,3
3x8 background=5 1=2,1 2,7 2=1,1 0,3 2,2 4=0,7 1,7 6=1,0 2,0 1,4 9=0,1 2,3 0,4 1,5 1,6|4x3 background=0|5x6 background=2 1=0,1 0,4 2,1 1,3 3,5 4,2 3,0 4=3,4 5=4,4 4,5 2,5 6=4,1 3,1 3,2 0,3 2,0 8=4,3 2,4 0,2 3,3 0,0 1,0|6x7 background=4 1=2,3 5,0 0,5 3,2 0,6 2=5,6 3=1,5 5,1 0,0 5=0,1 4,4 1,2 0,4 2,1 4,0 1,0 6=1,6 4,6 2,6 3,6 8=2,4 3,4 4,3 3,1 5,4 4,2 4,5 2,2 1,3|8x5 background=2 3=3,1 6,3 2,0 5=4,4 0,4 3,4 4,3 7,0 1,4 6=7,4 1,0 5,4 4,1 3,2 4,2 5,2 7=0,1 5,0 0,3 2,3 8=2,4 4,0 6,2 7,1 6,1 7,3 3,0 9=0,2 6,0 2,2 1,1 1,3
first training example labels <s>x1 = vmirror(I)
x2 = vmirror(x1)
x3 = ofcolor(I, ZERO)
x4 = subgrid(x3, x1)
x5 = subgrid(x3, x2)
x6 = palette(x4)
x7 = contained(ZERO, x6)
O = branch(x7, x5, x4)</s>
                                   
Epoch 76: 100%|██████████| 6250/6250 [40:53<00:00,  2.55it/s, v_num=0, train/loss_step=0.106, train/loss_epoch=0.0979]
Training:   0%|          | 0/6250 [00:00<?, ?it/s]
eval_code took longer than 0.25 seconds
******** iteration 77 ********
first training example inputs <s>5x13 background=0 2=2,6 3,6 1,6 4,6 0,6 7=0,1 0,7 4,0 0,4 2,7 4,3 3,1 3,7 1,5 1,11 2,10 0,2 0,5 2,2 1,0 2,5 4,1 3,11 4,4 2,0 0,12 2,3 1,7 3,9 4,8 1,10 4,11|5x13 background=7 0=2,4 4,0 1,2 3,4 0,4 4,3 2,1 1,11 2,10 3,10 1,0 2,5 2,11 0,11 3,5 4,10 0,0 1,1 0,9 1,4 2,3 2,9 1,7 3,3 3,9 2,12 4,11 2=2,6 3,6 1,6 4,6 0,6|5x13 background=0 2=2,6 3,6 1,6 4,6 0,6 7=0,7 4,0 3,4 2,1 3,1 3,7 4,9 2,10 4,12 0,2 0,5 2,2 1,0 0,8 3,2 1,3 4,7 3,11 4,4 4,10 0,0 0,3 4,2 2,9 4,5 3,3 4,8 1,10 4,11|5x13 background=7 0=0,7 1,2 2,7 2,10 1,8 4,12 3,10 0,2 0,5 2,2 3,2 2,5 2,11 1,3 1,9 2,8 3,11 4,10 3,8 1,1 0,3 2,0 4,2 2,3 2,9 4,5 2,12 3,12 4,11 2=2,6 3,6 1,6 4,6 0,6
5x6 background=1 0=2,4 1,2 2,1 1,1 0,3 4,2 4,5 3,3 3,5|5x6 background=1 0=2,4 0,4 4,3 1,4 2,3 3,3 1,0 2,5|5x6 background=1 0=2,4 1,2 0,4 1,5 1,1 2,0 1,4 2,5 3,5|5x6 background=1 0=2,3 4,5 1,2 2,2 1,1 2,5 2,0
first training example labels <s>x1 = lefthalf(I)
x2 = righthalf(I)
x3 = ofcolor(I, ZERO)
x4 = ofcolor(x2, ZERO)
x5 = ofcolor(x2, ONE)
x6 = ofcolor(x1, ZERO)
x7 = intersection(x3, x4)
x8 = shape(x1)
x9 = canvas(ONE, x8)
O = underfill(x9, ZERO, x7)</s>
                                   
Epoch 77: 100%|██████████| 6250/6250 [40:44<00:00,  2.56it/s, v_num=0, train/loss_step=0.073, train/loss_epoch=0.0973]
Training:   0%|          | 0/6250 [00:00<?, ?it/s]
******** iteration 78 ********
first training example inputs <s>15x15 background=0 1=8,8 6,8 7,8 2=7,9 7,10 8,10 3=10,4 9,2 8,9 6,10 10,3 6,9 11,4 10,2 4=4,10 2,9 3,9 4,9 2,10 6=11,2 11,3 9,3 9,4 7=3,8 3,10 4,8 2,8 8=3,2 3,3 4,2 4,3 9=4,4 2,3 2,4 3,4 2,2|15x15 background=0 1=9,7 10,8 9,9 2=12,4 10,5 11,5 10,4 11,3 11,4 3=12,5 12,3 10,3 4=5,9 6,8 5,8 5=4,4 2,3 2,4 4,5 2,5 6=3,3 4,3 7=11,7 9,8 10,9 11,8 11,9 10,7 8=3,4 3,5 9=4,10 5,10 6,10 4,8 4,9 6,9|15x15 background=0 1=4,10 3,9 3,10 2,8 2=2,10 4,8 3=7,4 8,3 9,4 9,3 8,2 7,3 4=9,10 10,10 10,8 9,9 11,8 11,9 5=2,4 2,2 3,2 1,3 1,4 6=4,9 2,9 3,8 7=2,3 1,2 3,3 3,4 8=8,4 9,2 7,2 9=10,9 9,8 11,10
3x3 background=1 2=1,1 1,2 2,2 3=0,1 0,2 2,1|3x3 background=5 8=1,1 1,2 6=1,0 2,0|3x3 background=1 2=0,2 2,0 6=0,1 1,0 2,1
first training example labels <s>x1 = objects(I, F, F, T)
x2 = argmax(x1, numcolors)
x3 = replace(I, NINE, SIX)
x4 = replace(x3, ZERO, FIVE)
x5 = height(x4)
x6 = subgrid(x2, x4)
O = replace(x6, x5, x5)</s>
                                   
Epoch 78: 100%|██████████| 6250/6250 [40:49<00:00,  2.55it/s, v_num=0, train/loss_step=0.117, train/loss_epoch=0.0968]
Training:   0%|          | 0/6250 [00:00<?, ?it/s]
******** iteration 79 ********
first training example inputs <s>6x6 background=0 1=0,4 2,2 2=0,2 2,0 0,0 3=4,0|6x6 background=0 1=4,2 2=0,4 3=0,0 8=2,4 2,0|6x6 background=0 1=0,0 2=2,2 6=4,4 4,0
3x3 background=0 1=1,1 0,2 2=0,1 1,0 0,0 3=2,0|3x3 background=0 1=2,1 2=0,2 3=0,0 8=1,0 1,2|3x3 background=0 1=0,0 2=1,1 6=2,0 2,2
first training example labels <s>x1 = ofcolor(I, TWO)
x2 = ofcolor(I, SIX)
x3 = mapply(neighbors, x1)
O = compress(I)</s>
                                   
Epoch 79: 100%|██████████| 6250/6250 [40:53<00:00,  2.55it/s, v_num=0, train/loss_step=0.126, train/loss_epoch=0.0969]
Training:   0%|          | 0/6250 [00:00<?, ?it/s]
******** iteration 80 ********
first training example inputs <s>3x7 background=0 8=1,6 2,4 2,5 0,6 4=2,3 0,3 1,3 6=1,1 2,1 0,0|3x7 background=0 8=2,4 0,4 0,5 1,5 1,6 4=2,3 0,3 1,3 6=1,1 0,2 2,1 2,2|3x7 background=0 8=2,4 0,4 2,6 0,6 4=2,3 0,3 1,3 6=0,2 1,2 2,1 2,2 1,0|3x7 background=0 8=1,6 2,5 1,4 4=2,3 0,3 1,3 6=0,2 2,2 2,1 0,0 1,0 1,1 2,0|3x7 background=0 8=1,5 0,4 2,4 0,6 4=2,3 0,3 1,3 6=1,1 0,2
3x3 background=2 0=0,1 1,0 2,2|3x3 background=2 0=1,0|3x3 background=2 0=0,1 1,1|3x3 background=2 0=0,1|3x3 background=0 2=1,1 0,2 2,0 0,0
first training example labels <s>x1 = lefthalf(I)
x2 = righthalf(I)
x3 = ofcolor(x1, ZERO)
x4 = ofcolor(x2, ZERO)
x5 = ofcolor(x1, EIGHT)
x6 = intersection(x3, x4)
x7 = shape(x1)
x8 = canvas(TWO, x7)
O = underfill(x8, ZERO, x6)</s>
                                   
Epoch 80: 100%|██████████| 6250/6250 [40:49<00:00,  2.55it/s, v_num=0, train/loss_step=0.0656, train/loss_epoch=0.0965]
Training:   0%|          | 0/6250 [00:00<?, ?it/s]
******** iteration 81 ********
first training example inputs <s>6x6 background=0 1=0,4 2,2 2=0,2 2,0 0,0 3=4,0|6x6 background=0 1=4,2 2=0,4 3=0,0 8=2,4 2,0|6x6 background=0 1=0,0 2=2,2 6=4,4 4,0
3x3 background=0 1=1,1 0,2 2=0,1 1,0 0,0 3=2,0|3x3 background=0 1=2,1 2=0,2 3=0,0 8=1,0 1,2|3x3 background=0 1=0,0 2=1,1 6=2,0 2,2
first training example labels <s>x1 = objects(I, T, F, T)
x2 = colorfilter(x1, ONE)
x3 = sizefilter(x2, ONE)
O = downscale(I, TWO)</s>
                                   
Epoch 81: 100%|██████████| 6250/6250 [40:50<00:00,  2.55it/s, v_num=0, train/loss_step=0.0989, train/loss_epoch=0.0962]
Training:   0%|          | 0/6250 [00:00<?, ?it/s]
******** iteration 82 ********
first training example inputs <s>6x6 background=0 1=0,4 2,2 2=0,2 2,0 0,0 3=4,0|6x6 background=0 1=4,2 2=0,4 3=0,0 8=2,4 2,0|6x6 background=0 1=0,0 2=2,2 6=4,4 4,0
3x3 background=0 1=1,1 0,2 2=0,1 1,0 0,0 3=2,0|3x3 background=0 1=2,1 2=0,2 3=0,0 8=1,0 1,2|3x3 background=0 1=0,0 2=1,1 6=2,0 2,2
first training example labels <s>x1 = ofcolor(I, FIVE)
O = downscale(I, NEG_TWO)</s>
                                   
Epoch 82: 100%|██████████| 6250/6250 [40:38<00:00,  2.56it/s, v_num=0, train/loss_step=0.0756, train/loss_epoch=0.0964]
Training:   0%|          | 0/6250 [00:00<?, ?it/s]
******** iteration 83 ********
first training example inputs <s>3x7 background=0 8=1,6 2,4 2,5 0,6 4=2,3 0,3 1,3 6=1,1 2,1 0,0|3x7 background=0 8=2,4 0,4 0,5 1,5 1,6 4=2,3 0,3 1,3 6=1,1 0,2 2,1 2,2|3x7 background=0 8=2,4 0,4 2,6 0,6 4=2,3 0,3 1,3 6=0,2 1,2 2,1 2,2 1,0|3x7 background=0 8=1,6 2,5 1,4 4=2,3 0,3 1,3 6=0,2 2,2 2,1 0,0 1,0 1,1 2,0|3x7 background=0 8=1,5 0,4 2,4 0,6 4=2,3 0,3 1,3 6=1,1 0,2
3x3 background=2 0=0,1 1,0 2,2|3x3 background=2 0=1,0|3x3 background=2 0=0,1 1,1|3x3 background=2 0=0,1|3x3 background=0 2=1,1 0,2 2,0 0,0
first training example labels <s>x1 = lefthalf(I)
x2 = righthalf(I)
x3 = ofcolor(x2, ZERO)
x4 = ofcolor(x1, ZERO)
x5 = intersection(x3, x4)
x6 = canvas(TWO, THREE_BY_THREE)
x7 = righthalf(x2)
O = underfill(x6, ZERO, x5)</s>
                                   
Epoch 83: 100%|██████████| 6250/6250 [40:43<00:00,  2.56it/s, v_num=0, train/loss_step=0.0868, train/loss_epoch=0.096]
Training:   0%|          | 0/6250 [00:00<?, ?it/s]
******** iteration 84 ********
first training example inputs <s>12x4 background=0 3=0,1 4,0 1,1 0,3 5,1 3,0 0,2 3,3 5,3 3,2 1,3 5=11,1 9,0 11,0 6,1 11,3 9,2 10,0 6,3|12x4 background=0 3=0,1 1,2 4,0 2,1 0,0 5,3 0,3 4,2 1,0 3,2 1,3 5=7,1 9,3 11,0 10,1 9,2 8,0 7,3 8,3 10,0 7,2 6,0 9,1 10,2|12x4 background=0 3=0,1 4,0 0,0 5,3 5,1 2,3 3,3 5,0 1,0 3,2 5,2 5=9,0 7,1 9,3 11,0 6,1 7,0 10,1 9,2 8,0 11,2 10,0 8,2 9,1 10,2|12x4 background=0 3=0,1 1,2 4,0 2,1 0,0 3,1 1,1 2,0 4,2 2,3 5,0 3,2 1,3 5=11,1 6,1 7,0 9,2 8,0 7,3 11,2 10,0 6,3 6,2 9,0 7,1 9,3 8,1 7,2 8,2 9,1
6x4 background=0 4=0,1 4,0 1,1 0,3 5,1 3,0 0,2 3,3 5,0 5,3 3,2 1,3|6x4 background=4 0=0,2 5,2 2,2 4,3 5,1 3,0|6x4 background=4 0=0,2 1,2 2,1 4,3 0,3 1,3|6x4 background=4 0=5,3 4,1 4,3
first training example labels <s>x1 = rot180(I)
x2 = tophalf(I)
x3 = bottomhalf(I)
x4 = shape(x3)
x5 = shape(x2)
x6 = ofcolor(I, ZERO)
x7 = ofcolor(x3, ZERO)
x8 = combine(x6, x7)
x9 = intersection(x6, x7)
x10 = canvas(FOUR, x4)
O = fill(x10, ZERO, x9)</s>
                                   
Epoch 84: 100%|██████████| 6250/6250 [40:27<00:00,  2.58it/s, v_num=0, train/loss_step=0.088, train/loss_epoch=0.0958]
Training:   0%|          | 0/6250 [00:00<?, ?it/s]
******** iteration 85 ********
first training example inputs <s>3x7 background=0 8=1,6 2,4 2,5 0,6 4=2,3 0,3 1,3 6=1,1 2,1 0,0|3x7 background=0 8=2,4 0,4 0,5 1,5 1,6 4=2,3 0,3 1,3 6=1,1 0,2 2,1 2,2|3x7 background=0 8=2,4 0,4 2,6 0,6 4=2,3 0,3 1,3 6=0,2 1,2 2,1 2,2 1,0|3x7 background=0 8=1,6 2,5 1,4 4=2,3 0,3 1,3 6=0,2 2,2 2,1 0,0 1,0 1,1 2,0|3x7 background=0 8=1,5 0,4 2,4 0,6 4=2,3 0,3 1,3 6=1,1 0,2
3x3 background=2 0=0,1 1,0 2,2|3x3 background=2 0=1,0|3x3 background=2 0=0,1 1,1|3x3 background=2 0=0,1|3x3 background=0 2=1,1 0,2 2,0 0,0
first training example labels <s>x1 = lefthalf(I)
x2 = righthalf(I)
x3 = ofcolor(x2, ZERO)
x4 = ofcolor(I, ZERO)
x5 = intersection(x3, x4)
x6 = shape(x1)
x7 = canvas(TWO, x6)
x8 = righthalf(x7)
O = fill(x7, ZERO, x5)</s>
                                   
Epoch 85: 100%|██████████| 6250/6250 [40:43<00:00,  2.56it/s, v_num=0, train/loss_step=0.154, train/loss_epoch=0.0955]
Training:   0%|          | 0/6250 [00:00<?, ?it/s]
******** iteration 86 ********
first training example inputs <s>24x24 background=5 0=2,15 2,16 4,12 3,16 2,13 4,15 3,13 3,19 2,19 4,18 2,14 4,16 3,14 2,17 4,13 4,19 3,17 2,12 2,18 4,14 3,12 3,18 4,17 3,15 1=12,1 22,5 22,11 5,1 5,7 12,22 5,16 2,2 5,22 16,1 1,12 1,18 7,1 18,1 18,7 22,1 18,16 16,22 2,21 22,7 7,22 18,22 21,21 22,16 22,22 11,1 13,4 1,5 1,11 11,22 13,19 21,2 16,18 7,18 22,12 4,4 4,10 22,18 19,4 10,4 1,1 19,10 19,13 19,19 1,7 16,5 10,19 1,16 7,5 1,22 2=15,21 14,4 4,9 3,10 14,19 19,9 9,14 10,3 8,12 11,8 8,21 15,2 2,8 16,7 15,11 7,7 16,16 13,20 7,16 20,13 20,10 21,15 14,9 12,15 8,2 8,11 9,4 19,14 9,19 10,20 21,8 12,8 14,14 9,9 13,3 11,15 15,12 3=8,8 9,16 14,7 16,9 14,16 7,9 12,11 8,15 11,11 7,14 15,8 11,12 12,12 16,14 9,7 15,15 4=23,1 3,4 4,3 3,1 21,19 20,23 22,20 20,20 22,23 4,21 19,3 23,22 3,22 1,0 1,3 19,21 0,20 20,4 2,20 21,3 20,1 4,2 3,0 23,3 3,3 20,19 20,22 19,2 3,21 4,20 0,1 2,4 19,20 1,20 0,22 1,23 20,0 20,3
3x8 background=5 1=2,1 2,7 2=1,1 0,3 2,2 4=0,7 1,7 6=1,0 2,0 1,4 9=0,1 2,3 0,4 1,5 1,6|4x3 background=9 2=3,0 4=1,1 1,2 6=0,0 7=3,1 3,2 8=2,0|5x6 background=2 1=0,1 0,4 2,1 1,3 3,5 4,2 3,0 4=3,4 5=4,4 4,5 2,5 6=4,1 3,1 3,2 0,3 2,0 8=4,3 2,4 0,2 3,3 0,0 1,0|6x7 background=4 1=2,3 5,0 0,5 3,2 0,6 2=5,6 3=1,5 5,1 0,0 5=0,1 4,4 1,2 0,4 2,1 4,0 1,0 6=1,6 4,6 2,6 3,6 8=2,4 3,4 4,3 3,1 5,4 4,2 4,5 2,2 1,3|8x5 background=2 3=3,1 6,3 2,0 5=4,4 0,4 3,4 4,3 7,0 1,4 6=7,4 1,0 5,4 4,1 3,2 4,2 5,2 7=0,1 5,0 0,3 2,3 8=2,4 4,0 6,2 7,1 6,1 7,3 3,0 9=0,2 6,0 2,2 1,1 1,3
first training example labels <s>x1 = hmirror(I)
x2 = vconcat(x1, x1)
x3 = vmirror(x2)
x4 = ofcolor(I, ZERO)
x5 = subgrid(x4, x1)
x6 = subgrid(x4, x3)
x7 = palette(x5)
x8 = contained(ZERO, x7)
O = branch(x8, x6, x5)</s>
                                   
Epoch 86: 100%|██████████| 6250/6250 [40:32<00:00,  2.57it/s, v_num=0, train/loss_step=0.165, train/loss_epoch=0.0952]
Training:   0%|          | 0/6250 [00:00<?, ?it/s]
******** iteration 87 ********
first training example inputs <s>24x24 background=9 1=23,4 4,0 18,23 3,1 22,20 20,20 19,0 23,19 0,5 3,22 2,5 1,3 0,23 20,1 23,0 22,4 3,3 5,0 23,18 21,18 20,22 22,19 5,18 5,21 4,23 0,4 19,23 0,19 18,0 1,20 21,5 18,18 20,3 18,21 22,3 23,5 4,1 5,2 5,5 23,23 0,0 19,1 4,22 3,20 5,23 1,4 19,22 2,18 18,2 0,18 18,5 1,19 2=20,5 12,1 20,14 22,11 21,13 23,10 4,6 5,1 4,15 13,2 19,15 7,4 1,18 10,21 18,1 7,19 22,13 22,10 3,9 4,8 5,3 3,18 4,17 19,8 17,23 13,1 19,17 1,11 0,13 2,10 10,23 6,4 11,22 18,3 20,9 6,19 20,18 7,18 22,12 8,4 9,3 0,6 5,20 8,19 1,13 1,10 10,22 7,5 13,21 21,10 22,5 18,20 17,0 23,13 5,7 19,6 12,22 5,16 10,0 5,22 16,4 9,20 0,17 1,12 18,7 13,23 22,1 16,19 18,16 6,23 23,6 14,3 18,22 22,22 10,2 11,1 0,10 1,5 15,4 2,13 13,22 15,19 16,18 4,7 3,5 17,4 22,18 23,17 3,14 4,16 19,7 1,1 14,20 10,1 13,0 17,19 19,16 16,5 6,0 1,22 3=11,7 10,11 11,10 10,8 11,9 10,7 11,12 10,10 10,9 11,8 10,12 11,11 4=13,7 13,
2x6 background=4 9=0,2 0,3 7=0,4 0,5 1,0 1,1 1,3|3x3 background=5 1=1,0 4=1,1 2,0 7=1,2 2,1 2,2|5x5 background=5 2=1,0 2,1 3,1 2,0 4,2 3,0 6=2,3 3,3 0,4 3,4 1,3 1,4 7=4,0 4,1 8=2,4 0,3 9=4,4 2,2|7x8 background=7 8=2,1 6,5 0,0 5,1 4,2 3,0 6,4 6,7 5,0 6,6 3,2 6,3 4,1 5,2 1=4,4 3,4 1,1 1,7 2,6 3,6 2,2 1,0 1,6 2,5 3,5 2=0,7 0,4 4,3 6,1 1,4 0,6 2,3 5,7 3,3 0,5 6,0 1,3|8x7 background=4 1=4,4 2,1 6,5 0,0 3,1 1,1 5,4 2,0 4,2 3,0 3,3 6,6 3,2 4,1 5,2 2=5,5 2,6 0,5 6,1 1,6 2,5 6=0,1 2,4 4,0 3,4 4,3 0,3 5,1 1,4 0,2 7,6 2,2 1,0 1,3 9=6,0 7,1 3,6 1,5 6,4 3,5
first training example labels <s>x1 = rot180(I)
x2 = ofcolor(I, THREE)
x3 = subgrid(x2, x1)
O = replace(x3, THREE, FOUR)</s>
                                   
Epoch 87: 100%|██████████| 6250/6250 [40:28<00:00,  2.57it/s, v_num=0, train/loss_step=0.108, train/loss_epoch=0.0952]
Training:   0%|          | 0/6250 [00:00<?, ?it/s]
******** iteration 88 ********
first training example inputs <s>10x10 background=0 2=2,4 5,5 6,2 6,5 6,4 2,3 6,3 2,2 3,2 2,5 3,5 5,2|10x10 background=0 1=1,5 3,1 3,7 6,4 2,2 3,2 2,5 1,3 5,2 5,5 6,5 1,4 2,3 2,6 5,6 3,6 5,3 6,3|10x10 background=0 5=1,2 2,1 1,5 3,1 4,6 5,1 1,6 3,2 1,3 4,1 3,5 5,2 5,5 1,1 3,3 2,6 5,6 3,6 5,3
10x10 background=0 2=2,4 5,5 6,2 6,5 6,4 2,3 6,3 2,2 3,2 2,5 3,5 5,2 3=4,4 4,0 4,3 4,9 4,6 4,2 4,5 4,8 4,1 4,7|10x10 background=0 1=1,5 3,1 3,7 6,4 2,2 3,2 2,5 1,3 5,2 5,5 6,5 1,4 2,3 2,6 5,6 3,6 5,3 6,3 3=4,4 4,0 4,3 4,9 4,6 4,2 4,5 4,8 4,1 4,7|10x10 background=0 3=3,8 3,9 3,4 3,7 3,0 5=1,2 2,1 1,5 3,1 4,6 5,1 1,6 3,2 1,3 4,1 3,5 5,2 5,5 1,1 3,3 2,6 5,6 3,6 5,3
first training example labels <s>x1 = objects(I, T, F, T)
x2 = objects(I, F, F, T)
x3 = fgpartition(I)
x4 = rot180(I)
x5 = compose(hfrontier, center)
x6 = fork(recolor, color, x5)
x7 = mapply(x6, x3)
O = underfill(I, THREE, x7)</s>
                                   
Epoch 88: 100%|██████████| 6250/6250 [40:24<00:00,  2.58it/s, v_num=0, train/loss_step=0.102, train/loss_epoch=0.0952]
Training:   0%|          | 0/6250 [00:00<?, ?it/s]
******** iteration 89 ********
first training example inputs <s>10x13 background=0 2=4,10 6,2 3,11 4,11 5,4 6,3 7,3 3=7,10 1,1 8,10 2,3 8,9 7,2 2,2 1,3 7,8 5,2 5=7,9 0,2 1,2 5,3 6,9 7=2,10 3,9 3,10 8=0,4 6,10 6,11 0,3 1,4 7,11|15x13 background=0 1=1,2 5,6 4,8 1,3 4,7 2=6,7 2,1 2,2 3,2 5,7 3=3,1 4,1 4=13,9 13,10 14,9 5=13,3 8,3 13,4 8,4 13,2 8,2 6=11,9 12,8 12,9 8=12,4 7,4 11,10 12,10 11,3 12,3 7,3 2,3 10,10 3,3 12,2 7,2 6,3|15x15 background=0 2=0,2 1,3 3=6,7 10,3 6,6 6,8 10,1 4=11,2 9,2 10,2 5=11,12 12,12 1,11 2,10 13,11 0,11 6=5,7 4,8 5,8 7=1,10 13,12 12,10 12,11 2,11 1,9 8=1,2 0,3 2,1 2,2 9=0,12 1,12 12,13 11,13
3x4 background=3 0=2,3 2,0 0,0 8=0,2 0,3 1,3 5=0,1 1,1|3x3 background=8 0=0,2 0,0 5=2,0 2,1 2,2|3x4 background=0 9=0,3 1,3 5=0,2 1,2 2,1 7=1,0 1,1 2,2
first training example labels <s>x1 = objects(I, F, T, T)
x2 = rbind(colorcount, FIVE)
x3 = argmax(x1, x2)
x4 = cellwise(I, I, NINE)
x5 = objects(x4, F, F, T)
x6 = replace(x4, ONE, FIVE)
O = subgrid(x3, x6)</s>
                                   
Epoch 89: 100%|██████████| 6250/6250 [40:30<00:00,  2.57it/s, v_num=0, train/loss_step=0.108, train/loss_epoch=0.0948]
Training:   0%|          | 0/6250 [00:00<?, ?it/s]
******** iteration 90 ********
first training example inputs <s>12x4 background=0 3=0,1 4,0 1,1 0,3 5,1 3,0 0,2 3,3 5,3 3,2 1,3 5=11,1 9,0 11,0 6,1 11,3 9,2 10,0 6,3|12x4 background=0 3=0,1 1,2 4,0 2,1 0,0 5,3 0,3 4,2 1,0 3,2 1,3 5=7,1 9,3 11,0 10,1 9,2 8,0 7,3 8,3 10,0 7,2 6,0 9,1 10,2|12x4 background=0 3=0,1 4,0 0,0 5,3 5,1 2,3 3,3 5,0 1,0 3,2 5,2 5=9,0 7,1 9,3 11,0 6,1 7,0 10,1 9,2 8,0 11,2 10,0 8,2 9,1 10,2|12x4 background=0 3=0,1 1,2 4,0 2,1 0,0 3,1 1,1 2,0 4,2 2,3 5,0 3,2 1,3 5=11,1 6,1 7,0 9,2 8,0 7,3 11,2 10,0 6,3 6,2 9,0 7,1 9,3 8,1 7,2 8,2 9,1
6x4 background=0 4=0,1 4,0 1,1 0,3 5,1 3,0 0,2 3,3 5,0 5,3 3,2 1,3|6x4 background=4 0=0,2 5,2 2,2 4,3 5,1 3,0|6x4 background=4 0=0,2 1,2 2,1 4,3 0,3 1,3|6x4 background=4 0=5,3 4,1 4,3
first training example labels <s>x1 = tophalf(I)
x2 = bottomhalf(I)
x3 = shape(x2)
x4 = objects(x1, T, F, T)
x5 = shape(x1)
x6 = ofcolor(I, ZERO)
x7 = ofcolor(x2, ZERO)
x8 = ofcolor(x2, FIVE)
x9 = ofcolor(x1, ZERO)
x10 = intersection(x6, x7)
x11 = canvas(FOUR, x3)
O = underfill(x11, ZERO, x10)</s>
                                   
Epoch 90: 100%|██████████| 6250/6250 [40:33<00:00,  2.57it/s, v_num=0, train/loss_step=0.0704, train/loss_epoch=0.0945]
Training:   0%|          | 0/6250 [00:00<?, ?it/s]
******** iteration 91 ********
first training example inputs <s>4x8 background=0 5=0,4 2,7 1,5 1,4 0,6 2,6 3,6 3,5 6=0,1 0,0 0,3 2,0 2,3 0,2 2,2 1,0 3,2|4x8 background=0 5=2,4 0,4 2,7 3,7 1,4 0,6 1,7 2,6 0,5 2,5 3,5 6=0,1 2,1 1,1 3,0 2,3 0,2 2,2 1,3|4x8 background=0 5=0,7 0,4 3,4 1,5 0,6 1,7 1,6 3,5 6=0,1 0,0 3,1 2,0 0,2 3,3 1,0 3,2|4x8 background=0 5=0,7 2,4 3,4 2,7 1,4 0,6 1,7 2,6 1,6 6=1,2 2,1 0,0 3,1 1,1 2,0 3,0 2,3 0,2 1,3
4x4 background=0 4=1,2 3,3 2,1 1,3 3,0|4x4 background=0 4=1,2 0,3 3,2|4x4 background=0 4=2,3 2,1 2,2|4x4 background=0 4=0,1 3,2 3,3
first training example labels <s>x1 = lefthalf(I)
x2 = righthalf(I)
x3 = ofcolor(x1, ZERO)
x4 = ofcolor(x2, ZERO)
x5 = ofcolor(x1, FIVE)
x6 = intersection(x3, x4)
x7 = shape(x1)
x8 = canvas(ZERO, x7)
O = underfill(x8, FOUR, x6)</s>
                                   
Epoch 91: 100%|██████████| 6250/6250 [40:29<00:00,  2.57it/s, v_num=0, train/loss_step=0.0826, train/loss_epoch=0.0942]
Training:   0%|          | 0/6250 [00:00<?, ?it/s]
******** iteration 92 ********
first training example inputs <s>4x8 background=0 5=0,4 2,7 1,5 1,4 0,6 2,6 3,6 3,5 6=0,1 0,0 0,3 2,0 2,3 0,2 2,2 1,0 3,2|4x8 background=0 5=2,4 0,4 2,7 3,7 1,4 0,6 1,7 2,6 0,5 2,5 3,5 6=0,1 2,1 1,1 3,0 2,3 0,2 2,2 1,3|4x8 background=0 5=0,7 0,4 3,4 1,5 0,6 1,7 1,6 3,5 6=0,1 0,0 3,1 2,0 0,2 3,3 1,0 3,2|4x8 background=0 5=0,7 2,4 3,4 2,7 1,4 0,6 1,7 2,6 1,6 6=1,2 2,1 0,0 3,1 1,1 2,0 3,0 2,3 0,2 1,3
4x4 background=0 4=1,2 3,3 2,1 1,3 3,0|4x4 background=0 4=1,2 0,3 3,2|4x4 background=0 4=2,3 2,1 2,2|4x4 background=0 4=0,1 3,2 3,3
first training example labels <s>x1 = replace(I, FIVE, FOUR)
x2 = righthalf(x1)
x3 = ofcolor(x1, ZERO)
x4 = ofcolor(x2, ZERO)
x5 = ofcolor(x1, SIX)
x6 = ofcolor(I, ZERO)
x7 = intersection(x3, x4)
x8 = astuple(FOUR, FOUR)
x9 = canvas(ZERO, x8)
O = fill(x9, FOUR, x7)</s>
                                   
Epoch 92: 100%|██████████| 6250/6250 [40:32<00:00,  2.57it/s, v_num=0, train/loss_step=0.0538, train/loss_epoch=0.0941]
Training:   0%|          | 0/6250 [00:00<?, ?it/s]
******** iteration 93 ********
first training example inputs <s>3x3 background=8 1=0,2 1,2 4=2,0 6=1,1 2,2 9=2,1|3x3 background=7 1=0,2 1,2 3=2,0 2,1 4=1,0|3x3 background=5 2=1,0 1,1 4=0,2 2,2 0,0|3x3 background=9 1=1,2 0,0 2=0,1 2,0 3=0,2 4=2,2
9x9 background=0 1=0,2 1,2 0,5 1,5 3,2 4,2 4=2,3 5,0 2,0 6=2,2 1,1 2,5 4,1 1,4 5,2 8=0,1 4,0 0,4 0,0 3,1 0,3 3,0 1,0 1,3 9=5,1 2,4 2,1|9x9 background=0 1=1,2 1,5 6,8 0,2 4,5 0,5 7,8 3,5 3=2,4 2,1 8,7 5,4 2,0 2,3 8,6 5,3 4=1,0 7,6 1,3 4,3 7=0,1 8,8 0,4 3,4 6,7 2,2 2,5 4,4 5,5 7,7 0,0 1,1 0,3 1,4 3,3 6,6|9x9 background=0 2=7,4 7,1 7,0 4,6 1,4 7,3 1,3 4,7 4=3,8 6,0 6,2 6,5 5,8 0,3 6,3 0,5 3,6 8,2 2,5 8,5 5=2,4 0,4 1,5 3,7 6,1 6,4 5,7 8,0 8,3 8,4 8,1 2,3 5,6 4,8 7,2 7,5|9x9 background=0 1=4,5 3,3 7,5 6,3 4,2 3,0 2=8,3 5,0 3,4 3,1 5,3 6,4 3=3,2 6,5 3,5 4=5,5 8,5 5,2 9=4,4 7,4 4,0 8,4 4,3 5,4 5,1 7,3 4,1
first training example labels <s>x1 = mostcolor(I)
x2 = cellwise(I, I, NINE)
x3 = cellwise(x2, x2, FOUR)
x4 = upscale(I, THREE)
x5 = ofcolor(x4, x1)
x6 = asindices(x4)
x7 = difference(x6, x5)
x8 = hconcat(I, x2)
x9 = hconcat(x8, x2)
x10 = vconcat(x9, x9)
x11 = vconcat(x10, x9)
O = fill(x11, ZERO, x7)</s>
                                   
Epoch 93: 100%|██████████| 6250/6250 [40:31<00:00,  2.57it/s, v_num=0, train/loss_step=0.0677, train/loss_epoch=0.0939]
Training:   0%|          | 0/6250 [00:00<?, ?it/s]
******** iteration 94 ********
first training example inputs <s>7x7 background=0 8=2,4 2,1 1,1 1,4 4,2 2,3 3,3 2,2|8x12 background=0 8=2,4 3,4 2,7 1,5 4,9 3,7 7,9 5,10 0,5 2,5 3,5 4,10 6,11 5,8 6,8 1,4 2,6 4,8 3,6 5,9 6,9 7,8|8x12 background=0 8=0,1 2,4 1,2 0,4 3,4 2,1 3,1 4,9 7,9 6,10 2,2 2,5 3,5 6,11 6,8 1,1 1,4 3,0 2,3 1,7 2,6 3,6 5,9 6,9
7x7 background=0 8=2,4 2,1 1,1 1,4 4,2 2,3 3,3 2,2 2=4,4 1,2 3,4 4,1 3,1 4,3 3,2 1,3|8x12 background=2 0=4,0 4,3 3,1 5,1 0,2 2,2 1,0 1,3 6,2 7,1 4,2 3,0 3,3 5,0 5,3 0,1 1,2 2,1 6,1 7,0 7,3 3,2 4,1 5,2 0,0 1,1 0,3 2,0 2,3 7,2 6,0 6,3 8=2,4 3,4 2,7 1,5 4,9 3,7 7,9 5,10 0,5 2,5 3,5 4,10 6,11 5,8 6,8 1,4 2,6 4,8 3,6 5,9 6,9 7,8|8x12 background=0 8=0,1 2,4 1,2 0,4 3,4 2,1 3,1 4,9 7,9 6,10 2,2 2,5 3,5 6,11 6,8 1,1 1,4 3,0 2,3 1,7 2,6 3,6 5,9 6,9 2=0,7 2,7 1,5 3,7 0,2 5,10 0,5 1,0 1,6 3,2 1,3 4,10 5,11 0,0 5,8 7,10 0,3 2,0 0,6 3,3 4,8 4,11 7,11 7,8
first training example labels <s>x1 = leastcolor(I)
x2 = objects(I, T, F, T)
x3 = objects(I, T, T, T)
x4 = ofcolor(I, x1)
x5 = mapply(delta, x3)
O = underfill(I, TWO, x5)</s>
                                   
Epoch 94:  67%|██████▋   | 4199/6250 [27:13<13:17,  2.57it/s, v_num=0, train/loss_step=0.0802]
Training:   0%|          | 0/6250 [00:00<?, ?it/s]
