codeit env activated. python: /scratch/cy2941/codeit_env/bin/python
Sat Apr 25 20:16:52 2026       
|=========================================+========================+======================|
|=========================================================================================|
--- starting GPU keepalive ---
keepalive PID=459163
--- starting method2 99-iter run on H200 (seed=17, human_lambda=0.5) ---
========== Configuration ==========
loading tasks from file path: ./data/evaluation/
loading tasks from file path: ./data/training/
Loading human trajectory curves...
loaded tasks from file ./data/mutated_tasks_train_
added 400 train tasks
added 16763 mutated train tasks
max train input length: 1024
***/scratch/cy2941/codeit_outputs/method2_h200_full_7064997_seed17_lambda0.5/last.ckpt.dir does not exist so initialising base model ***
initialising trainer
first inference example inputs <s>2x2 background=6 8=0,0 4=1,1|2x2 background=9 3=1,1 4=1,0 7=0,0
6x6 background=6 8=4,4 4,0 0,4 2,1 0,0 4,2 2,3 0,2 2,5 4=5,5 3,4 1,5 1,1 5,1 3,0 5,3 3,2 1,3|6x6 background=9 3=5,5 3,4 1,5 1,1 5,1 3,0 5,3 3,2 1,3 4=1,2 3,1 5,4 1,4 3,3 5,0 1,0 3,5 5,2 7=4,4 4,0 0,4 2,1 0,0 4,2 2,3 0,2 2,5
first inference example labels <s></s>
******** iteration 0 ********
first training example inputs <s>12x12 background=0 8=2,9 3,8 3,9 4,10 2=7,4 7,6 8,4 6,5 7,5 6,4 7,3 3=1,2 3,4 4,1 2,3 3,3 2,2 3,2 1,3|12x12 background=0 1=2,7 1,8 3,10 2,9 1,7 3,9 1,10 4,8 2,8 2=8,2 8,3 9,3 7,3 7=9,10 10,10 9,8 9,9 10,9 8,10|12x12 background=0 1=3,8 3,9 4,8 4,9 2,8 2=2,3 2,4 3,3 2,2 3,1 3,2 1,3 4=8,4 7,7 9,3 8,7 10,4 9,6 9,5 8,3 7,6 8,6 7,5 9,7 8,5 9,4
3x1 background=8 2=1,0 3=0,0|3x1 background=1 2=2,0 7=1,0|3x1 background=1 2=1,0 4=0,0
first training example labels <s>x1 = objects(I, F, T, T)
x2 = order(x1, size)
x3 = apply(color, x2)
x4 = rbind(canvas, UNITY)
x5 = apply(x4, x3)
x6 = merge(x5)
O = hmirror(x6)</s>
loading model from hugging face Salesforce/codet5p-220m
                                   
Epoch 0: 100%|██████████| 625/625 [03:48<00:00,  2.73it/s, v_num=0, train/loss_step=1.150, train/loss_epoch=1.930]
Training:   0%|          | 0/625 [00:00<?, ?it/s]
******** iteration 1 ********
first training example inputs <s>2x2 background=6 8=0,0 4=1,1|2x2 background=9 3=1,1 4=1,0 7=0,0
1x2 background=8 6=0,1|1x2 background=9 7=0,0
first training example labels <s>O = tophalf(I)</s>
                                   
Epoch 1: 100%|██████████| 633/633 [03:50<00:00,  2.74it/s, v_num=0, train/loss_step=0.723, train/loss_epoch=0.896]
Training:   0%|          | 0/633 [00:00<?, ?it/s]
******** iteration 2 ********
first training example inputs <s>2x2 background=6 8=0,0 4=1,1|2x2 background=9 3=1,1 4=1,0 7=0,0
1x2 background=8 6=0,1|1x2 background=9 7=0,0
first training example labels <s>O = tophalf(I)</s>
                                   
Epoch 2: 100%|██████████| 711/711 [04:26<00:00,  2.67it/s, v_num=0, train/loss_step=0.642, train/loss_epoch=0.672]
Training:   0%|          | 0/711 [00:00<?, ?it/s]
******** iteration 3 ********
first training example inputs <s>2x2 background=6 8=0,0 4=1,1|2x2 background=9 3=1,1 4=1,0 7=0,0
1x2 background=8 6=0,1|1x2 background=9 7=0,0
first training example labels <s>O = tophalf(I)</s>
                                   
Epoch 3: 100%|██████████| 882/882 [05:31<00:00,  2.66it/s, v_num=0, train/loss_step=0.337, train/loss_epoch=0.542]
Training:   0%|          | 0/882 [00:00<?, ?it/s]
******** iteration 4 ********
first training example inputs <s>2x2 background=6 8=0,0 4=1,1|2x2 background=9 3=1,1 4=1,0 7=0,0
1x2 background=8 6=0,1|1x2 background=9 7=0,0
first training example labels <s>O = tophalf(I)</s>
                                   
Epoch 4: 100%|██████████| 1024/1024 [06:25<00:00,  2.65it/s, v_num=0, train/loss_step=0.372, train/loss_epoch=0.463]
Training:   0%|          | 0/1024 [00:00<?, ?it/s]
******** iteration 5 ********
first training example inputs <s>2x2 background=6 8=0,0 4=1,1|2x2 background=9 3=1,1 4=1,0 7=0,0
1x2 background=8 6=0,1|1x2 background=9 7=0,0
first training example labels <s>O = tophalf(I)</s>
                                   
Epoch 5: 100%|██████████| 1194/1194 [07:25<00:00,  2.68it/s, v_num=0, train/loss_step=0.360, train/loss_epoch=0.404]
Training:   0%|          | 0/1194 [00:00<?, ?it/s]
******** iteration 6 ********
first training example inputs <s>2x2 background=6 8=0,0 4=1,1|2x2 background=9 3=1,1 4=1,0 7=0,0
1x2 background=8 6=0,1|1x2 background=9 7=0,0
first training example labels <s>O = tophalf(I)</s>
                                   
Epoch 6: 100%|██████████| 1442/1442 [09:01<00:00,  2.66it/s, v_num=0, train/loss_step=0.359, train/loss_epoch=0.335]
Training:   0%|          | 0/1442 [00:00<?, ?it/s]
******** iteration 7 ********
first training example inputs <s>2x2 background=6 8=0,0 4=1,1|2x2 background=9 3=1,1 4=1,0 7=0,0
1x2 background=8 6=0,1|1x2 background=9 7=0,0
first training example labels <s>O = tophalf(I)</s>
                                   
Epoch 7: 100%|██████████| 1625/1625 [10:07<00:00,  2.68it/s, v_num=0, train/loss_step=0.323, train/loss_epoch=0.288]
Training:   0%|          | 0/1625 [00:00<?, ?it/s]
******** iteration 8 ********
first training example inputs <s>2x2 background=6 8=0,0 4=1,1|2x2 background=9 3=1,1 4=1,0 7=0,0
1x2 background=8 6=0,1|1x2 background=9 7=0,0
first training example labels <s>O = tophalf(I)</s>
                                   
Epoch 8: 100%|██████████| 1828/1828 [11:22<00:00,  2.68it/s, v_num=0, train/loss_step=0.245, train/loss_epoch=0.264]
Training:   0%|          | 0/1828 [00:00<?, ?it/s]
******** iteration 9 ********
first training example inputs <s>2x2 background=6 8=0,0 4=1,1|2x2 background=9 3=1,1 4=1,0 7=0,0
1x2 background=8 6=0,1|1x2 background=9 7=0,0
first training example labels <s>O = tophalf(I)</s>
                                   
Epoch 9: 100%|██████████| 2072/2072 [12:49<00:00,  2.69it/s, v_num=0, train/loss_step=0.269, train/loss_epoch=0.249]
Training:   0%|          | 0/2072 [00:00<?, ?it/s]
******** iteration 10 ********
first training example inputs <s>2x2 background=6 8=0,0 4=1,1|2x2 background=9 3=1,1 4=1,0 7=0,0
1x2 background=8 6=0,1|1x2 background=9 7=0,0
first training example labels <s>O = tophalf(I)</s>
                                   
Epoch 10: 100%|██████████| 2333/2333 [14:26<00:00,  2.69it/s, v_num=0, train/loss_step=0.233, train/loss_epoch=0.236]
Training:   0%|          | 0/2333 [00:00<?, ?it/s]
******** iteration 11 ********
first training example inputs <s>2x2 background=6 8=0,0 4=1,1|2x2 background=9 3=1,1 4=1,0 7=0,0
1x2 background=8 6=0,1|1x2 background=9 7=0,0
first training example labels <s>O = tophalf(I)</s>
                                   
Epoch 11: 100%|██████████| 2643/2643 [16:27<00:00,  2.68it/s, v_num=0, train/loss_step=0.249, train/loss_epoch=0.224]
Training:   0%|          | 0/2643 [00:00<?, ?it/s]
******** iteration 12 ********
first training example inputs <s>2x2 background=6 8=0,0 4=1,1|2x2 background=9 3=1,1 4=1,0 7=0,0
1x2 background=8 6=0,1|1x2 background=9 7=0,0
first training example labels <s>O = tophalf(I)</s>
                                   
Epoch 12: 100%|██████████| 2955/2955 [18:21<00:00,  2.68it/s, v_num=0, train/loss_step=0.259, train/loss_epoch=0.214]
Training:   0%|          | 0/2955 [00:00<?, ?it/s]
******** iteration 13 ********
first training example inputs <s>2x2 background=6 8=0,0 4=1,1|2x2 background=9 3=1,1 4=1,0 7=0,0
1x2 background=8 6=0,1|1x2 background=9 7=0,0
first training example labels <s>O = tophalf(I)</s>
                                   
Epoch 13: 100%|██████████| 3266/3266 [20:20<00:00,  2.68it/s, v_num=0, train/loss_step=0.276, train/loss_epoch=0.205]
Training:   0%|          | 0/3266 [00:00<?, ?it/s]
******** iteration 14 ********
first training example inputs <s>2x2 background=6 8=0,0 4=1,1|2x2 background=9 3=1,1 4=1,0 7=0,0
1x2 background=8 6=0,1|1x2 background=9 7=0,0
first training example labels <s>O = tophalf(I)</s>
                                   
Epoch 14: 100%|██████████| 3568/3568 [22:18<00:00,  2.67it/s, v_num=0, train/loss_step=0.0547, train/loss_epoch=0.197]
Training:   0%|          | 0/3568 [00:00<?, ?it/s]
eval_code took longer than 0.25 seconds
******** iteration 15 ********
first training example inputs <s>2x2 background=6 8=0,0 4=1,1|2x2 background=9 3=1,1 4=1,0 7=0,0
1x2 background=8 6=0,1|1x2 background=9 7=0,0
first training example labels <s>O = tophalf(I)</s>
                                   
Epoch 15: 100%|██████████| 3898/3898 [24:20<00:00,  2.67it/s, v_num=0, train/loss_step=0.186, train/loss_epoch=0.191]
Training:   0%|          | 0/3898 [00:00<?, ?it/s]
******** iteration 16 ********
first training example inputs <s>2x2 background=6 8=0,0 4=1,1|2x2 background=9 3=1,1 4=1,0 7=0,0
1x2 background=8 6=0,1|1x2 background=9 7=0,0
first training example labels <s>O = tophalf(I)</s>
                                   
Epoch 16: 100%|██████████| 4185/4185 [26:08<00:00,  2.67it/s, v_num=0, train/loss_step=0.158, train/loss_epoch=0.186]
Training:   0%|          | 0/4185 [00:00<?, ?it/s]
******** iteration 17 ********
first training example inputs <s>2x2 background=6 8=0,0 4=1,1|2x2 background=9 3=1,1 4=1,0 7=0,0
1x2 background=8 6=0,1|1x2 background=9 7=0,0
first training example labels <s>O = tophalf(I)</s>
                                   
Epoch 17: 100%|██████████| 4495/4495 [28:04<00:00,  2.67it/s, v_num=0, train/loss_step=0.133, train/loss_epoch=0.180]
Training:   0%|          | 0/4495 [00:00<?, ?it/s]
******** iteration 18 ********
first training example inputs <s>2x2 background=6 8=0,0 4=1,1|2x2 background=9 3=1,1 4=1,0 7=0,0
1x2 background=8 6=0,1|1x2 background=9 7=0,0
first training example labels <s>O = tophalf(I)</s>
                                   
Epoch 18: 100%|██████████| 4777/4777 [29:52<00:00,  2.67it/s, v_num=0, train/loss_step=0.263, train/loss_epoch=0.175]
Training:   0%|          | 0/4777 [00:00<?, ?it/s]
******** iteration 19 ********
first training example inputs <s>2x2 background=6 8=0,0 4=1,1|2x2 background=9 3=1,1 4=1,0 7=0,0
1x2 background=8 6=0,1|1x2 background=9 7=0,0
first training example labels <s>O = tophalf(I)</s>
                                   
Epoch 19: 100%|██████████| 5090/5090 [31:46<00:00,  2.67it/s, v_num=0, train/loss_step=0.121, train/loss_epoch=0.170]
Training:   0%|          | 0/5090 [00:00<?, ?it/s]
******** iteration 20 ********
first training example inputs <s>2x2 background=6 8=0,0 4=1,1|2x2 background=9 3=1,1 4=1,0 7=0,0
1x2 background=8 6=0,1|1x2 background=9 7=0,0
first training example labels <s>O = tophalf(I)</s>
                                   
Epoch 20: 100%|██████████| 5357/5357 [33:27<00:00,  2.67it/s, v_num=0, train/loss_step=0.160, train/loss_epoch=0.166]
Training:   0%|          | 0/5357 [00:00<?, ?it/s]
******** iteration 21 ********
first training example inputs <s>2x2 background=6 8=0,0 4=1,1|2x2 background=9 3=1,1 4=1,0 7=0,0
1x2 background=8 6=0,1|1x2 background=9 7=0,0
first training example labels <s>O = tophalf(I)</s>
                                   
Epoch 21: 100%|██████████| 5665/5665 [35:22<00:00,  2.67it/s, v_num=0, train/loss_step=0.152, train/loss_epoch=0.162]
Training:   0%|          | 0/5665 [00:00<?, ?it/s]
******** iteration 22 ********
first training example inputs <s>2x2 background=6 8=0,0 4=1,1|2x2 background=9 3=1,1 4=1,0 7=0,0
1x2 background=8 6=0,1|1x2 background=9 7=0,0
first training example labels <s>O = tophalf(I)</s>
                                   
Epoch 22: 100%|██████████| 5931/5931 [37:06<00:00,  2.66it/s, v_num=0, train/loss_step=0.215, train/loss_epoch=0.158]
Training:   0%|          | 0/5931 [00:00<?, ?it/s]
******** iteration 23 ********
first training example inputs <s>2x2 background=6 8=0,0 4=1,1|2x2 background=9 3=1,1 4=1,0 7=0,0
1x2 background=8 6=0,1|1x2 background=9 7=0,0
first training example labels <s>O = tophalf(I)</s>
                                   
Epoch 23: 100%|██████████| 6222/6222 [38:53<00:00,  2.67it/s, v_num=0, train/loss_step=0.181, train/loss_epoch=0.154]
Training:   0%|          | 0/6222 [00:00<?, ?it/s]
******** iteration 24 ********
first training example inputs <s>20x10 background=0 3=4,7 4,2 4=2,3 10,3 7=8,2 8,5 8=14,1 14,6 9=12,5 18,5|30x20 background=0 2=2,6 13,6 3=6,3 6,11 5=20,7 20,2 6=18,4 27,4 8=17,14 12,14
20x10 background=0 3=4,4 4,5 4,3 4,6 4,7 4,2 4=9,3 7,3 2,3 8,3 3,3 10,3 5,3 6,3 7=8,2 8,4 8,5 8=14,6 14,3 14,4 14,1 14,2 14,5 9=15,5 16,5 17,5 12,5 18,5 13,5|30x20 background=0 2=9,6 4,6 11,6 12,6 7,6 2,6 5,6 8,6 3,6 6,6 10,6 13,6 3=6,5 6,11 6,8 6,4 6,7 6,10 6,3 6,9 5=20,5 20,6 20,3 20,7 20,2 6=23,4 18,4 24,4 19,4 20,4 26,4 27,4 22,4 21,4 25,4 8=13,14 14,14 15,14 16,14 17,14 12,14
first training example labels <s>x1 = objects(I, T, F, T)
x2 = fgpartition(I)
x3 = fork(recolor, color, backdrop)
x4 = mapply(x3, x2)
O = paint(I, x4)</s>
                                   
Epoch 24: 100%|██████████| 6250/6250 [39:10<00:00,  2.66it/s, v_num=0, train/loss_step=0.0652, train/loss_epoch=0.150]
Training:   0%|          | 0/6250 [00:00<?, ?it/s]
******** iteration 25 ********
first training example inputs <s>16x16 background=6 1=0,13 15,13 2,13 13,13 0,2 2,2 13,2 15,2 2,0 13,0 12,3 3,3 12,12 3,12 2,15 13,15 2=12,1 12,7 3,1 12,10 14,7 5,13 14,13 8,3 9,14 8,12 10,3 1,6 2,5 1,3 1,9 10,12 13,5 2,14 1,12 13,14 7,1 7,10 6,14 14,6 14,3 14,9 5,3 14,12 9,1 5,12 8,5 10,2 8,14 1,2 2,1 10,8 13,1 6,1 2,10 1,8 13,10 7,3 7,12 12,5 14,2 12,8 3,5 5,2 12,14 14,8 3,14 8,1 8,10 10,7 10,13 1,7 1,13 7,5 7,14 3=4,9 3,7 3,10 5,7 6,7 5,10 6,10 4,7 4,10 3,8 5,8 6,8 3,9 4,8 5,9 6,9 4=12,4 0,7 3,4 4,3 7,0 4,12 15,7 8,0 7,15 12,11 0,8 8,15 3,11 15,8 11,3 11,12 7=12,13 2,3 3,13 13,3 2,12 12,2 13,12 3,2 8=11,7 10,5 7,9 8,9 7,6 9,8 8,6 11,8 11,11 4,4 7,4 5,5 8,4 9,9 9,6 10,10 6,6 4,11 7,11 9,7 11,4 8,11 9=4,0 14,1 4,15 1,0 0,14 0,11 15,11 1,15 15,14 12,0 3,0 14,0 12,15 3,15 14,15 0,1 0,4 15,4 15,1 1,14 14,14 0,0 11,0 1,1 0,3 0,12 15,
4x4 background=8 2=0,3 6=0,2 1,2 3,3 2,2 1,3|4x4 background=2 4=3,0 6=3,1 8=3,2 9=0,1 2,3 2,1 0,0 1,0 0,3|4x4 background=7 1=1,0 0,3 2,3 2,1 5=0,1 8=3,0 9=1,2 2,0 3,3 2,2
first training example labels <s>x1 = vmirror(I)
x2 = ofcolor(I, THREE)
x3 = subgrid(x2, x1)
O = replace(x3, THREE, EIGHT)</s>
                                   
Epoch 25: 100%|██████████| 6250/6250 [39:10<00:00,  2.66it/s, v_num=0, train/loss_step=0.172, train/loss_epoch=0.147]
Training:   0%|          | 0/6250 [00:00<?, ?it/s]
******** iteration 26 ********
first training example inputs <s>21x19 background=0 1=11,7 10,8 10,4 11,6 9,5 10,6 11,5 9,7 11,4 3=4,10 4,16 3,14 4,13 5,13 4,15 3,13 2,12 3,12 4,11 3,15 3,11 4=16,7 18,4 19,8 17,7 19,4 18,7 20,5 16,6 16,5 17,5 18,5 18,8 6=3,4 4,3 2,3 4,5 3,3 2,6 2,2 2,5 3,5 7=13,14 14,14 14,12 14,15 13,13|21x16 background=0 1=10,15 9,13 10,14 11,13 11,14 10,12 10,13 2=4,10 5,11 4,13 6,11 4,9 4,12 3,10 6,10 3,12 4,11 6=19,8 18,7 19,7 18,10 19,10 17,9 20,9 18,11 18,8 7=13,8 11,7 14,8 12,7 14,4 13,7 14,7 14,6 13,6 11,5 12,5 11,8 13,5 11,4 14,5 8=4,4 5,5 3,4 4,3 2,3 4,5 5,6 5,3 2,5 5,2|22x17 background=0 1=20,8 16,9 17,9 19,6 17,6 18,6 19,9 16,7 17,7 15,8 17,10 19,7 18,10 19,10 16,8 18,5 18,11 2=4,4 3,4 4,2 2,3 4,5 3,3 3,2 4,1 5,2 3=9,10 7,10 9,12 8,10 7,9 8,13 10,10 8,9 7,12 9,8 9,14 8,12 9,11 10,12 4=11,1 12,1 13,1 11,0 14,1 11,3 15,1 13,0 13,3 11,2 10,0 12,2 10,3 13,2 14,2
3x5 background=1 0=1,3 0,2 0,4 0,0 1,1 2,0|3x4 background=1 0=0,1 2,3 0,0 0,3 2,0|6x7 background=0 1=2,4 1,2 2,1 3,1 2,2 2,5 4,1 1,3 3,5 4,4 0,3 1,4 3,0 4,2 4,5 3,6 5,3
first training example labels <s>x1 = objects(I, F, T, T)
x2 = vmirror(I)
x3 = ofcolor(x2, ONE)
x4 = subgrid(x3, x2)
x5 = subgrid(x3, x4)
x6 = palette(x5)
x7 = contained(ONE, x6)
O = branch(x7, x5, x4)</s>
                                   
Epoch 26: 100%|██████████| 6250/6250 [39:36<00:00,  2.63it/s, v_num=0, train/loss_step=0.139, train/loss_epoch=0.144]
Training:   0%|          | 0/6250 [00:00<?, ?it/s]
******** iteration 27 ********
first training example inputs <s>3x3 background=8|3x3 background=3|3x3 background=6 1=0,1 0,2 2,1 0,0|3x3 background=3 6=0,1 0,2 1,2 1,1|3x3 background=4 2=0,1 2,2 2,0 0,0|3x3 background=8 4=0,1 2,2 0,0 7=1,1 0,2 1,2|3x3 background=2 8=0,2 2,0 4=2,2 0,0 5=1,2 2,1
6x6 background=8|6x6 background=3|6x6 background=6 1=0,1 1,2 0,4 1,5 4,3 0,2 0,5 1,0 1,3 5,2 0,0 1,1 0,3 1,4 4,2 5,3|6x6 background=3 6=2,4 1,2 0,4 3,4 1,5 0,2 0,5 2,2 3,2 2,5 1,3 3,5 0,3 1,4 2,3 3,3|6x6 background=4 2=0,1 1,2 4,0 5,4 5,1 0,2 1,0 4,1 1,3 4,4 5,5 0,0 1,1 0,3 4,5 5,0|6x6 background=8 4=0,1 4,4 1,2 5,5 0,0 1,1 0,3 5,4 0,2 4,5 1,0 1,3 7=2,4 0,4 3,4 1,5 1,4 2,3 3,3 0,5 2,2 3,2 2,5 3,5|6x6 background=2 8=4,0 0,4 1,5 5,1 1,4 5,0 0,5 4,1 4=0,1 4,4 5,5 0,0 1,1 5,4 4,5 1,0
first training example labels <s>x1 = ofcolor(I, FIVE)
x2 = replace(I, FIVE, TWO)
x3 = mapply(dneighbors, x1)
x4 = mapply(ineighbors, x1)
O = upscale(x2, TWO)</s>
                                   
Epoch 27: 100%|██████████| 6250/6250 [39:49<00:00,  2.62it/s, v_num=0, train/loss_step=0.126, train/loss_epoch=0.141]
Training:   0%|          | 0/6250 [00:00<?, ?it/s]
******** iteration 28 ********
first training example inputs <s>3x3 background=0 5=0,1 1,1 1,2 2,2|7x7 background=0 5=0,1 1,2 3,1 6,1 5,4 5,1 6,4 2,2 3,2 2,5 4,1 3,5 4,4 1,1 4,5 2,6|9x12 background=0 5=3,4 3,7 5,4 4,6 5,1 8,3 8,9 0,5 2,2 8,6 0,8 2,5 2,8 7,4 6,11 4,2 5,0 5,6 8,2 0,1 2,4 2,1 2,7 1,5 1,8 6,4 7,3 7,9 7,6 6,10 3,2 4,7 5,2 4,4 8,1 1,1 6,6 6,9|12x12 background=0 5=4,9 4,6 5,1 9,5 8,9 8,6 2,2 1,0 10,9 0,8 11,8 2,8 7,4 7,1 6,5 4,2 4,8 3,6 5,9 9,1 11,4 9,4 11,1 0,7 2,1 2,7 10,8 6,1 1,8 6,4 7,3 7,9 7,6 3,2 4,7 5,2 9,0 9,9 10,4 1,1 9,6 10,1 2,6 7,2 6,6 6,9
1x1 background=0|3x1 background=0|6x1 background=0|6x1 background=0
first training example labels <s>x1 = replace(I, FIVE, ZERO)
x2 = width(x1)
x3 = halve(x2)
x4 = astuple(x3, ONE)
x5 = crop(x1, ORIGIN, x4)
x6 = hmirror(x5)
O = replace(x6, FIVE, ZERO)</s>
                                   
Epoch 28: 100%|██████████| 6250/6250 [39:47<00:00,  2.62it/s, v_num=0, train/loss_step=0.121, train/loss_epoch=0.139]
Training:   0%|          | 0/6250 [00:00<?, ?it/s]
******** iteration 29 ********
first training example inputs <s>6x6 background=0 1=0,4 2,2 2=0,2 2,0 0,0 3=4,0|6x6 background=0 1=4,2 2=0,4 3=0,0 8=2,4 2,0|6x6 background=0 1=0,0 2=2,2 6=4,4 4,0
3x3 background=0 1=1,1 0,2 2=0,1 1,0 0,0 3=2,0|3x3 background=0 1=2,1 2=0,2 3=0,0 8=1,0 1,2|3x3 background=0 1=0,0 2=1,1 6=2,0 2,2
first training example labels <s>x1 = mostcolor(I)
O = compress(I)</s>
                                   
Epoch 29: 100%|██████████| 6250/6250 [39:49<00:00,  2.62it/s, v_num=0, train/loss_step=0.219, train/loss_epoch=0.136]
Training:   0%|          | 0/6250 [00:00<?, ?it/s]
eval_code took longer than 0.25 seconds
eval_code took longer than 0.25 seconds
eval_code took longer than 0.25 seconds
******** iteration 30 ********
first training example inputs <s>3x3 background=8|3x3 background=3|3x3 background=6 1=0,1 0,2 2,1 0,0|3x3 background=3 6=0,1 0,2 1,2 1,1|3x3 background=4 2=0,1 2,2 2,0 0,0|3x3 background=8 4=0,1 2,2 0,0 7=1,1 0,2 1,2|3x3 background=2 8=0,2 2,0 4=2,2 0,0 5=1,2 2,1
6x6 background=8|6x6 background=3|6x6 background=6 1=0,1 1,2 0,4 1,5 4,3 0,2 0,5 1,0 1,3 5,2 0,0 1,1 0,3 1,4 4,2 5,3|6x6 background=3 6=2,4 1,2 0,4 3,4 1,5 0,2 0,5 2,2 3,2 2,5 1,3 3,5 0,3 1,4 2,3 3,3|6x6 background=4 2=0,1 1,2 4,0 5,4 5,1 0,2 1,0 4,1 1,3 4,4 5,5 0,0 1,1 0,3 4,5 5,0|6x6 background=8 4=0,1 4,4 1,2 5,5 0,0 1,1 0,3 5,4 0,2 4,5 1,0 1,3 7=2,4 0,4 3,4 1,5 1,4 2,3 3,3 0,5 2,2 3,2 2,5 3,5|6x6 background=2 8=4,0 0,4 1,5 5,1 1,4 5,0 0,5 4,1 4=0,1 4,4 5,5 0,0 1,1 5,4 4,5 1,0
first training example labels <s>x1 = replace(I, FIVE, TWO)
x2 = hmirror(x1)
O = upscale(x1, TWO)</s>
                                   
Epoch 30: 100%|██████████| 6250/6250 [39:54<00:00,  2.61it/s, v_num=0, train/loss_step=0.201, train/loss_epoch=0.134]
Training:   0%|          | 0/6250 [00:00<?, ?it/s]
******** iteration 31 ********
first training example inputs <s>3x3 background=7 5=0,1 1,0 1,1 2,2|3x3 background=8 5=1,0 2,0 7=0,1 0,0|3x3 background=8 5=1,0 1,1 2,0 7=1,2 2,1|3x3 background=8 5=1,1 1,2 2,0 7=1,0 0,2 2,1
3x12 background=7 5=0,1 0,7 1,2 0,4 0,10 1,8 2,5 2,11 1,3 1,9 1,1 2,0 1,4 1,7 2,6 1,10|3x12 background=8 5=1,2 1,8 2,3 2,9 2,2 1,3 1,9 2,8 7=0,1 0,7 0,4 0,10 0,3 0,9 0,2 0,8|3x12 background=8 5=1,2 1,1 1,8 1,4 2,3 2,9 1,7 1,10 2,2 1,3 1,9 2,8 7=2,4 2,1 2,7 1,5 1,11 2,10 1,0 1,6|3x12 background=8 5=1,5 1,11 1,1 1,4 2,3 2,9 1,7 1,10 2,2 1,0 1,6 2,8 7=2,4 1,2 2,1 2,7 0,0 2,10 1,8 0,6 0,5 1,3 1,9 0,11
first training example labels <s>x1 = vmirror(I)
x2 = hconcat(x1, I)
x3 = hmirror(x2)
x4 = hmirror(x3)
O = hconcat(x2, x4)</s>
                                   
Epoch 31: 100%|██████████| 6250/6250 [39:48<00:00,  2.62it/s, v_num=0, train/loss_step=0.124, train/loss_epoch=0.132]
Training:   0%|          | 0/6250 [00:00<?, ?it/s]
******** iteration 32 ********
first training example inputs <s>4x9 background=0 1=1,0 2,1 3,1 3,2 0,3 2,0 3,0 2=0,7 3,8 2,7 1,8 0,6 1,7 0,5 1,6 2,8 5=2,4 0,4 3,4 1,4|4x9 background=0 1=1,0 2,1 3,1 3,2 0,3 2,0 3,0 2=2,7 1,5 3,7 0,6 2,6 0,5 3,6 1,6 5=2,4 0,4 3,4 1,4|4x9 background=0 1=0,1 0,0 3,1 2,0 3,0 2,3 1,0 1,3 3=0,7 3,8 2,7 3,7 1,7 2,6 1,6 0,8 5=2,4 0,4 3,4 1,4|4x9 background=0 1=0,1 0,0 3,1 0,3 2,0 3,0 2,3 0,2 3,3 1,0 3,2 1,3 5=2,4 0,4 3,4 1,4 6=1,6 1,7 2,6 2,7|4x9 background=0 1=0,1 0,0 3,1 0,3 2,0 3,0 2,3 0,2 3,3 1,0 3,2 1,3 2=1,6 1,5 0,5 0,6 5=2,4 0,4 3,4 1,4|4x9 background=0 1=0,1 0,0 0,3 2,0 3,0 2,3 0,2 3,3 1,0 1,3 3=0,5 1,5 1,6 2,5 0,6 5=2,4 0,4 3,4 1,4|4x9 background=0 1=0,1 0,0 0,3 2,0 3,0 2,3 0,2 2,2 1,0 3,2 5=2,4 0,4 3,4 1,4 7=3,8 1,7 2,6 3,6 1,6 1,8
4x4 background=0 1=1,0 2,1 3,1 3,2 0,3 2,0 3,0|4x4 background=0 1=1,0 2,1 3,1 3,2 0,3 2,0 3,0|4x4 background=0 1=0,1 0,0 3,1 2,0 3,0 2,3 1,0 1,3|4x4 background=1 0=1,1 1,2 2,1 2,2|4x4 background=1 0=1,1 1,2 2,1 2,2|4x4 background=1 0=1,2 2,1 2,2 3,1 1,1 3,2|4x4 background=1 0=1,2 3,3 2,1 3,1 1,1 1,3
first training example labels <s>x1 = rot270(I)
x2 = lefthalf(I)
O = replace(x2, FOUR, ONE)</s>
                                   
Epoch 32: 100%|██████████| 6250/6250 [39:57<00:00,  2.61it/s, v_num=0, train/loss_step=0.152, train/loss_epoch=0.130]
Training:   0%|          | 0/6250 [00:00<?, ?it/s]
******** iteration 33 ********
first training example inputs <s>3x3 background=7 5=0,1 1,0 1,1 2,2|3x3 background=8 5=1,0 2,0 7=0,1 0,0|3x3 background=8 5=1,0 1,1 2,0 7=1,2 2,1|3x3 background=8 5=1,1 1,2 2,0 7=1,0 0,2 2,1
3x12 background=7 5=0,1 0,7 1,2 0,4 0,10 1,8 2,5 2,11 1,3 1,9 1,1 2,0 1,4 1,7 2,6 1,10|3x12 background=8 5=1,2 1,8 2,3 2,9 2,2 1,3 1,9 2,8 7=0,1 0,7 0,4 0,10 0,3 0,9 0,2 0,8|3x12 background=8 5=1,2 1,1 1,8 1,4 2,3 2,9 1,7 1,10 2,2 1,3 1,9 2,8 7=2,4 2,1 2,7 1,5 1,11 2,10 1,0 1,6|3x12 background=8 5=1,5 1,11 1,1 1,4 2,3 2,9 1,7 1,10 2,2 1,0 1,6 2,8 7=2,4 1,2 2,1 2,7 0,0 2,10 1,8 0,6 0,5 1,3 1,9 0,11
first training example labels <s>x1 = vmirror(I)
x2 = hconcat(x1, I)
x3 = hmirror(x2)
x4 = hmirror(x3)
O = hconcat(x2, x4)</s>
                                   
Epoch 33: 100%|██████████| 6250/6250 [39:56<00:00,  2.61it/s, v_num=0, train/loss_step=0.240, train/loss_epoch=0.129]
Training:   0%|          | 0/6250 [00:00<?, ?it/s]
******** iteration 34 ********
first training example inputs <s>6x6 background=0 1=0,4 2,2 2=0,2 2,0 0,0 3=4,0|6x6 background=0 1=4,2 2=0,4 3=0,0 8=2,4 2,0|6x6 background=0 1=0,0 2=2,2 6=4,4 4,0
3x3 background=0 1=1,1 0,2 2=0,1 1,0 0,0 3=2,0|3x3 background=0 1=2,1 2=0,2 3=0,0 8=1,0 1,2|3x3 background=0 1=0,0 2=1,1 6=2,0 2,2
first training example labels <s>x1 = objects(I, F, T, T)
x2 = colorfilter(x1, TWO)
x3 = merge(x2)
O = downscale(I, TWO)</s>
                                   
Epoch 34: 100%|██████████| 6250/6250 [39:58<00:00,  2.61it/s, v_num=0, train/loss_step=0.121, train/loss_epoch=0.127]
Training:   0%|          | 0/6250 [00:00<?, ?it/s]
******** iteration 35 ********
first training example inputs <s>2x2 background=1 0=0,1|2x2 background=0 3=0,1 1,0|3x3 background=2 0=0,1 1,0 1,2|3x3 background=8 0=0,1 2,2 2,1 0,0|4x4 background=0 2=1,2 2,1 3,1 3,0 2,3 0,2 1,0 3,2|4x4 background=0 7=0,1 1,2 2,1 3,1 1,1 3,3 1,0 1,3
6x6 background=1 0=0,1 2,1 4,3 0,3 2,3 4,5 0,5 2,5 4,1|6x6 background=0 3=0,1 1,2 2,1 3,4 4,3 5,4 0,5 1,0 3,2 2,5 4,1 5,2 0,3 1,4 3,0 2,3 4,5 5,0|9x9 background=2 0=0,1 0,7 4,0 1,2 3,4 0,4 4,3 3,1 3,7 1,5 4,6 6,1 1,8 7,0 6,4 7,3 6,7 7,6 1,0 1,6 1,3 4,2 4,5 4,8 7,2 7,5 7,8|9x9 background=8 0=3,4 3,1 3,7 5,4 5,1 5,7 2,2 2,5 2,8 3,0 3,3 3,6 8,2 8,5 0,1 0,7 2,4 8,8 0,4 2,1 2,7 6,1 6,4 6,7 5,2 5,5 8,4 0,0 5,8 8,1 8,7 0,3 0,6 6,0 6,6 6,3|12x12 background=0 2=5,4 4,6 9,2 5,10 9,8 8,6 10,3 1,0 11,5 2,11 7,4 7,1 6,11 7,10 4,2 3,0 3,9 5,6 3,6 8,2 9,10 10,5 1,2 2,1 1,8 3,2 4,10 3,8 11,0 8,10 10,7 1,4 0,6 2,3 11,6 11,9 1,10 7,5 6,3 3,4 3,1 3,10 0,2 11,2 10,9 1,6 11,8 2,5 6,5 5,0 11,4 9,4 11,1 10,11 0,10 2,7 11,10 6,1 7,0 7,9 6,7 7,6 3,5 5,2 9,0 5,
first training example labels <s>x1 = width(I)
x2 = halve(x1)
x3 = hconcat(I, I)
x4 = hconcat(x3, I)
x5 = vconcat(x4, x4)
x6 = vconcat(x5, x4)
O = cellwise(x6, x6, TWO)</s>
                                   
Epoch 35: 100%|██████████| 6250/6250 [39:55<00:00,  2.61it/s, v_num=0, train/loss_step=0.104, train/loss_epoch=0.126]
Training:   0%|          | 0/6250 [00:00<?, ?it/s]
******** iteration 36 ********
first training example inputs <s>15x15 background=0 1=13,10 4,6 7,1 9,9 2=6,12 3,4 4,9 14,1 5,4 5,10 11,2 11,5 2,2 1,0 13,2 0,8 0,11 1,12 13,14 12,3 12,9 14,6 3,12 14,12 9,1 10,5 1,2 13,4 7,3 4,7 3,14 8,1 1,1 2,3 7,11 7,8 3=2,1 4,3 14,7 0,13 6,6 9,2 7,9 1,6 1,3 13,5 7,4 6,2 8,4 0,0 0,9 0,12 8,13 12,12 5,0 13,6 5,3 9,7 5,12 10,2 5=2,9 1,7 14,5 6,9 11,4 2,13 6=8,8 6,10 7,5 9,12 10,12 7,13 13,13 7=2,7 5,8 1,8 8,10 11,9 10,13 1,13 10,0 8=8,2 4,0 4,8 9,4 9=0,7 3,13 12,1 3,9 14,2|15x15 background=0 1=2,3 3,7 13,10 12,3 9,4 2=11,7 1,5 12,13 5,1 6,4 10,3 9,11 1,9 4,10 5,5 0,3 12,12 14,9 13,6 5,3 4,11 3=8,8 13,14 10,11 12,7 2,1 9,3 4,9 4,2 12,9 9,5 8,9 3,12 14,5 10,2 4=11,1 10,5 13,13 7,6 6,10 9,8 3,2 2,5 0,14 11,11 1,12 9,0 7,10 8,10 14,6 10,10 5,0 4,14 6=0,7 4,0 3,4 5,13 6,7 0,2 5,10 8,3 8,12 2,11 10,12 7,1 6,5 9,12 2
15x15 background=0 1=9,10 10,8 12,10 3,7 6,1 4,6 7,0 14,10 5,7 8,0 13,10 8,9 9,8 10,9 12,11 13,11 3,5 14,11 5,5 7,1 6,0 9,9 10,10 4,5 13,9 14,9 5,6 7,2 3,6 2=6,12 3,4 4,9 14,1 5,4 5,10 11,2 11,5 2,2 1,0 13,2 0,8 0,11 1,12 13,14 12,3 12,9 14,6 3,12 14,12 9,1 10,5 1,2 13,4 7,3 4,7 3,14 8,1 1,1 2,3 7,11 7,8 3=2,1 4,3 14,7 0,13 6,6 9,2 7,9 1,6 1,3 13,5 7,4 6,2 8,4 0,0 0,9 0,12 8,13 12,12 5,0 13,6 5,3 9,7 5,12 10,2 5=2,9 1,7 14,5 6,9 11,4 2,13 6=8,8 6,10 7,5 9,12 10,12 7,13 13,13 7=2,7 5,8 1,8 8,10 11,9 10,13 1,13 10,0 8=8,2 4,0 4,8 9,4 9=0,7 3,13 12,1 3,9 14,2|15x15 background=0 1=12,4 12,10 3,7 4,6 14,10 11,2 2,2 13,2 1,3 13,11 2,8 12,3 3,3 4,8 3,6 11,4 9,4 2,4 1,2 13,4 2,7 13,10 12,2 12,11 4,7 14,11 3,8 8,4 10,4 11,3 1,4 2,3 13,3 13,9 2,6 2=11,7 1,5 12,13 5,1 6,4 10,3 9,11 1,9 4,10 5
first training example labels <s>x1 = objects(I, F, T, T)
x2 = ofcolor(I, ONE)
x3 = mapply(neighbors, x2)
O = underfill(I, ONE, x3)</s>
                                   
Epoch 36: 100%|██████████| 6250/6250 [39:56<00:00,  2.61it/s, v_num=0, train/loss_step=0.0962, train/loss_epoch=0.124]
Training:   0%|          | 0/6250 [00:00<?, ?it/s]
******** iteration 37 ********
first training example inputs <s>5x5 background=0 1=0,1 2,1 3,1 1,1 0,3 2,3 0,2 3,3 1,3 2=0,4 0,0|5x5 background=0 1=2,3 1,3 2,1 3,1 0,3 4,1 2=4,0 0,4|6x6 background=0 1=1,2 3,3 3,4 1,0 1,1 1,3 3,5 2=4,5 0,0|6x6 background=0 1=1,2 3,4 1,5 3,1 1,1 1,4 3,0 3,3 3,2 1,3 2=4,0 0,5|10x10 background=0 1=2,4 0,4 3,4 4,3 6,1 4,6 1,8 5,1 7,6 8,6 0,8 1,3 4,1 2,8 4,4 3,8 7,1 8,1 9,6 0,3 1,4 2,3 3,3 5,6 4,8 6,6 9,1 2=9,0 0,9
5x5 background=4 0=3,2 1,2 2,2 1=0,1 2,1 3,1 1,1 0,3 2,3 0,2 3,3 1,3 2=0,4 0,0|5x5 background=4 0=0,1 4,3 4,4 0,0 1=2,3 1,3 2,1 3,1 0,3 4,1 2=4,0 0,4|6x6 background=4 0=4,0 5,5 1,5 3,1 5,4 5,1 3,0 5,0 0,5 5,3 4,1 5,2 1=1,2 3,3 3,4 1,0 1,1 1,3 3,5 2=4,5 0,0|6x6 background=4 0=5,5 5,0 5,3 5,4 5,1 5,2 1=1,2 3,4 1,5 3,1 1,1 1,4 3,0 3,3 3,2 1,3 2=4,0 0,5|10x10 background=4 0=0,1 8,8 2,1 6,4 7,3 7,9 8,3 8,9 9,8 1,0 1,6 7,4 8,4 9,3 0,0 9,9 6,8 1,1 2,0 0,6 2,6 6,3 6,9 7,8 9,4 1=2,4 0,4 3,4 4,3 6,1 4,6 1,8 5,1 7,6 8,6 0,8 1,3 4,1 2,8 4,4 3,8 7,1 8,1 9,6 0,3 1,4 2,3 3,3 5,6 4,8 6,6 9,1 2=9,0 0,9
first training example labels <s>x1 = objects(I, T, F, F)
x2 = colorfilter(x1, ONE)
x3 = colorfilter(x1, TWO)
x4 = mapply(outbox, x2)
O = underfill(I, FOUR, x4)</s>
                                   
Epoch 37: 100%|██████████| 6250/6250 [39:57<00:00,  2.61it/s, v_num=0, train/loss_step=0.126, train/loss_epoch=0.123]
Training:   0%|          | 0/6250 [00:00<?, ?it/s]
******** iteration 38 ********
first training example inputs <s>10x13 background=0 2=4,10 6,2 3,11 4,11 5,4 6,3 7,3 3=7,10 1,1 8,10 2,3 8,9 7,2 2,2 1,3 7,8 5,2 5=7,9 0,2 1,2 5,3 6,9 7=2,10 3,9 3,10 8=0,4 6,10 6,11 0,3 1,4 7,11|15x13 background=0 1=1,2 5,6 4,8 1,3 4,7 2=6,7 2,1 2,2 3,2 5,7 3=3,1 4,1 4=13,9 13,10 14,9 5=13,3 8,3 13,4 8,4 13,2 8,2 6=11,9 12,8 12,9 8=12,4 7,4 11,10 12,10 11,3 12,3 7,3 2,3 10,10 3,3 12,2 7,2 6,3|15x15 background=0 2=0,2 1,3 3=6,7 10,3 6,6 6,8 10,1 4=11,2 9,2 10,2 5=11,12 12,12 1,11 2,10 13,11 0,11 6=5,7 4,8 5,8 7=1,10 13,12 12,10 12,11 2,11 1,9 8=1,2 0,3 2,1 2,2 9=0,12 1,12 12,13 11,13
3x4 background=3 0=2,3 2,0 0,0 8=0,2 0,3 1,3 5=0,1 1,1|3x3 background=8 0=0,2 0,0 5=2,0 2,1 2,2|3x3 background=8 0=1,0 2,2 0,0 2=0,1 1,2
first training example labels <s>x1 = objects(I, F, F, T)
x2 = last(x1)
O = subgrid(x2, I)</s>
                                   
Epoch 38: 100%|██████████| 6250/6250 [40:05<00:00,  2.60it/s, v_num=0, train/loss_step=0.123, train/loss_epoch=0.122]
Training:   0%|          | 0/6250 [00:00<?, ?it/s]
******** iteration 39 ********
first training example inputs <s>6x6 background=0 2=0,1 0,0 1,5 3,1 1,1 4,3 5,3 5,1 2,3 4,5 0,5 1,0 5,2|10x8 background=0 2=2,1 1,5 3,7 5,1 8,0 7,3 8,3 8,6 2,2 1,0 1,6 2,5 5,2 9,0 6,5 8,7 1,1 2,6 7,2 3,6 5,3 8,2|10x9 background=0 2=6,2 1,2 7,7 2,7 9,3 8,7 6,1 1,1 2,6 3,6 2,2 5,3 3,5|10x12 background=0 2=1,2 2,1 2,7 3,1 3,7 6,1 3,10 6,4 7,9 9,5 6,10 2,2 1,0 1,6 3,2 4,10 5,5 6,5 6,11 8,7 7,10 1,1 9,6 8,10 3,3 2,6 3,6 8,2 7,11 6,9
6x6 background=0 2=4,3 3,1 1,5 5,1 2,3 4,5 0,5 5,3 5,2 6=0,1 1,0 1,1 0,0|10x8 background=0 2=9,0 2,1 6,5 8,7 1,1 5,3 5,1 8,0 8,6 2,2 1,0 5,2 6=1,5 3,7 7,3 8,3 2,6 7,2 3,6 1,6 2,5 8,2|10x9 background=0 2=6,2 1,2 7,7 2,7 9,3 8,7 6,1 1,1 2,6 3,6 2,2 5,3 3,5|10x12 background=0 2=4,10 5,5 6,5 8,7 6,1 9,6 3,10 6,4 9,5 8,2 6=1,2 2,1 2,7 3,1 3,7 7,9 6,10 2,2 1,0 1,6 3,2 6,11 7,10 1,1 8,10 3,3 2,6 3,6 7,11 6,9
first training example labels <s>x1 = objects(I, T, F, T)
x2 = rbind(subgrid, I)
x3 = chain(palette, trim, x2)
x4 = lbind(contained, TWO)
x5 = compose(x4, x3)
x6 = fork(add, height, width)
x7 = compose(decrement, x6)
x8 = fork(equality, size, x7)
x9 = mfilter(x1, x5)
x10 = mfilter(x1, x8)
x11 = replace(I, TWO, SIX)
x12 = fill(x11, SIX, x9)
O = fill(x12, TWO, x10)</s>
                                   
Epoch 39: 100%|██████████| 6250/6250 [40:09<00:00,  2.59it/s, v_num=0, train/loss_step=0.083, train/loss_epoch=0.120]
Training:   0%|          | 0/6250 [00:00<?, ?it/s]
******** iteration 40 ********
first training example inputs <s>13x13 background=1 0=0,7 11,7 3,4 4,3 4,9 12,10 4,6 7,0 6,6 7,3 0,2 10,6 9,11 2,5 3,5 9,9 11,0 1,1 10,1 10,7 4,2 12,9 3,9 5,0 3,6 3,12 7,8|13x13 background=1 0=12,4 12,1 12,10 5,7 8,3 8,9 10,0 11,5 0,8 1,9 11,11 6,2 7,1 3,3 5,3 5,9 4,11 9,1 9,7 11,7 1,2 0,4 0,10 2,1 10,8 1,11 6,1 2,10 1,8 7,12 6,10 3,2 12,11 4,1 3,5 3,8 9,0 8,1 10,4 0,3 11,9 7,2 6,6 7,5 6,9|13x13 background=1 0=3,4 3,1 12,10 5,10 8,3 9,8 8,12 10,9 0,8 1,3 0,11 11,11 1,12 6,2 6,11 6,8 12,0 12,3 5,0 5,9 9,7 10,11 1,8 6,4 7,3 7,12 3,8 9,0 8,10 11,6 7,2 6,0 6,3
13x13 background=1 0=0,7 9,9 11,0 1,1 7,0 6,6 10,1 7,3 0,2 5,0 3,12 9,11 7,8 8=11,7 3,4 4,3 4,9 12,10 4,6 10,7 4,2 12,9 3,9 10,6 3,6 2,5 3,5|13x13 background=1 8=0,4 12,10 6,1 1,8 10,0 6,10 0,8 3,2 12,11 1,9 11,11 6,2 9,0 7,1 8,1 0,3 3,3 7,2 5,9 9,1 6,9 0=12,4 11,7 12,1 1,2 2,1 0,10 10,8 1,11 7,5 2,10 6,6 5,7 8,3 8,9 7,12 11,5 4,1 3,5 3,8 10,4 11,9 5,3 4,11 9,7|13x13 background=1 8=10,11 1,8 6,4 7,3 5,10 8,3 7,12 9,8 8,12 0,8 11,11 6,2 5,0 7,2 6,0 5,9 6,3 9,7 0=1,12 3,8 9,0 3,4 6,11 3,1 12,10 6,8 12,0 8,10 12,3 11,6 10,9 1,3 0,11
first training example labels <s>x1 = objects(I, T, F, T)
x2 = sfilter(x1, square)
x3 = difference(x1, x2)
x4 = merge(x3)
O = fill(I, EIGHT, x4)</s>
                                   
Epoch 40: 100%|██████████| 6250/6250 [40:14<00:00,  2.59it/s, v_num=0, train/loss_step=0.0787, train/loss_epoch=0.119]
Training:   0%|          | 0/6250 [00:00<?, ?it/s]
******** iteration 41 ********
first training example inputs <s>3x3 background=8|3x3 background=3|3x3 background=6 1=0,1 0,2 2,1 0,0|3x3 background=3 6=0,1 0,2 1,2 1,1|3x3 background=4 2=0,1 2,2 2,0 0,0|3x3 background=8 4=0,1 2,2 0,0 7=1,1 0,2 1,2|3x3 background=2 8=0,2 2,0 4=2,2 0,0 5=1,2 2,1
3x3 background=8|3x3 background=3|3x3 background=6 1=1,0 0,2 1,2 2,2|3x3 background=3 6=1,1 1,2 2,1 2,2|3x3 background=4 2=0,2 1,2 2,0 0,0|3x3 background=8 4=0,2 1,2 2,0 7=1,1 2,1 2,2|3x3 background=2 8=2,2 0,0 4=0,2 2,0 5=1,0 2,1
first training example labels <s>x1 = rot270(I)
O = rot180(x1)</s>
                                   
Epoch 41: 100%|██████████| 6250/6250 [40:12<00:00,  2.59it/s, v_num=0, train/loss_step=0.147, train/loss_epoch=0.118]
Training:   0%|          | 0/6250 [00:00<?, ?it/s]
******** iteration 42 ********
first training example inputs <s>12x4 background=0 3=0,1 4,0 1,1 0,3 5,1 3,0 0,2 3,3 5,3 3,2 1,3 5=11,1 9,0 11,0 6,1 11,3 9,2 10,0 6,3|12x4 background=0 3=0,1 1,2 4,0 2,1 0,0 5,3 0,3 4,2 1,0 3,2 1,3 5=7,1 9,3 11,0 10,1 9,2 8,0 7,3 8,3 10,0 7,2 6,0 9,1 10,2|12x4 background=0 3=0,1 4,0 0,0 5,3 5,1 2,3 3,3 5,0 1,0 3,2 5,2 5=9,0 7,1 9,3 11,0 6,1 7,0 10,1 9,2 8,0 11,2 10,0 8,2 9,1 10,2|12x4 background=0 3=0,1 1,2 4,0 2,1 0,0 3,1 1,1 2,0 4,2 2,3 5,0 3,2 1,3 5=11,1 6,1 7,0 9,2 8,0 7,3 11,2 10,0 6,3 6,2 9,0 7,1 9,3 8,1 7,2 8,2 9,1
6x4 background=0 4=0,1 4,0 1,1 0,3 5,1 3,0 0,2 3,3 5,0 5,3 3,2 1,3|6x4 background=4 0=0,2 5,2 2,2 4,3 5,1 3,0|6x4 background=4 0=0,2 1,2 2,1 4,3 0,3 1,3|6x4 background=4 0=5,3 4,1 4,3
first training example labels <s>x1 = vmirror(I)
x2 = bottomhalf(I)
x3 = ofcolor(I, ZERO)
x4 = ofcolor(x2, ZERO)
x5 = intersection(x3, x4)
x6 = shape(x2)
x7 = canvas(FOUR, x6)
O = underfill(x7, ZERO, x5)</s>
                                   
Epoch 42: 100%|██████████| 6250/6250 [40:17<00:00,  2.59it/s, v_num=0, train/loss_step=0.114, train/loss_epoch=0.117]
Training:   0%|          | 0/6250 [00:00<?, ?it/s]
******** iteration 43 ********
first training example inputs <s>3x3 background=9 0=1,0 1,1 1,2 2,2|3x3 background=3 0=0,1 1,0|3x3 background=3 0=1,0 1,1 2,1 2,2|3x3 background=0 8=1,0 0,2 2,0 0,0|3x3 background=0 7=0,1 0,2 2,0 2,1
6x6 background=9 0=2,4 1,2 0,4 3,4 4,0 5,4 0,5 1,0 4,1 3,5 4,4 0,0 1,1 1,4 3,0 4,2|6x6 background=3 0=2,4 1,2 2,1 4,3 5,4 5,1 4,2 1,3|6x6 background=3 0=0,1 2,4 1,2 1,5 3,1 5,4 0,5 4,1 3,5 4,4 0,0 1,1 1,4 3,0 4,2 4,5|6x6 background=0 8=2,4 1,2 5,4 0,2 2,2 3,2 2,5 5,2 5,5 0,3 2,0 4,2 2,3 3,3 5,0 5,3|6x6 background=0 7=0,1 2,1 1,5 3,1 4,3 5,1 0,2 3,2 2,5 1,3 5,5 0,3 2,0 4,5 3,3 5,0
first training example labels <s>x1 = hmirror(I)
x2 = rot180(I)
x3 = rot270(I)
x4 = hconcat(x2, x3)
O = vconcat(x4, x4)</s>
                                   
Epoch 43: 100%|██████████| 6250/6250 [40:18<00:00,  2.58it/s, v_num=0, train/loss_step=0.155, train/loss_epoch=0.116]
Training:   0%|          | 0/6250 [00:00<?, ?it/s]
******** iteration 44 ********
first training example inputs <s>24x24 background=5 0=2,15 2,16 4,12 3,16 2,13 4,15 3,13 3,19 2,19 4,18 2,14 4,16 3,14 2,17 4,13 4,19 3,17 2,12 2,18 4,14 3,12 3,18 4,17 3,15 1=12,1 22,5 22,11 5,1 5,7 12,22 5,16 2,2 5,22 16,1 1,12 1,18 7,1 18,1 18,7 22,1 18,16 16,22 2,21 22,7 7,22 18,22 21,21 22,16 22,22 11,1 13,4 1,5 1,11 11,22 13,19 21,2 16,18 7,18 22,12 4,4 4,10 22,18 19,4 10,4 1,1 19,10 19,13 19,19 1,7 16,5 10,19 1,16 7,5 1,22 2=15,21 14,4 4,9 3,10 14,19 19,9 9,14 10,3 8,12 11,8 8,21 15,2 2,8 16,7 15,11 7,7 16,16 13,20 7,16 20,13 20,10 21,15 14,9 12,15 8,2 8,11 9,4 19,14 9,19 10,20 21,8 12,8 14,14 9,9 13,3 11,15 15,12 3=8,8 9,16 14,7 16,9 14,16 7,9 12,11 8,15 11,11 7,14 15,8 11,12 12,12 16,14 9,7 15,15 4=23,1 3,4 4,3 3,1 21,19 20,23 22,20 20,20 22,23 4,21 19,3 23,22 3,22 1,0 1,3 19,21 0,20 20,4 2,20 21,3 20,1 4,2 3,0 23,3 3,3 20,19 20,22 19,2 3,21 4,20 0,1 2,4 19,20 1,20 0,22 1,23 20,0 20,3
3x8 background=5 1=2,1 2,7 2=1,1 0,3 2,2 4=0,7 1,7 6=1,0 2,0 1,4 9=0,1 2,3 0,4 1,5 1,6|4x3 background=9 2=3,0 4=1,1 1,2 6=0,0 7=3,1 3,2 8=2,0|5x6 background=2 1=0,1 0,4 2,1 1,3 3,5 4,2 3,0 4=3,4 5=4,4 4,5 2,5 6=4,1 3,1 3,2 0,3 2,0 8=4,3 2,4 0,2 3,3 0,0 1,0|6x7 background=4 1=2,3 5,0 0,5 3,2 0,6 2=5,6 3=1,5 5,1 0,0 5=0,1 4,4 1,2 0,4 2,1 4,0 1,0 6=1,6 4,6 2,6 3,6 8=2,4 3,4 4,3 3,1 5,4 4,2 4,5 2,2 1,3|8x5 background=2 3=3,1 6,3 2,0 5=4,4 0,4 3,4 4,3 7,0 1,4 6=7,4 1,0 5,4 4,1 3,2 4,2 5,2 7=0,1 5,0 0,3 2,3 8=2,4 4,0 6,2 7,1 6,1 7,3 3,0 9=0,2 6,0 2,2 1,1 1,3
first training example labels <s>x1 = vmirror(I)
x2 = compress(x1)
x3 = hmirror(x2)
x4 = ofcolor(I, ZERO)
x5 = subgrid(x4, x3)
O = replace(x5, ZERO, EIGHT)</s>
                                   
Epoch 44: 100%|██████████| 6250/6250 [40:20<00:00,  2.58it/s, v_num=0, train/loss_step=0.112, train/loss_epoch=0.115]
Training:   0%|          | 0/6250 [00:00<?, ?it/s]
******** iteration 45 ********
first training example inputs <s>4x14 background=0 2=0,7 2,10 0,9 3,10 2,9 1,7 3,13 2,12 0,8 2,11 3,11 3=2,4 0,4 1,5 0,3 2,0 0,6 2,3 0,2 0,5 3,6 1,0 3,5|4x14 background=0 2=0,7 0,13 2,10 2,13 0,12 2,9 1,7 1,13 3,9 2,12 3,13 3,12 0,11 3,11 3=0,1 2,4 1,2 0,0 1,1 1,4 0,2 3,3 2,6 0,5 2,2 1,6 2,5 1,3|4x14 background=0 2=0,7 3,8 0,10 2,7 1,11 3,7 1,8 0,9 2,13 2,9 1,13 1,10 0,8 2,11 1,9 3=0,4 2,1 1,5 3,1 2,0 1,4 3,0 2,3 0,2 0,5 3,6 1,0 3,2|4x14 background=0 2=0,7 1,12 3,8 1,11 0,13 0,9 3,10 2,13 3,9 3,12 2,11 3=0,1 1,2 0,4 2,1 3,4 3,1 0,6 0,2 2,6 3,6 2,2 1,0 3,2 2,5
4x7 background=0 5=1,2 2,1 3,1 1,1 1,4 3,0 2,6 1,6 3,2 1,3|4x7 background=0 5=2,1 1,5 3,1 0,3 2,0 3,0|4x7 background=0 5=3,3 3,4 2,5 3,5 0,6|4x7 background=0 5=1,1 0,3 2,0 3,0 2,3 0,5 1,6 1,3
first training example labels <s>x1 = lefthalf(I)
x2 = righthalf(I)
x3 = asindices(I)
x4 = ofcolor(x1, ZERO)
x5 = ofcolor(x2, ZERO)
x6 = intersection(x4, x5)
x7 = shape(x1)
x8 = canvas(ZERO, x7)
O = fill(x8, FIVE, x6)</s>
                                   
Epoch 45: 100%|██████████| 6250/6250 [40:16<00:00,  2.59it/s, v_num=0, train/loss_step=0.107, train/loss_epoch=0.114]
Training:   0%|          | 0/6250 [00:00<?, ?it/s]
******** iteration 46 ********
first training example inputs <s>12x14 background=2 1=4,0 4,3 5,4 5,1 8,0 9,2 8,3 10,0 11,2 10,3 7,4 6,2 7,1 4,2 5,0 5,3 8,2 9,1 11,4 10,2 9,4 11,1 6,1 7,0 6,4 7,3 4,1 5,2 4,4 9,0 8,4 9,3 8,1 11,0 10,4 11,3 10,1 7,2 6,0 6,3 3=11,7 10,5 4,6 5,7 9,5 6,7 7,6 10,6 8,6 11,5 4,7 5,5 7,7 6,5 8,7 9,6 10,7 11,6 4,5 5,6 6,6 7,5 9,7 8,5 4=0,1 2,4 1,2 0,4 3,4 2,1 3,1 0,2 2,2 1,0 3,2 1,3 0,0 1,1 0,3 2,0 1,4 3,0 2,3 3,3 5=0,7 2,7 1,5 3,7 0,6 1,7 2,6 0,5 3,6 1,6 2,5 3,5|13x15 background=8 2=4,0 4,3 3,1 5,1 8,0 0,2 8,3 2,2 1,0 1,3 6,2 7,1 4,2 3,0 3,3 5,0 5,3 8,2 0,1 1,2 2,1 6,1 7,0 7,3 3,2 4,1 5,2 0,0 8,1 1,1 0,3 2,0 2,3 7,2 6,0 6,3 3=11,1 12,1 9,2 11,2 10,0 12,2 10,3 9,0 9,3 11,0 12,0 11,3 10,1 12,3 9,1 10,2 5=12,4 12,7 12,10 12,13 9,5 10,6 9,8 9,14 11,5 10,9 9,11 11,8 11,14 10
2x3 background=2 1=1,0 3=1,1 4=0,0 5=0,1|3x3 background=8 2=1,0 0,0 3=2,0 5=2,1 2,2|3x3 background=3 1=0,0 2=0,1 5=1,0 2,0 6=1,1 2,1 8=0,2|3x3 background=4 1=1,1 2=2,0 3=1,0 5=2,2 7=0,1 8=0,2 0,0
first training example labels <s>x1 = righthalf(I)
O = downscale(I, SIX)</s>
                                   
Epoch 46: 100%|██████████| 6250/6250 [40:18<00:00,  2.58it/s, v_num=0, train/loss_step=0.0866, train/loss_epoch=0.114]
Training:   0%|          | 0/6250 [00:00<?, ?it/s]
******** iteration 47 ********
first training example inputs <s>20x20 background=0 2=3,4 4,3 5,4 4,6 6,4 3,5 4,4 5,5 6,5 5,3 4,5 3,3 5,6 3,6 6,6 6,3 4=14,7 16,9 15,7 14,10 17,9 16,6 15,10 17,6 18,9 18,6 16,7 14,8 17,7 16,10 15,8 18,7 17,10 18,10 14,6 15,6 14,9 15,9 16,8 17,8 18,8 6=17,3 3,16 14,16 8,9 19,9 9,8 10,3 13,2 0,14 10,12 13,11 0,11 11,11 18,4 6,2 2,17 15,14 7,10 14,0 0,18 4,8 5,12 17,14 9,10 2,4 13,4 13,1 16,0 11,13 2,19 13,19 12,5 6,0 8,4 19,4 0,0 8,1 19,10 1,4 0,15 2,12 18,5 16,17 12,7 17,0 12,13 4,12 0,2 3,19 4,18 8,3 19,12 0,8 16,1 13,14 7,16 12,0 18,13 14,3 17,2 4,14 17,11 9,7 9,4 0,1 11,1 8,14 19,14 13,7 6,1 0,19 11,19 1,14 2,13 18,18 17,4 14,14 8,7 19,7 2,0 17,19 11,12 10,10 13,9 1,16 11,18 18,11 7,8 7=12,4 6,18 12,1 6,15 4,9 9,2 8,0 12,19 5,13 3,13 14,13 17,12 0,5 11,5 7,4 1,18 1,15 6,8 18,19 3,0 6,17 19,2 11,7 19,8 0,4 19,17 1,11 1,8 13,10 3,2 4,1 3,11 3,8 9,3 3,17 17,13 8,
3x3 background=4|3x3 background=3|3x3 background=8
first training example labels <s>x1 = vmirror(I)
x2 = rot270(x1)
x3 = objects(x2, T, F, T)
x4 = argmax(x3, size)
x5 = color(x4)
x6 = subgrid(x4, x1)
O = canvas(x5, THREE_BY_THREE)</s>
                                   
Epoch 47: 100%|██████████| 6250/6250 [40:17<00:00,  2.59it/s, v_num=0, train/loss_step=0.107, train/loss_epoch=0.113]
Training:   0%|          | 0/6250 [00:00<?, ?it/s]
******** iteration 48 ********
first training example inputs <s>4x9 background=0 1=1,0 2,1 3,1 3,2 0,3 2,0 3,0 2=0,7 3,8 2,7 1,8 0,6 1,7 0,5 1,6 2,8 5=2,4 0,4 3,4 1,4|4x9 background=0 1=1,0 2,1 3,1 3,2 0,3 2,0 3,0 2=2,7 1,5 3,7 0,6 2,6 0,5 3,6 1,6 5=2,4 0,4 3,4 1,4|4x9 background=0 1=0,1 0,0 3,1 2,0 3,0 2,3 1,0 1,3 3=0,7 3,8 2,7 3,7 1,7 2,6 1,6 0,8 5=2,4 0,4 3,4 1,4|4x9 background=0 1=0,1 0,0 3,1 0,3 2,0 3,0 2,3 0,2 3,3 1,0 3,2 1,3 5=2,4 0,4 3,4 1,4 6=1,6 1,7 2,6 2,7|4x9 background=0 1=0,1 0,0 3,1 0,3 2,0 3,0 2,3 0,2 3,3 1,0 3,2 1,3 2=1,6 1,5 0,5 0,6 5=2,4 0,4 3,4 1,4|4x9 background=0 1=0,1 0,0 0,3 2,0 3,0 2,3 0,2 3,3 1,0 1,3 3=0,5 1,5 1,6 2,5 0,6 5=2,4 0,4 3,4 1,4|4x9 background=0 1=0,1 0,0 0,3 2,0 3,0 2,3 0,2 2,2 1,0 3,2 5=2,4 0,4 3,4 1,4 7=3,8 1,7 2,6 3,6 1,6 1,8
4x4 background=0 1=1,0 2,1 3,1 3,2 0,3 2,0 3,0|4x4 background=0 1=1,0 2,1 3,1 3,2 0,3 2,0 3,0|4x4 background=0 1=0,1 0,0 3,1 2,0 3,0 2,3 1,0 1,3|4x4 background=1 0=1,1 1,2 2,1 2,2|4x4 background=1 0=1,1 1,2 2,1 2,2|4x4 background=1 0=1,2 2,1 2,2 3,1 1,1 3,2|4x4 background=1 0=1,2 3,3 2,1 3,1 1,1 1,3
first training example labels <s>x1 = switch(I, ZERO, ONE)
x2 = switch(x1, FIVE, ONE)
x3 = switch(x1, ONE, TWO)
O = lefthalf(I)</s>
                                   
Epoch 48: 100%|██████████| 6250/6250 [40:24<00:00,  2.58it/s, v_num=0, train/loss_step=0.125, train/loss_epoch=0.112]
Training:   0%|          | 0/6250 [00:00<?, ?it/s]
******** iteration 49 ********
first training example inputs <s>2x2 background=1 0=0,1|2x2 background=0 3=0,1 1,0|3x3 background=2 0=0,1 1,0 1,2|3x3 background=8 0=0,1 2,2 2,1 0,0|4x4 background=0 2=1,2 2,1 3,1 3,0 2,3 0,2 1,0 3,2|4x4 background=0 7=0,1 1,2 2,1 3,1 1,1 3,3 1,0 1,3
6x6 background=1 0=0,1 2,1 4,3 0,3 2,3 4,5 0,5 2,5 4,1|6x6 background=0 3=0,1 1,2 2,1 3,4 4,3 5,4 0,5 1,0 3,2 2,5 4,1 5,2 0,3 1,4 3,0 2,3 4,5 5,0|9x9 background=2 0=0,1 0,7 4,0 1,2 3,4 0,4 4,3 3,1 3,7 1,5 4,6 6,1 1,8 7,0 6,4 7,3 6,7 7,6 1,0 1,6 1,3 4,2 4,5 4,8 7,2 7,5 7,8|9x9 background=8 0=3,4 3,1 3,7 5,4 5,1 5,7 2,2 2,5 2,8 3,0 3,3 3,6 8,2 8,5 0,1 0,7 2,4 8,8 0,4 2,1 2,7 6,1 6,4 6,7 5,2 5,5 8,4 0,0 5,8 8,1 8,7 0,3 0,6 6,0 6,6 6,3|12x12 background=0 2=5,4 4,6 9,2 5,10 9,8 8,6 10,3 1,0 11,5 2,11 7,4 7,1 6,11 7,10 4,2 3,0 3,9 5,6 3,6 8,2 9,10 10,5 1,2 2,1 1,8 3,2 4,10 3,8 11,0 8,10 10,7 1,4 0,6 2,3 11,6 11,9 1,10 7,5 6,3 3,4 3,1 3,10 0,2 11,2 10,9 1,6 11,8 2,5 6,5 5,0 11,4 9,4 11,1 10,11 0,10 2,7 11,10 6,1 7,0 7,9 6,7 7,6 3,5 5,2 9,0 5,
first training example labels <s>x1 = width(I)
x2 = asindices(I)
x3 = halve(x1)
x4 = hconcat(I, I)
x5 = hconcat(x4, I)
x6 = vconcat(x5, x5)
x7 = vconcat(x6, x5)
O = cellwise(x7, x7, ZERO)</s>
                                   
Epoch 49: 100%|██████████| 6250/6250 [40:20<00:00,  2.58it/s, v_num=0, train/loss_step=0.174, train/loss_epoch=0.111]
Training:   0%|          | 0/6250 [00:00<?, ?it/s]
******** iteration 50 ********
first training example inputs <s>22x20 background=0 8=12,4 6,18 3,13 17,12 11,5 2,2 5,19 8,18 9,17 13,8 15,5 6,2 18,10 4,2 7,19 5,3 17,5 3,15 5,12 11,7 2,4 15,7 6,4 16,6 18,3 6,13 7,12 18,12 14,8 11,9 13,3 13,12 15,9 6,6 16,8 18,5 7,14 5,7 17,9 5,16 9,14 15,2 15,11 16,10 12,6 14,3 17,2 3,12 14,12 11,4 5,18 9,16 13,7 15,4 2,13 16,12 18,9 3,5 5,2 4,4 17,4 8,13 13,9 15,6 2,6 16,5 18,2 18,11 6,15 12,10 14,7 5,4 4,6 3,16 5,13 13,2 8,15 13,11 11,11 2,8 18,4 2,17 6,8 12,3 12,12 5,6 4,8 4,17 16,9 2,19 6,19 14,2 4,19 11,6 8,19 9,18 12,7 14,4 4,12 8,12 11,8 2,5 2,14 15,8 6,5 6,14 7,13 12,9 14,6 4,5 5,15 11,10 2,16 6,7 18,6 12,2 6,16 7,15 12,11 4,16 5,8 17,10 11,3 5,17 8,16 9,15 11,12 15,12 16,11 18,8 3=6,12 7,17 3,4 4,3 3,7 14,10 17,3 4,15 17,6 3,19 11,2 4,18 13,5 16,4 16,7 18,7 7,16 6,17 3,3 14,9 4,14 3,6 3,18 17,11 17,8 8,14 13,4 9,13 9,19 2,7 8,17 16,3 13,10 15,10 12,5 3,2 7,18
8x11 background=8 3=2,4 3,7 6,1 5,1 6,4 2,2 1,6 1,3 4,1 2,8 5,2 3,8 5,5 6,5 0,0 2,3 3,3 3,9 5,0 4,8 6,6 7,5 6,9|10x9 background=8 3=0,1 0,7 8,8 1,2 2,1 2,7 1,8 5,1 8,0 9,2 6,4 2,2 1,6 3,2 2,5 5,5 7,1 7,7 6,5 9,6 2,3 1,7 6,6 7,5|9x10 background=8 3=8,8 1,2 0,4 3,4 2,1 4,9 1,8 6,6 5,1 6,7 7,6 2,2 0,8 3,2 1,9 2,8 6,5 0,0 2,3 1,7 5,6 4,8 3,6 5,3 7,2|8x10 background=8 3=3,8 1,2 6,2 2,1 5,8 4,9 2,3 4,8 2,2 1,6 3,2 4,7
first training example labels <s>x1 = objects(I, T, T, T)
x2 = argmax(x1, size)
x3 = argmin(x1, size)
x4 = subgrid(x2, I)
x5 = subgrid(x3, I)
O = replace(x4, ZERO, EIGHT)</s>
                                   
Epoch 50: 100%|██████████| 6250/6250 [40:25<00:00,  2.58it/s, v_num=0, train/loss_step=0.0632, train/loss_epoch=0.110]
Training:   0%|          | 0/6250 [00:00<?, ?it/s]
******** iteration 51 ********
first training example inputs <s>5x5 background=0 1=0,1 4,0 0,4 0,0 3,1 0,3 1,4 1,0 4,1 2=4,4 3,3 3,4 4,3|5x5 background=0 1=0,4 0,0 3,1 4,1 1,1 0,3 3,0 1,0 1,3 2=4,4 3,3 3,4 4,3|5x5 background=0 1=0,1 4,0 0,4 0,0 4,1 1,4 2=4,4 3,3 3,4 4,3
2x2 background=1 0=0,1|2x2 background=1 0=0,0|2x2 background=0 1=1,0 0,0
first training example labels <s>x1 = rot90(I)
x2 = rot180(I)
x3 = rot270(I)
O = crop(x1, ORIGIN, TWO_BY_TWO)</s>
                                   
Epoch 51: 100%|██████████| 6250/6250 [40:22<00:00,  2.58it/s, v_num=0, train/loss_step=0.0794, train/loss_epoch=0.110]
Training:   0%|          | 0/6250 [00:00<?, ?it/s]
******** iteration 52 ********
first training example inputs <s>3x3 background=0 5=0,1 1,1 1,2 2,2|7x7 background=0 5=0,1 1,2 3,1 6,1 5,4 5,1 6,4 2,2 3,2 2,5 4,1 3,5 4,4 1,1 4,5 2,6|9x12 background=0 5=3,4 3,7 5,4 4,6 5,1 8,3 8,9 0,5 2,2 8,6 0,8 2,5 2,8 7,4 6,11 4,2 5,0 5,6 8,2 0,1 2,4 2,1 2,7 1,5 1,8 6,4 7,3 7,9 7,6 6,10 3,2 4,7 5,2 4,4 8,1 1,1 6,6 6,9|12x12 background=0 5=4,9 4,6 5,1 9,5 8,9 8,6 2,2 1,0 10,9 0,8 11,8 2,8 7,4 7,1 6,5 4,2 4,8 3,6 5,9 9,1 11,4 9,4 11,1 0,7 2,1 2,7 10,8 6,1 1,8 6,4 7,3 7,9 7,6 3,2 4,7 5,2 9,0 9,9 10,4 1,1 9,6 10,1 2,6 7,2 6,6 6,9
2x1 background=0|6x1 background=0|8x1 background=0 3=5,0|11x1 background=0 3=1,0 9,0
first training example labels <s>x1 = height(I)
x2 = decrement(x1)
x3 = astuple(x2, ONE)
x4 = canvas(ZERO, x3)
x5 = ofcolor(I, FIVE)
O = fill(x4, THREE, x5)</s>
                                   
Epoch 52: 100%|██████████| 6250/6250 [40:28<00:00,  2.57it/s, v_num=0, train/loss_step=0.0477, train/loss_epoch=0.109]
Training:   0%|          | 0/6250 [00:00<?, ?it/s]
******** iteration 53 ********
first training example inputs <s>17x16 background=5 1=10,11 11,10 12,10 11,12 10,10 12,12 12,11 10,12 2=4,13 4,12 2,13 3,13 2,12 4,11 2,11 3,11 3=7,4 8,4 6,5 6,4 7,6 8,6 6,6 8,5 6=13,1 14,1 15,1 13,3 14,3 15,3 13,2 15,2 7=13,8 8,8 8,14 14,8 8,10 8,9 9,8 16,8 11,8 8,15 12,8 8,11 8=1,2 2,1 3,1 1,1 2,3 3,3 3,2 1,3|17x18 background=5 1=2,4 1,2 3,4 1,4 3,3 2,2 3,2 1,3 2=8,14 6,15 7,16 6,14 8,16 6,16 8,15 7,14 3=4,9 6,8 5,7 6,7 4,8 5,9 6,9 4,7 4=10,5 9,3 11,3 9,5 11,5 10,3 11,4 9,4 7=11,1 11,7 12,1 13,1 14,1 14,7 15,7 7,3 7,6 16,1 16,7 7,1 7,7 8,1 8,7 7,2 7,5 9,1 9,7 8=15,11 16,13 15,13 16,12 14,13 14,12 16,11 14,11
3x3 background=1 5=1,1|3x3 background=1 5=1,1
first training example labels <s>x1 = objects(I, T, T, T)
x2 = argmax(x1, size)
x3 = leastcolor(I)
x4 = colorfilter(x1, x3)
x5 = subgrid(x2, I)
x6 = mostcolor(x5)
O = switch(x5, x6, ONE)</s>
                                   
Epoch 53: 100%|██████████| 6250/6250 [40:29<00:00,  2.57it/s, v_num=0, train/loss_step=0.0893, train/loss_epoch=0.109]
Training:   0%|          | 0/6250 [00:00<?, ?it/s]
******** iteration 54 ********
first training example inputs <s>12x12 background=0 2=5,9 6,8 1,3 2,2 6=6,2 1,10 6,0 6,1 1,8 1,9 7=9,5 8,4 8,5 9,4 8=2,3 1,2 6,9 5,8|11x11 background=0 2=4,9 5,9 3,9 6,9 4=9,0 10,0 2,7 3,7 4,7 8,0 5=7,4 1,2 8,4 9,4 10,4 6,4 4,2 2,2 3,2 5,2|13x13 background=0 1=5,10 6,9 6,10 6,11 2=3,8 5,11 7,1 8,1 2,10 3,10 7,3 2,9 8,3 7,2 5,9 2,8 3=8,2 3,9 6=9,7 1,2 9,6 10,7 1,4 2,3 9,8 1,3
2x2 background=7|5x1 background=1|2x3 background=2 3=0,1
first training example labels <s>x1 = objects(I, T, F, T)
x2 = argmax(x1, size)
x3 = subgrid(x2, I)
x4 = vmirror(x3)
x5 = hmirror(x4)
O = replace(x5, FIVE, ONE)</s>
                                   
Epoch 54: 100%|██████████| 6250/6250 [40:27<00:00,  2.57it/s, v_num=0, train/loss_step=0.0794, train/loss_epoch=0.108]
Training:   0%|          | 0/6250 [00:00<?, ?it/s]
******** iteration 55 ********
first training example inputs <s>14x18 background=0 7=12,4 4,9 5,4 4,6 5,13 3,13 5,10 10,6 11,5 2,2 8,6 10,3 11,14 2,11 8,15 10,12 6,11 4,2 12,3 12,12 3,9 5,6 3,6 5,3 11,7 2,4 10,5 1,2 11,16 10,14 2,10 6,13 6,10 12,5 3,2 12,14 3,11 5,5 8,4 9,3 9,12 10,7 1,4 11,6 2,3 10,16 11,15 2,12 6,12 12,7 3,4 4,3 12,16 12,13 3,10 4,12 9,5 8,3 9,14 8,12 1,6 1,3 12,6 4,5 12,15 3,12 5,9 4,11 9,7 11,4 8,5 9,4 9,16 8,14 1,5 2,13 3,5 5,2 4,4 5,11 4,13 8,7 11,3 8,16 10,13 9,15 8,13 11,12 2,9 2,6 6,9|15x19 background=0 8=4,9 5,4 5,1 3,16 4,15 5,10 11,5 10,3 0,14 2,11 11,14 8,15 10,12 2,8 1,18 6,11 6,8 12,3 12,12 4,8 5,3 3,18 4,17 5,12 11,7 10,5 1,2 13,4 2,1 0,16 11,16 10,14 11,13 2,10 1,17 6,10 12,5 3,2 4,1 12,14 4,10 3,8 5,5 9,3 3,17 9,12 10,7 1,4 11,6 2,3 13,3 10,16 0,15 2,12 6,12 12,7 3,4 4,3 3,1 12,16 12,13 3,10 4,12 9,5 4,18 9,14 8,12 2,5 1,3 13,5 0,17 10,15 2,14 4,
5x5 background=7 0=2,3 1,1 3,1|5x5 background=8 0=3,1 1,1 3,3 1,3|5x5 background=6 0=3,1 1,1 1,3|5x5 background=2 0=1,1 1,3
first training example labels <s>x1 = objects(I, F, T, T)
x2 = argmin(x1, size)
x3 = color(x2)
x4 = subgrid(x2, I)
O = replace(x4, x3, x3)</s>
                                   
Epoch 55: 100%|██████████| 6250/6250 [40:29<00:00,  2.57it/s, v_num=0, train/loss_step=0.0791, train/loss_epoch=0.107]
Training:   0%|          | 0/6250 [00:00<?, ?it/s]
******** iteration 56 ********
first training example inputs <s>16x16 background=6 1=0,13 15,13 2,13 13,13 0,2 2,2 13,2 15,2 2,0 13,0 12,3 3,3 12,12 3,12 2,15 13,15 2=12,1 12,7 3,1 12,10 14,7 5,13 14,13 8,3 9,14 8,12 10,3 1,6 2,5 1,3 1,9 10,12 13,5 2,14 1,12 13,14 7,1 7,10 6,14 14,6 14,3 14,9 5,3 14,12 9,1 5,12 8,5 10,2 8,14 1,2 2,1 10,8 13,1 6,1 2,10 1,8 13,10 7,3 7,12 12,5 14,2 12,8 3,5 5,2 12,14 14,8 3,14 8,1 8,10 10,7 10,13 1,7 1,13 7,5 7,14 3=4,9 3,7 3,10 5,7 6,7 5,10 6,10 4,7 4,10 3,8 5,8 6,8 3,9 4,8 5,9 6,9 4=12,4 0,7 3,4 4,3 7,0 4,12 15,7 8,0 7,15 12,11 0,8 8,15 3,11 15,8 11,3 11,12 7=12,13 2,3 3,13 13,3 2,12 12,2 13,12 3,2 8=11,7 10,5 7,9 8,9 7,6 9,8 8,6 11,8 11,11 4,4 7,4 5,5 8,4 9,9 9,6 10,10 6,6 4,11 7,11 9,7 11,4 8,11 9=4,0 14,1 4,15 1,0 0,14 0,11 15,11 1,15 15,14 12,0 3,0 14,0 12,15 3,15 14,15 0,1 0,4 15,4 15,1 1,14 14,14 0,0 11,0 1,1 0,3 0,12 15,
4x4 background=8 2=0,1 2,1 0,0 0,3 2,0 6=0,2 1,2 3,3 2,2 1,3|4x4 background=2 4=3,0 6=3,1 8=3,2 9=0,1 2,3 2,1 0,0 1,0 0,3|4x4 background=7 1=1,0 0,3 2,3 2,1 5=0,1 8=3,0 9=1,2 2,0 3,3 2,2
first training example labels <s>x1 = ofcolor(I, THREE)
x2 = replace(I, THREE, SIX)
x3 = hmirror(x2)
x4 = hmirror(x3)
O = subgrid(x1, x3)</s>
                                   
Epoch 56: 100%|██████████| 6250/6250 [40:01<00:00,  2.60it/s, v_num=0, train/loss_step=0.0952, train/loss_epoch=0.107]
Training:   0%|          | 0/6250 [00:00<?, ?it/s]
******** iteration 57 ********
first training example inputs <s>24x24 background=5 0=2,15 2,16 4,12 3,16 2,13 4,15 3,13 3,19 2,19 4,18 2,14 4,16 3,14 2,17 4,13 4,19 3,17 2,12 2,18 4,14 3,12 3,18 4,17 3,15 1=12,1 22,5 22,11 5,1 5,7 12,22 5,16 2,2 5,22 16,1 1,12 1,18 7,1 18,1 18,7 22,1 18,16 16,22 2,21 22,7 7,22 18,22 21,21 22,16 22,22 11,1 13,4 1,5 1,11 11,22 13,19 21,2 16,18 7,18 22,12 4,4 4,10 22,18 19,4 10,4 1,1 19,10 19,13 19,19 1,7 16,5 10,19 1,16 7,5 1,22 2=15,21 14,4 4,9 3,10 14,19 19,9 9,14 10,3 8,12 11,8 8,21 15,2 2,8 16,7 15,11 7,7 16,16 13,20 7,16 20,13 20,10 21,15 14,9 12,15 8,2 8,11 9,4 19,14 9,19 10,20 21,8 12,8 14,14 9,9 13,3 11,15 15,12 3=8,8 9,16 14,7 16,9 14,16 7,9 12,11 8,15 11,11 7,14 15,8 11,12 12,12 16,14 9,7 15,15 4=23,1 3,4 4,3 3,1 21,19 20,23 22,20 20,20 22,23 4,21 19,3 23,22 3,22 1,0 1,3 19,21 0,20 20,4 2,20 21,3 20,1 4,2 3,0 23,3 3,3 20,19 20,22 19,2 3,21 4,20 0,1 2,4 19,20 1,20 0,22 1,23 20,0 20,3
3x8 background=5 1=2,1 2,7 2=1,1 0,3 2,2 4=0,7 1,7 6=1,0 2,0 1,4 9=0,1 2,3 0,4 1,5 1,6|4x3 background=9 2=3,0 4=1,1 1,2 6=0,0 7=3,1 3,2 8=2,0|5x6 background=2 1=0,1 0,4 2,1 1,3 3,5 4,2 3,0 4=3,4 5=4,4 4,5 2,5 6=4,1 3,1 3,2 0,3 2,0 8=4,3 2,4 0,2 3,3 0,0 1,0|6x7 background=4 1=2,3 5,0 0,5 3,2 0,6 2=5,6 3=1,5 5,1 0,0 5=0,1 4,4 1,2 0,4 2,1 4,0 1,0 6=1,6 4,6 2,6 3,6 8=2,4 3,4 4,3 3,1 5,4 4,2 4,5 2,2 1,3|8x5 background=2 3=3,1 6,3 2,0 5=4,4 0,4 3,4 4,3 7,0 1,4 6=7,4 1,0 5,4 4,1 3,2 4,2 5,2 7=0,1 5,0 0,3 2,3 8=2,4 4,0 6,2 7,1 6,1 7,3 3,0 9=0,2 6,0 2,2 1,1 1,3
first training example labels <s>x1 = cmirror(I)
x2 = compress(x1)
x3 = hmirror(x2)
x4 = ofcolor(I, ZERO)
x5 = subgrid(x4, x3)
x6 = replace(x5, ZERO, EIGHT)
O = replace(x6, ZERO, NINE)</s>
                                   
Epoch 57: 100%|██████████| 6250/6250 [39:52<00:00,  2.61it/s, v_num=0, train/loss_step=0.0957, train/loss_epoch=0.107]
Training:   0%|          | 0/6250 [00:00<?, ?it/s]
******** iteration 58 ********
first training example inputs <s>3x3 background=0 1=0,1 2,1 3=1,0 1,1 1,2|8x12 background=0 2=0,1 6,2 1,2 7,1 2,1 3,1 6,1 1,1 4,2 0,2 7,2 2,2 3,2 4,1 3=2,4 3,4 2,10 3,10 2,5 2,11 3,5 3,11 2,8 3,8 2,0 3,0 2,3 2,9 3,3 2,6 3,9 3,6 6=5,5 5,11 5,8 5,4 5,1 5,7 5,10 5,0 5,6 5,3 5,9 5,2 8=0,7 6,7 1,7 7,7 2,7 3,7 4,7|9x11 background=0 3=2,1 2,7 2,10 2,0 2,9 2,6 2,2 2,5 4=4,4 7,4 2,4 0,4 3,4 8,4 4,3 0,3 1,4 7,3 2,3 8,3 3,3 1,3 6=6,1 5,4 6,6 5,1 5,7 6,4 6,7 5,10 6,10 5,2 6,2 5,5 6,5 5,0 5,6 6,0 5,3 5,9 6,3 6,9 8=8,8 3,8 5,8 6,8 1,8 4,8 0,8 7,8 2,8|11x11 background=0 1=1,5 2,10 3,10 1,0 1,6 2,5 1,3 1,9 3,5 2,0 3,0 2,3 2,9 3,3 2,6 3,9 1,10 3,6 2=0,1 1,2 2,1 3,1 5,1 9,2 0,2 2,2 3,2 4,1 5,2 8,1 1,1 10,1 4,2 8,2 9,1 10,2 4=6,1 7,0 7,3 7,9 6,7 7,6 6,10 6,2 7,1 7,
1x1 background=3|1x1 background=3|1x1 background=6|1x1 background=4|1x1 background=1
first training example labels <s>x1 = fgpartition(I)
x2 = argmax(x1, size)
x3 = color(x2)
O = canvas(x3, UNITY)</s>
                                   
Epoch 58: 100%|██████████| 6250/6250 [39:54<00:00,  2.61it/s, v_num=0, train/loss_step=0.124, train/loss_epoch=0.106]
Training:   0%|          | 0/6250 [00:00<?, ?it/s]
******** iteration 59 ********
first training example inputs <s>22x21 background=0 1=6,18 7,17 6,15 3,16 4,15 3,13 5,10 8,18 9,17 8,15 1,18 1,15 6,11 7,10 6,17 3,18 4,17 3,15 9,10 8,17 1,11 2,10 1,17 6,13 7,12 6,10 7,18 3,11 4,10 3,17 9,12 8,10 1,13 9,18 2,12 1,10 6,12 4,12 3,10 5,16 4,18 9,14 8,12 9,11 2,14 1,12 7,13 3,12 4,11 5,18 5,15 8,14 9,16 9,13 2,16 1,14 2,13 6,16 4,16 5,11 4,13 5,17 8,16 9,15 8,13 2,18 1,16 2,15 7,11 2=3,14 5,14 7,16 6,14 5,13 4,14 7,15 5,12 7,14 4=13,5 2,11 5=13,11 8,11 8=2,17 19,5|23x19 background=0 1=5,4 9,2 5,10 8,9 9,8 8,6 2,2 2,11 1,9 2,8 6,2 6,11 7,10 4,2 3,9 5,6 4,8 3,6 5,3 8,2 8,11 9,10 8,8 2,4 1,2 1,11 1,8 6,4 7,3 6,10 3,2 3,11 4,10 3,8 8,4 9,3 1,4 1,10 7,5 6,3 3,4 4,3 3,10 5,7 9,5 8,3 1,6 9,11 2,5 1,3 7,7 3,3 5,9 4,11 9,7 8,5 9,4 2,7 1,5 7,9 7,6 3,5 5,2 4,4 5,11 5,8 8,7 9,9 9,6 2,9 1,7 2,6 7,2 7,11 6,9 2=2,3 21,14 3
9x9 background=1 2=4,4 2,4 3,4 4,3 5,4 6,4 4,2 2,6 2,5 4=7,1 5=1,1 8=7,7|9x10 background=1 2=7,1 3=1,8 4=7,8 8=5,5 3,4 6,5 4,3 5,4 5,7 3,3 2,6 3,6 2,2 5,3 3,5|12x10 background=1 2=10,1 3=10,8 4=1,8 5=7,4 7,7 2,7 9,3 8,7 3,7 9,6 5,7 6,7 8,3 8,6 8,2 7,5 4,7
first training example labels <s>x1 = objects(I, F, F, T)
x2 = ofcolor(I, ONE)
x3 = argmax(x1, size)
x4 = color(x2)
x5 = subgrid(x2, I)
O = hmirror(x5)</s>
                                   
Epoch 59: 100%|██████████| 6250/6250 [39:58<00:00,  2.61it/s, v_num=0, train/loss_step=0.0595, train/loss_epoch=0.105]
Training:   0%|          | 0/6250 [00:00<?, ?it/s]
******** iteration 60 ********
first training example inputs <s>9x9 background=0 8=2,3 1,2 2,1 2,2 3,2 1,3 4=2,6 5,6|9x9 background=0 8=6,2 5,2 7,2 6,1 7,3 4=2,4|9x9 background=0 8=3,1 3,2 3,3 4,2 4=5,6 7,3 1,5|9x9 background=0 8=1,2 2,1 3,1 2,0 3,0 4=4,5 6,3 0,5|9x9 background=0 8=0,1 0,2 2,1 1,0 1,1 4=8,5 5,1 1,4 3,6
3x12 background=8 0=0,0 0,3 2,0 0,9 0,6 2,3 2,9 2,6 2,2 2,5 2,11 2,8|3x12 background=8 0=1,2 1,5 1,11 1,8 0,2 0,5 0,8 0,11 0,0 0,3 0,9 2,0 0,6 2,3 2,9 2,6|2x12 background=8 0=1,2 1,5 1,11 1,8 1,0 1,6 1,3 1,9|3x12 background=8 0=0,1 0,7 1,2 0,4 0,10 1,5 1,11 1,8 2,2 2,5 2,11 2,8 0,0 0,3 0,9 0,6|3x12 background=8 0=1,2 1,5 1,11 1,8 2,2 2,5 2,11 2,8 0,0 0,3 0,9 2,0 0,6 2,3 2,9 2,6
first training example labels <s>x1 = objects(I, F, T, T)
x2 = argmax(x1, size)
x3 = subgrid(x2, I)
x4 = hconcat(x3, x3)
O = hconcat(x4, x4)</s>
                                   
Epoch 60: 100%|██████████| 6250/6250 [39:58<00:00,  2.61it/s, v_num=0, train/loss_step=0.142, train/loss_epoch=0.105]
Training:   0%|          | 0/6250 [00:00<?, ?it/s]
******** iteration 61 ********
first training example inputs <s>10x13 background=0 2=4,10 6,2 3,11 4,11 5,4 6,3 7,3 3=7,10 1,1 8,10 2,3 8,9 7,2 2,2 1,3 7,8 5,2 5=7,9 0,2 1,2 5,3 6,9 7=2,10 3,9 3,10 8=0,4 6,10 6,11 0,3 1,4 7,11|15x13 background=0 1=1,2 5,6 4,8 1,3 4,7 2=6,7 2,1 2,2 3,2 5,7 3=3,1 4,1 4=13,9 13,10 14,9 5=13,3 8,3 13,4 8,4 13,2 8,2 6=11,9 12,8 12,9 8=12,4 7,4 11,10 12,10 11,3 12,3 7,3 2,3 10,10 3,3 12,2 7,2 6,3|15x15 background=0 2=0,2 1,3 3=6,7 10,3 6,6 6,8 10,1 4=11,2 9,2 10,2 5=11,12 12,12 1,11 2,10 13,11 0,11 6=5,7 4,8 5,8 7=1,10 13,12 12,10 12,11 2,11 1,9 8=1,2 0,3 2,1 2,2 9=0,12 1,12 12,13 11,13
3x4 background=3 0=2,3 2,0 0,0 8=0,2 0,3 1,3 5=0,1 1,1|3x3 background=8 0=0,2 0,0 5=2,0 2,1 2,2|3x4 background=0 9=0,3 1,3 5=0,2 1,2 2,1 7=1,0 1,1 2,2
first training example labels <s>x1 = objects(I, F, T, T)
x2 = rbind(colorcount, FIVE)
x3 = argmax(x1, x2)
x4 = switch(I, ONE, TWO)
x5 = replace(x4, ONE, TWO)
O = subgrid(x3, x5)</s>
                                   
Epoch 61: 100%|██████████| 6250/6250 [40:06<00:00,  2.60it/s, v_num=0, train/loss_step=0.114, train/loss_epoch=0.105]
Training:   0%|          | 0/6250 [00:00<?, ?it/s]
******** iteration 62 ********
first training example inputs <s>3x3 background=0 2=1,1|5x3 background=0 3=2,1|5x5 background=0 6=2,2|5x7 background=0 1=2,3
3x3 background=2 0=1,1|5x3 background=3 0=2,1|5x5 background=6 0=2,2|5x7 background=1 0=2,3
first training example labels <s>x1 = leastcolor(I)
x2 = cellwise(I, I, SIX)
x3 = switch(x2, ZERO, x1)
O = replace(x3, NEG_TWO, x1)</s>
                                   
Epoch 62: 100%|██████████| 6250/6250 [40:01<00:00,  2.60it/s, v_num=0, train/loss_step=0.0598, train/loss_epoch=0.104]
Training:   0%|          | 0/6250 [00:00<?, ?it/s]
******** iteration 63 ********
first training example inputs <s>5x5 background=0 1=0,1 4,0 0,4 0,0 3,1 0,3 1,4 1,0 4,1 2=4,4 3,3 3,4 4,3|5x5 background=0 1=0,4 0,0 3,1 4,1 1,1 0,3 3,0 1,0 1,3 2=4,4 3,3 3,4 4,3|5x5 background=0 1=0,1 4,0 0,4 0,0 4,1 1,4 2=4,4 3,3 3,4 4,3
2x2 background=1 0=1,0|2x2 background=1 0=0,0|2x2 background=0 1=0,1 0,0
first training example labels <s>x1 = hmirror(I)
x2 = rot180(x1)
x3 = rot270(I)
O = crop(x1, ORIGIN, TWO_BY_TWO)</s>
                                   
Epoch 63: 100%|██████████| 6250/6250 [39:57<00:00,  2.61it/s, v_num=0, train/loss_step=0.0923, train/loss_epoch=0.104]
Training:   0%|          | 0/6250 [00:00<?, ?it/s]
******** iteration 64 ********
first training example inputs <s>8x12 background=0 8=6,2 1,3 3,9|10x20 background=0 8=8,10 2,16 1,3|11x13 background=0 8=9,10 6,2 1,8
8x12 background=0 1=1,2 1,5 4,9 1,8 6,4 6,7 2,2 1,6 3,2 1,9 5,2 6,5 6,8 4,2 1,4 2,9 1,7 6,6 5,9 6,3 6,9 8=6,2 1,3 3,9|10x20 background=0 8=8,10 2,16 1,3 1=4,3 3,16 8,3 5,16 8,9 8,6 8,12 1,6 8,15 1,9 1,12 1,15 7,16 3,3 5,3 8,5 8,11 8,8 8,14 1,5 1,11 1,8 1,14 7,3 6,16 4,16 8,4 8,7 8,16 1,4 2,3 8,13 1,7 1,13 1,10 1,16 6,3|11x13 background=0 1=1,2 1,5 2,10 3,10 9,2 9,5 5,10 9,8 6,10 2,2 1,6 3,2 1,3 1,9 5,2 4,10 9,3 9,9 7,10 9,6 8,10 4,2 1,4 1,7 1,10 7,2 8,2 9,7 9,4 8=9,10 6,2 1,8
first training example labels <s>x1 = objects(I, T, T, T)
x2 = objects(I, F, F, T)
x3 = ofcolor(I, EIGHT)
x4 = box(x3)
O = underfill(I, ONE, x4)</s>
                                   
Epoch 64: 100%|██████████| 6250/6250 [39:58<00:00,  2.61it/s, v_num=0, train/loss_step=0.108, train/loss_epoch=0.104]
Training:   0%|          | 0/6250 [00:00<?, ?it/s]
******** iteration 65 ********
first training example inputs <s>6x6 background=0 1=0,4 2,2 2=0,2 2,0 0,0 3=4,0|6x6 background=0 1=4,2 2=0,4 3=0,0 8=2,4 2,0|6x6 background=0 1=0,0 2=2,2 6=4,4 4,0
3x3 background=0 1=1,1 0,2 2=0,1 1,0 0,0 3=2,0|3x3 background=0 1=2,1 2=0,2 3=0,0 8=1,0 1,2|3x3 background=0 1=0,0 2=1,1 6=2,0 2,2
first training example labels <s>x1 = cellwise(I, I, FOUR)
O = downscale(x1, TWO)</s>
                                   
Epoch 65: 100%|██████████| 6250/6250 [39:59<00:00,  2.60it/s, v_num=0, train/loss_step=0.156, train/loss_epoch=0.103]
Training:   0%|          | 0/6250 [00:00<?, ?it/s]
******** iteration 66 ********
first training example inputs <s>4x14 background=0 2=0,7 2,10 0,9 3,10 2,9 1,7 3,13 2,12 0,8 2,11 3,11 3=2,4 0,4 1,5 0,3 2,0 0,6 2,3 0,2 0,5 3,6 1,0 3,5|4x14 background=0 2=0,7 0,13 2,10 2,13 0,12 2,9 1,7 1,13 3,9 2,12 3,13 3,12 0,11 3,11 3=0,1 2,4 1,2 0,0 1,1 1,4 0,2 3,3 2,6 0,5 2,2 1,6 2,5 1,3|4x14 background=0 2=0,7 3,8 0,10 2,7 1,11 3,7 1,8 0,9 2,13 2,9 1,13 1,10 0,8 2,11 1,9 3=0,4 2,1 1,5 3,1 2,0 1,4 3,0 2,3 0,2 0,5 3,6 1,0 3,2|4x14 background=0 2=0,7 1,12 3,8 1,11 0,13 0,9 3,10 2,13 3,9 3,12 2,11 3=0,1 1,2 0,4 2,1 3,4 3,1 0,6 0,2 2,6 3,6 2,2 1,0 3,2 2,5
4x7 background=0 5=1,2 2,1 3,1 1,1 1,4 3,0 2,6 1,6 3,2 1,3|4x7 background=0 5=2,1 1,5 3,1 0,3 2,0 3,0|4x7 background=0 5=3,3 3,4 2,5 3,5 0,6|4x7 background=0 5=1,1 0,3 2,0 3,0 2,3 0,5 1,6 1,3
first training example labels <s>x1 = lefthalf(I)
x2 = righthalf(I)
x3 = shape(x1)
x4 = ofcolor(I, ZERO)
x5 = ofcolor(x2, ZERO)
x6 = intersection(x4, x5)
x7 = canvas(ZERO, x3)
O = fill(x7, FIVE, x6)</s>
                                   
Epoch 66: 100%|██████████| 6250/6250 [40:02<00:00,  2.60it/s, v_num=0, train/loss_step=0.0846, train/loss_epoch=0.103]
Training:   0%|          | 0/6250 [00:00<?, ?it/s]
******** iteration 67 ********
first training example inputs <s>20x20 background=0 2=3,4 4,3 5,4 4,6 6,4 3,5 4,4 5,5 6,5 5,3 4,5 3,3 5,6 3,6 6,6 6,3 4=14,7 16,9 15,7 14,10 17,9 16,6 15,10 17,6 18,9 18,6 16,7 14,8 17,7 16,10 15,8 18,7 17,10 18,10 14,6 15,6 14,9 15,9 16,8 17,8 18,8 6=17,3 3,16 14,16 8,9 19,9 9,8 10,3 13,2 0,14 10,12 13,11 0,11 11,11 18,4 6,2 2,17 15,14 7,10 14,0 0,18 4,8 5,12 17,14 9,10 2,4 13,4 13,1 16,0 11,13 2,19 13,19 12,5 6,0 8,4 19,4 0,0 8,1 19,10 1,4 0,15 2,12 18,5 16,17 12,7 17,0 12,13 4,12 0,2 3,19 4,18 8,3 19,12 0,8 16,1 13,14 7,16 12,0 18,13 14,3 17,2 4,14 17,11 9,7 9,4 0,1 11,1 8,14 19,14 13,7 6,1 0,19 11,19 1,14 2,13 18,18 17,4 14,14 8,7 19,7 2,0 17,19 11,12 10,10 13,9 1,16 11,18 18,11 7,8 7=12,4 6,18 12,1 6,15 4,9 9,2 8,0 12,19 5,13 3,13 14,13 17,12 0,5 11,5 7,4 1,18 1,15 6,8 18,19 3,0 6,17 19,2 11,7 19,8 0,4 19,17 1,11 1,8 13,10 3,2 4,1 3,11 3,8 9,3 3,17 17,13 8,
3x3 background=4|3x3 background=3|3x3 background=8
first training example labels <s>x1 = greater(TEN, SIX)
x2 = objects(I, T, x1, T)
x3 = argmax(x2, size)
x4 = color(x3)
O = canvas(x4, THREE_BY_THREE)</s>
                                   
Epoch 67: 100%|██████████| 6250/6250 [40:03<00:00,  2.60it/s, v_num=0, train/loss_step=0.163, train/loss_epoch=0.103]
Training:   0%|          | 0/6250 [00:00<?, ?it/s]
******** iteration 68 ********
first training example inputs <s>13x4 background=0 2=0,1 2,1 3,1 5,3 4,2 3,0 2,3 0,2 3,3 1,0 3,2 5,2 6=11,1 9,0 7,1 9,3 11,3 10,1 9,2 11,2 10,0 12,2 7,2 10,3 9,1 7=6,1 6,2 6,3 6,0|13x4 background=0 2=0,1 1,2 2,1 0,0 3,1 4,1 5,3 0,3 2,0 4,2 3,3 5,0 1,0 1,3 6=11,1 8,1 11,0 12,0 7,0 7,3 12,2 7,2 10,3 7=6,1 6,2 6,3 6,0|13x4 background=0 2=4,0 2,1 0,3 5,1 4,2 2,3 3,3 2,2 1,0 5,2 6=9,3 11,0 7,0 11,3 9,2 8,0 7,3 8,3 10,0 12,2 7,2 9,1 7=6,1 6,2 6,3 6,0|13x4 background=0 2=0,1 1,2 2,1 0,0 4,3 1,1 2,0 5,1 3,0 5,0 6=11,1 9,0 7,1 11,0 7,0 8,0 7,3 8,3 12,2 7,2 8,2 9,1 7=6,1 6,2 6,3 6,0
6x4 background=0 8=1,2 4,0 0,0 1,1 0,3 5,1 5,0 1,3|6x4 background=0 8=2,3 2,2 4,3 3,2 5,1 3,0|6x4 background=0 8=0,1 1,2 3,1 1,1 2,0 5,0 5,3 3,2 4,1|6x4 background=0 8=2,3 3,3 2,2 3,1 5,3 3,2 4,2
first training example labels <s>x1 = bottomhalf(I)
x2 = rot180(x1)
x3 = ofcolor(x1, ZERO)
x4 = ofcolor(I, ZERO)
x5 = astuple(SIX, FOUR)
x6 = canvas(ZERO, x5)
x7 = intersection(x3, x4)
O = fill(x6, EIGHT, x7)</s>
                                   
Epoch 68: 100%|██████████| 6250/6250 [40:03<00:00,  2.60it/s, v_num=0, train/loss_step=0.0765, train/loss_epoch=0.102]
Training:   0%|          | 0/6250 [00:00<?, ?it/s]
******** iteration 69 ********
first training example inputs <s>12x4 background=0 3=0,1 4,0 1,1 0,3 5,1 3,0 0,2 3,3 5,3 3,2 1,3 5=11,1 9,0 11,0 6,1 11,3 9,2 10,0 6,3|12x4 background=0 3=0,1 1,2 4,0 2,1 0,0 5,3 0,3 4,2 1,0 3,2 1,3 5=7,1 9,3 11,0 10,1 9,2 8,0 7,3 8,3 10,0 7,2 6,0 9,1 10,2|12x4 background=0 3=0,1 4,0 0,0 5,3 5,1 2,3 3,3 5,0 1,0 3,2 5,2 5=9,0 7,1 9,3 11,0 6,1 7,0 10,1 9,2 8,0 11,2 10,0 8,2 9,1 10,2|12x4 background=0 3=0,1 1,2 4,0 2,1 0,0 3,1 1,1 2,0 4,2 2,3 5,0 3,2 1,3 5=11,1 6,1 7,0 9,2 8,0 7,3 11,2 10,0 6,3 6,2 9,0 7,1 9,3 8,1 7,2 8,2 9,1
6x4 background=0 4=0,1 4,0 1,1 0,3 5,1 3,0 0,2 3,3 5,0 5,3 3,2 1,3|6x4 background=4 0=0,2 5,2 2,2 4,3 5,1 3,0|6x4 background=4 0=0,2 1,2 2,1 4,3 0,3 1,3|6x4 background=4 0=5,3 4,1 4,3
first training example labels <s>x1 = bottomhalf(I)
x2 = tophalf(I)
x3 = ofcolor(x1, ZERO)
x4 = ofcolor(x2, ZERO)
x5 = astuple(SIX, FOUR)
x6 = canvas(FOUR, x5)
x7 = intersection(x3, x4)
O = fill(x6, ZERO, x7)</s>
                                   
Epoch 69: 100%|██████████| 6250/6250 [40:01<00:00,  2.60it/s, v_num=0, train/loss_step=0.139, train/loss_epoch=0.102]
Training:   0%|          | 0/6250 [00:00<?, ?it/s]
******** iteration 70 ********
first training example inputs <s>14x18 background=0 7=12,4 4,9 5,4 4,6 5,13 3,13 5,10 10,6 11,5 2,2 8,6 10,3 11,14 2,11 8,15 10,12 6,11 4,2 12,3 12,12 3,9 5,6 3,6 5,3 11,7 2,4 10,5 1,2 11,16 10,14 2,10 6,13 6,10 12,5 3,2 12,14 3,11 5,5 8,4 9,3 9,12 10,7 1,4 11,6 2,3 10,16 11,15 2,12 6,12 12,7 3,4 4,3 12,16 12,13 3,10 4,12 9,5 8,3 9,14 8,12 1,6 1,3 12,6 4,5 12,15 3,12 5,9 4,11 9,7 11,4 8,5 9,4 9,16 8,14 1,5 2,13 3,5 5,2 4,4 5,11 4,13 8,7 11,3 8,16 10,13 9,15 8,13 11,12 2,9 2,6 6,9|15x19 background=0 8=4,9 5,4 5,1 3,16 4,15 5,10 11,5 10,3 0,14 2,11 11,14 8,15 10,12 2,8 1,18 6,11 6,8 12,3 12,12 4,8 5,3 3,18 4,17 5,12 11,7 10,5 1,2 13,4 2,1 0,16 11,16 10,14 11,13 2,10 1,17 6,10 12,5 3,2 4,1 12,14 4,10 3,8 5,5 9,3 3,17 9,12 10,7 1,4 11,6 2,3 13,3 10,16 0,15 2,12 6,12 12,7 3,4 4,3 3,1 12,16 12,13 3,10 4,12 9,5 4,18 9,14 8,12 2,5 1,3 13,5 0,17 10,15 2,14 4,
5x5 background=7 0=2,3 1,1 3,1|5x5 background=8 0=3,1 1,1 3,3 1,3|5x5 background=6 0=3,1 1,1 1,3|5x5 background=2 0=1,1 1,3
first training example labels <s>x1 = objects(I, F, T, T)
x2 = argmin(x1, size)
x3 = argmax(x1, size)
O = subgrid(x2, I)</s>
                                   
Epoch 70: 100%|██████████| 6250/6250 [40:05<00:00,  2.60it/s, v_num=0, train/loss_step=0.0831, train/loss_epoch=0.101]
Training:   0%|          | 0/6250 [00:00<?, ?it/s]
eval_code took longer than 0.25 seconds
******** iteration 71 ********
first training example inputs <s>5x5 background=0 1=0,1 4,0 0,4 0,0 3,1 0,3 1,4 1,0 4,1 2=4,4 3,3 3,4 4,3|5x5 background=0 1=0,4 0,0 3,1 4,1 1,1 0,3 3,0 1,0 1,3 2=4,4 3,3 3,4 4,3|5x5 background=0 1=0,1 4,0 0,4 0,0 4,1 1,4 2=4,4 3,3 3,4 4,3
2x2 background=1 0=0,1|2x2 background=1 0=0,0|2x2 background=0 1=1,0 0,0
first training example labels <s>x1 = rot90(I)
x2 = bottomhalf(x1)
O = crop(x1, ORIGIN, TWO_BY_TWO)</s>
                                   
Epoch 71: 100%|██████████| 6250/6250 [40:08<00:00,  2.59it/s, v_num=0, train/loss_step=0.0928, train/loss_epoch=0.101]
Training:   0%|          | 0/6250 [00:00<?, ?it/s]
******** iteration 72 ********
first training example inputs <s>6x6 background=0 1=0,4 2,2 2=0,2 2,0 0,0 3=4,0|6x6 background=0 1=4,2 2=0,4 3=0,0 8=2,4 2,0|6x6 background=0 1=0,0 2=2,2 6=4,4 4,0
3x3 background=0 1=1,1 0,2 2=0,1 1,0 0,0 3=2,0|3x3 background=0 1=2,1 2=0,2 3=0,0 8=1,0 1,2|3x3 background=0 1=0,0 2=1,1 6=2,0 2,2
first training example labels <s>x1 = sizefilter(I, ONE)
O = compress(I)</s>
                                   
Epoch 72: 100%|██████████| 6250/6250 [40:05<00:00,  2.60it/s, v_num=0, train/loss_step=0.0697, train/loss_epoch=0.101]
Training:   0%|          | 0/6250 [00:00<?, ?it/s]
******** iteration 73 ********
first training example inputs <s>13x4 background=0 2=0,1 2,1 3,1 5,3 4,2 3,0 2,3 0,2 3,3 1,0 3,2 5,2 6=11,1 9,0 7,1 9,3 11,3 10,1 9,2 11,2 10,0 12,2 7,2 10,3 9,1 7=6,1 6,2 6,3 6,0|13x4 background=0 2=0,1 1,2 2,1 0,0 3,1 4,1 5,3 0,3 2,0 4,2 3,3 5,0 1,0 1,3 6=11,1 8,1 11,0 12,0 7,0 7,3 12,2 7,2 10,3 7=6,1 6,2 6,3 6,0|13x4 background=0 2=4,0 2,1 0,3 5,1 4,2 2,3 3,3 2,2 1,0 5,2 6=9,3 11,0 7,0 11,3 9,2 8,0 7,3 8,3 10,0 12,2 7,2 9,1 7=6,1 6,2 6,3 6,0|13x4 background=0 2=0,1 1,2 2,1 0,0 4,3 1,1 2,0 5,1 3,0 5,0 6=11,1 9,0 7,1 11,0 7,0 8,0 7,3 8,3 12,2 7,2 8,2 9,1 7=6,1 6,2 6,3 6,0
6x4 background=0 8=1,2 4,0 0,0 1,1 0,3 5,1 5,0 1,3|6x4 background=0 8=2,3 2,2 4,3 3,2 5,1 3,0|6x4 background=0 8=0,1 1,2 3,1 1,1 2,0 5,0 5,3 3,2 4,1|6x4 background=0 8=2,3 3,3 2,2 3,1 5,3 3,2 4,2
first training example labels <s>x1 = bottomhalf(I)
x2 = shape(x1)
x3 = ofcolor(I, ZERO)
x4 = ofcolor(x1, ZERO)
x5 = ofcolor(I, TWO)
x6 = intersection(x3, x4)
x7 = canvas(ZERO, x2)
O = underfill(x7, EIGHT, x6)</s>
                                   
Epoch 73: 100%|██████████| 6250/6250 [40:06<00:00,  2.60it/s, v_num=0, train/loss_step=0.0924, train/loss_epoch=0.101]
Training:   0%|          | 0/6250 [00:00<?, ?it/s]
******** iteration 74 ********
first training example inputs <s>3x3 background=0 2=1,1|5x3 background=0 3=2,1|5x5 background=0 6=2,2|5x7 background=0 1=2,3
3x3 background=2 0=1,1|5x3 background=3 0=2,1|5x5 background=6 0=2,2|5x7 background=1 0=2,3
first training example labels <s>x1 = palette(I)
x2 = first(x1)
x3 = last(x1)
x4 = switch(I, ZERO, x3)
x5 = height(I)
O = replace(x4, x5, ZERO)</s>
                                   
Epoch 74: 100%|██████████| 6250/6250 [40:19<00:00,  2.58it/s, v_num=0, train/loss_step=0.139, train/loss_epoch=0.100]
Training:   0%|          | 0/6250 [00:00<?, ?it/s]
******** iteration 75 ********
first training example inputs <s>3x3 background=0 1=2,1 2=1,0 2,0 5=1,1 6=0,0|7x9 background=0 1=5,1 2=3,3 3=3,2 4,2 4,3 4=5,2 5=3,4|9x9 background=0 1=3,1 3,0 2=4,0 3=2,1 2,2 5=2,3
3x3 background=0 1=0,1 2=0,2 1,2 5=1,1 6=2,2|7x9 background=0 1=1,7 2=3,5 3=2,5 2,6 3,6 4=1,6 5=3,4|9x9 background=0 1=5,7 5,8 2=4,8 3=6,6 6,7 5=6,5
first training example labels <s>x1 = objects(I, T, F, T)
x2 = colorfilter(x1, ZERO)
O = rot180(I)</s>
                                   
Epoch 75: 100%|██████████| 6250/6250 [40:23<00:00,  2.58it/s, v_num=0, train/loss_step=0.148, train/loss_epoch=0.100]
Training:   0%|          | 0/6250 [00:00<?, ?it/s]
******** iteration 76 ********
first training example inputs <s>4x14 background=0 2=0,7 2,10 0,9 3,10 2,9 1,7 3,13 2,12 0,8 2,11 3,11 3=2,4 0,4 1,5 0,3 2,0 0,6 2,3 0,2 0,5 3,6 1,0 3,5|4x14 background=0 2=0,7 0,13 2,10 2,13 0,12 2,9 1,7 1,13 3,9 2,12 3,13 3,12 0,11 3,11 3=0,1 2,4 1,2 0,0 1,1 1,4 0,2 3,3 2,6 0,5 2,2 1,6 2,5 1,3|4x14 background=0 2=0,7 3,8 0,10 2,7 1,11 3,7 1,8 0,9 2,13 2,9 1,13 1,10 0,8 2,11 1,9 3=0,4 2,1 1,5 3,1 2,0 1,4 3,0 2,3 0,2 0,5 3,6 1,0 3,2|4x14 background=0 2=0,7 1,12 3,8 1,11 0,13 0,9 3,10 2,13 3,9 3,12 2,11 3=0,1 1,2 0,4 2,1 3,4 3,1 0,6 0,2 2,6 3,6 2,2 1,0 3,2 2,5
4x7 background=0 5=1,2 2,1 3,1 1,1 1,4 3,0 2,6 1,6 3,2 1,3|4x7 background=0 5=2,1 1,5 3,1 0,3 2,0 3,0|4x7 background=0 5=3,3 3,4 2,5 3,5 0,6|4x7 background=0 5=1,1 0,3 2,0 3,0 2,3 0,5 1,6 1,3
first training example labels <s>x1 = replace(I, TWO, FIVE)
x2 = lefthalf(x1)
x3 = righthalf(I)
x4 = bottomhalf(I)
x5 = ofcolor(x2, ZERO)
x6 = ofcolor(x3, ZERO)
x7 = intersection(x5, x6)
x8 = shape(x2)
x9 = canvas(ZERO, x8)
O = fill(x9, FIVE, x7)</s>
                                   
Epoch 76: 100%|██████████| 6250/6250 [40:37<00:00,  2.56it/s, v_num=0, train/loss_step=0.139, train/loss_epoch=0.0999]
Training:   0%|          | 0/6250 [00:00<?, ?it/s]
******** iteration 77 ********
first training example inputs <s>8x12 background=0 8=6,2 1,3 3,9|10x20 background=0 8=8,10 2,16 1,3|11x13 background=0 8=9,10 6,2 1,8
8x12 background=0 1=1,2 1,5 4,9 1,8 6,4 6,7 2,2 1,6 3,2 1,9 5,2 6,5 6,8 4,2 1,4 2,9 1,7 6,6 5,9 6,3 6,9 8=6,2 1,3 3,9|10x20 background=0 8=8,10 2,16 1,3 1=4,3 3,16 8,3 5,16 8,9 8,6 8,12 1,6 8,15 1,9 1,12 1,15 7,16 3,3 5,3 8,5 8,11 8,8 8,14 1,5 1,11 1,8 1,14 7,3 6,16 4,16 8,4 8,7 8,16 1,4 2,3 8,13 1,7 1,13 1,10 1,16 6,3|11x13 background=0 1=1,2 1,5 2,10 3,10 9,2 9,5 5,10 9,8 6,10 2,2 1,6 3,2 1,3 1,9 5,2 4,10 9,3 9,9 7,10 9,6 8,10 4,2 1,4 1,7 1,10 7,2 8,2 9,7 9,4 8=9,10 6,2 1,8
first training example labels <s>x1 = replace(I, ZERO, ONE)
x2 = ofcolor(I, EIGHT)
x3 = box(x2)
O = underfill(I, ONE, x3)</s>
                                   
Epoch 77: 100%|██████████| 6250/6250 [40:29<00:00,  2.57it/s, v_num=0, train/loss_step=0.091, train/loss_epoch=0.0996]
Training:   0%|          | 0/6250 [00:00<?, ?it/s]
******** iteration 78 ********
first training example inputs <s>22x20 background=0 8=12,4 6,18 3,13 17,12 11,5 2,2 5,19 8,18 9,17 13,8 15,5 6,2 18,10 4,2 7,19 5,3 17,5 3,15 5,12 11,7 2,4 15,7 6,4 16,6 18,3 6,13 7,12 18,12 14,8 11,9 13,3 13,12 15,9 6,6 16,8 18,5 7,14 5,7 17,9 5,16 9,14 15,2 15,11 16,10 12,6 14,3 17,2 3,12 14,12 11,4 5,18 9,16 13,7 15,4 2,13 16,12 18,9 3,5 5,2 4,4 17,4 8,13 13,9 15,6 2,6 16,5 18,2 18,11 6,15 12,10 14,7 5,4 4,6 3,16 5,13 13,2 8,15 13,11 11,11 2,8 18,4 2,17 6,8 12,3 12,12 5,6 4,8 4,17 16,9 2,19 6,19 14,2 4,19 11,6 8,19 9,18 12,7 14,4 4,12 8,12 11,8 2,5 2,14 15,8 6,5 6,14 7,13 12,9 14,6 4,5 5,15 11,10 2,16 6,7 18,6 12,2 6,16 7,15 12,11 4,16 5,8 17,10 11,3 5,17 8,16 9,15 11,12 15,12 16,11 18,8 3=6,12 7,17 3,4 4,3 3,7 14,10 17,3 4,15 17,6 3,19 11,2 4,18 13,5 16,4 16,7 18,7 7,16 6,17 3,3 14,9 4,14 3,6 3,18 17,11 17,8 8,14 13,4 9,13 9,19 2,7 8,17 16,3 13,10 15,10 12,5 3,2 7,18
8x11 background=8 3=2,4 3,7 6,1 5,1 6,4 2,2 1,6 1,3 4,1 2,8 5,2 3,8 5,5 6,5 0,0 2,3 3,3 3,9 5,0 4,8 6,6 7,5 6,9|10x9 background=8 3=0,1 0,7 8,8 1,2 2,1 2,7 1,8 5,1 8,0 9,2 6,4 2,2 1,6 3,2 2,5 5,5 7,1 7,7 6,5 9,6 2,3 1,7 6,6 7,5|9x10 background=8 3=8,8 1,2 0,4 3,4 2,1 4,9 1,8 6,6 5,1 6,7 7,6 2,2 0,8 3,2 1,9 2,8 6,5 0,0 2,3 1,7 5,6 4,8 3,6 5,3 7,2|8x10 background=8 3=3,8 1,2 6,2 2,1 5,8 4,9 2,3 4,8 2,2 1,6 3,2 4,7
first training example labels <s>x1 = objects(I, T, F, T)
x2 = argmax(x1, size)
x3 = leastcolor(I)
O = subgrid(x2, I)</s>
                                   
Epoch 78: 100%|██████████| 6250/6250 [40:27<00:00,  2.57it/s, v_num=0, train/loss_step=0.113, train/loss_epoch=0.0991]
Training:   0%|          | 0/6250 [00:00<?, ?it/s]
eval_code took longer than 0.25 seconds
******** iteration 79 ********
first training example inputs <s>8x12 background=0 8=6,2 1,3 3,9|10x20 background=0 8=8,10 2,16 1,3|11x13 background=0 8=9,10 6,2 1,8
8x12 background=0 1=1,2 1,5 4,9 1,8 6,4 6,7 2,2 1,6 3,2 1,9 5,2 6,5 6,8 4,2 1,4 2,9 1,7 6,6 5,9 6,3 6,9 8=6,2 1,3 3,9|10x20 background=0 8=8,10 2,16 1,3 1=4,3 3,16 8,3 5,16 8,9 8,6 8,12 1,6 8,15 1,9 1,12 1,15 7,16 3,3 5,3 8,5 8,11 8,8 8,14 1,5 1,11 1,8 1,14 7,3 6,16 4,16 8,4 8,7 8,16 1,4 2,3 8,13 1,7 1,13 1,10 1,16 6,3|11x13 background=0 1=1,2 1,5 2,10 3,10 9,2 9,5 5,10 9,8 6,10 2,2 1,6 3,2 1,3 1,9 5,2 4,10 9,3 9,9 7,10 9,6 8,10 4,2 1,4 1,7 1,10 7,2 8,2 9,7 9,4 8=9,10 6,2 1,8
first training example labels <s>x1 = asindices(I)
x2 = objects(I, T, F, F)
x3 = colorfilter(x2, EIGHT)
x4 = ofcolor(I, EIGHT)
x5 = box(x4)
O = underfill(I, ONE, x5)</s>
                                   
Epoch 79: 100%|██████████| 6250/6250 [40:24<00:00,  2.58it/s, v_num=0, train/loss_step=0.168, train/loss_epoch=0.0994]
Training:   0%|          | 0/6250 [00:00<?, ?it/s]
******** iteration 80 ********
first training example inputs <s>3x3 background=0 8=1,1 0,0|3x3 background=0 3=1,1 0,2 2,0|3x3 background=0 5=1,0 1,1 2,0 0,0|3x3 background=0 5=0,1 0,2 1,2 0,0|3x3 background=0 8=0,1 1,1 2,0|3x3 background=0 8=1,1 0,2 2,1 0,0
3x3 background=4 0=1,1 0,0|3x3 background=4 0=1,1 0,2 2,0|3x3 background=4 0=1,0 1,1 2,0 0,0|3x3 background=4 0=0,1 0,2 1,2 0,0|3x3 background=4 0=0,1 1,1 2,0|3x3 background=4 0=1,1 0,2 2,1 0,0
first training example labels <s>x1 = ofcolor(I, EIGHT)
x2 = switch(I, THREE, ZERO)
x3 = replace(x2, FIVE, ZERO)
x4 = replace(x3, THREE, FOUR)
x5 = replace(x4, FIVE, ONE)
x6 = replace(x5, EIGHT, ZERO)
x7 = replace(x6, THREE, ONE)
O = fill(x7, ZERO, x1)</s>
                                   
Epoch 80: 100%|██████████| 6250/6250 [40:26<00:00,  2.58it/s, v_num=0, train/loss_step=0.108, train/loss_epoch=0.0985]
Training:   0%|          | 0/6250 [00:00<?, ?it/s]
******** iteration 81 ********
first training example inputs <s>10x9 background=0 5=3,1 5,4 4,6 5,1 8,0 9,5 0,2 8,3 0,5 2,2 1,3 6,5 6,8 4,5 4,8 5,3 8,2 8,5 1,2 2,1 1,5 6,1 6,7 4,1 4,7 5,2 5,5 8,4 8,1 2,0 1,4 6,0 6,6 7,5|10x12 background=0 5=4,0 4,9 3,7 4,6 8,3 9,8 8,6 2,2 1,6 1,9 7,1 6,5 4,2 3,9 5,6 3,6 4,11 0,1 8,8 2,4 0,4 2,1 1,5 7,0 6,4 7,3 7,6 3,2 4,1 4,10 3,8 9,3 8,7 1,1 0,9 1,4 2,3 2,9 2,6 7,2 6,6 6,3|15x5 background=0 5=12,4 12,1 3,1 14,1 5,4 2,2 1,0 10,3 1,3 7,1 4,2 3,0 12,3 5,3 9,1 10,2 2,4 13,1 7,0 7,3 12,2 3,2 5,2 0,0 8,1 0,3 2,0 10,1 11,3 13,0 2,3 7,2 6,3
10x9 background=5 0=4,0 9,2 5,7 9,8 8,6 1,0 7,4 6,2 7,1 7,7 3,0 5,0 5,6 9,1 9,7 9,4 0,1 8,8 7,0 6,4 7,3 7,6 9,0 9,3 0,0 5,8 8,7 1,1 9,6 7,2 6,3 7,8 8=0,7 2,4 3,4 2,7 4,3 3,7 1,8 1,6 0,8 2,5 3,2 3,5 2,8 4,4 3,8 4,2 0,6 2,3 1,7 3,3 2,6 3,6 7=0,3 0,4|10x12 background=0 8=9,10 5,7 7,9 6,7 5,10 8,9 6,10 9,11 4,7 5,11 7,7 6,11 5,8 7,10 6,8 9,9 8,10 4,8 7,8 5,9 7,11 6,9 8,11 5=4,0 4,9 3,7 4,6 8,3 9,8 8,6 2,2 1,6 1,9 7,1 6,5 4,2 3,9 5,6 3,6 4,11 0,1 8,8 2,4 0,4 2,1 1,5 7,0 6,4 7,3 7,6 3,2 4,1 4,10 3,8 9,3 8,7 1,1 0,9 1,4 2,3 2,9 2,6 7,2 6,6 6,3 7=1,2 0,2 0,3 1,3|15x5 background=5 0=0,1 11,1 4,0 1,2 3,4 14,4 4,3 0,4 2,1 13,4 6,1 5,1 8,0 0,2 10,0 11,2 13,2 14,2 4,1 4,4 6,2 9,0 11,0 12,0 1,1 1,4 13,3 3,3 5,0 14,3 6,0 8=7,4 8,4 9
first training example labels <s>x1 = objects(I, T, F, F)
x2 = colorfilter(x1, F)
x3 = argmax(x2, size)
x4 = argmin(x2, size)
x5 = fill(I, FIVE, x3)
x6 = fill(x5, SEVEN, x4)
O = fill(x6, EIGHT, x3)</s>
                                   
Epoch 81: 100%|██████████| 6250/6250 [40:26<00:00,  2.58it/s, v_num=0, train/loss_step=0.107, train/loss_epoch=0.0984]
Training:   0%|          | 0/6250 [00:00<?, ?it/s]
******** iteration 82 ********
first training example inputs <s>24x24 background=9 1=23,4 4,0 18,23 3,1 22,20 20,20 19,0 23,19 0,5 3,22 2,5 1,3 0,23 20,1 23,0 22,4 3,3 5,0 23,18 21,18 20,22 22,19 5,18 5,21 4,23 0,4 19,23 0,19 18,0 1,20 21,5 18,18 20,3 18,21 22,3 23,5 4,1 5,2 5,5 23,23 0,0 19,1 4,22 3,20 5,23 1,4 19,22 2,18 18,2 0,18 18,5 1,19 2=20,5 12,1 20,14 22,11 21,13 23,10 4,6 5,1 4,15 13,2 19,15 7,4 1,18 10,21 18,1 7,19 22,13 22,10 3,9 4,8 5,3 3,18 4,17 19,8 17,23 13,1 19,17 1,11 0,13 2,10 10,23 6,4 11,22 18,3 20,9 6,19 20,18 7,18 22,12 8,4 9,3 0,6 5,20 8,19 1,13 1,10 10,22 7,5 13,21 21,10 22,5 18,20 17,0 23,13 5,7 19,6 12,22 5,16 10,0 5,22 16,4 9,20 0,17 1,12 18,7 13,23 22,1 16,19 18,16 6,23 23,6 14,3 18,22 22,22 10,2 11,1 0,10 1,5 15,4 2,13 13,22 15,19 16,18 4,7 3,5 17,4 22,18 23,17 3,14 4,16 19,7 1,1 14,20 10,1 13,0 17,19 19,16 16,5 6,0 1,22 3=11,7 10,11 11,10 10,8 11,9 10,7 11,12 10,10 10,9 11,8 10,12 11,11 4=13,7 13,
2x6 background=4 9=0,2 0,3 7=0,4 0,5 1,0 1,1 1,3|3x3 background=5 1=1,0 4=1,1 2,0 7=1,2 2,1 2,2|5x5 background=5 2=1,0 2,1 3,1 2,0 4,2 3,0 6=2,3 3,3 0,4 3,4 1,3 1,4 7=4,0 4,1 8=2,4 0,3 9=4,4 2,2|7x8 background=7 8=2,1 6,5 0,0 5,1 4,2 3,0 6,4 6,7 5,0 6,6 3,2 6,3 4,1 5,2 1=4,4 3,4 1,1 1,7 2,6 3,6 2,2 1,0 1,6 2,5 3,5 2=0,7 0,4 4,3 6,1 1,4 0,6 2,3 5,7 3,3 0,5 6,0 1,3|8x7 background=4 1=4,4 2,1 6,5 0,0 3,1 1,1 5,4 2,0 4,2 3,0 3,3 6,6 3,2 4,1 5,2 2=5,5 2,6 0,5 6,1 1,6 2,5 6=0,1 2,4 4,0 3,4 4,3 0,3 5,1 1,4 0,2 7,6 2,2 1,0 1,3 9=6,0 7,1 3,6 1,5 6,4 3,5
first training example labels <s>x1 = ofcolor(I, THREE)
x2 = replace(I, THREE, SEVEN)
x3 = hmirror(x2)
x4 = trim(x2)
x5 = replace(x4, THREE, EIGHT)
x6 = hmirror(x5)
x7 = ofcolor(x3, THREE)
O = subgrid(x1, x3)</s>
                                   
Epoch 82: 100%|██████████| 6250/6250 [40:10<00:00,  2.59it/s, v_num=0, train/loss_step=0.0797, train/loss_epoch=0.0986]
Training:   0%|          | 0/6250 [00:00<?, ?it/s]
******** iteration 83 ********
first training example inputs <s>15x15 background=0 1=13,10 4,6 7,1 9,9 2=6,12 3,4 4,9 14,1 5,4 5,10 11,2 11,5 2,2 1,0 13,2 0,8 0,11 1,12 13,14 12,3 12,9 14,6 3,12 14,12 9,1 10,5 1,2 13,4 7,3 4,7 3,14 8,1 1,1 2,3 7,11 7,8 3=2,1 4,3 14,7 0,13 6,6 9,2 7,9 1,6 1,3 13,5 7,4 6,2 8,4 0,0 0,9 0,12 8,13 12,12 5,0 13,6 5,3 9,7 5,12 10,2 5=2,9 1,7 14,5 6,9 11,4 2,13 6=8,8 6,10 7,5 9,12 10,12 7,13 13,13 7=2,7 5,8 1,8 8,10 11,9 10,13 1,13 10,0 8=8,2 4,0 4,8 9,4 9=0,7 3,13 12,1 3,9 14,2|15x15 background=0 1=2,3 3,7 13,10 12,3 9,4 2=11,7 1,5 12,13 5,1 6,4 10,3 9,11 1,9 4,10 5,5 0,3 12,12 14,9 13,6 5,3 4,11 3=8,8 13,14 10,11 12,7 2,1 9,3 4,9 4,2 12,9 9,5 8,9 3,12 14,5 10,2 4=11,1 10,5 13,13 7,6 6,10 9,8 3,2 2,5 0,14 11,11 1,12 9,0 7,10 8,10 14,6 10,10 5,0 4,14 6=0,7 4,0 3,4 5,13 6,7 0,2 5,10 8,3 8,12 2,11 10,12 7,1 6,5 9,12 2
15x15 background=0 1=9,10 10,8 12,10 3,7 6,1 4,6 7,0 14,10 5,7 8,0 13,10 8,9 9,8 10,9 12,11 13,11 3,5 14,11 5,5 7,1 6,0 9,9 10,10 4,5 13,9 14,9 5,6 7,2 3,6 2=6,12 3,4 4,9 14,1 5,4 5,10 11,2 11,5 2,2 1,0 13,2 0,8 0,11 1,12 13,14 12,3 12,9 14,6 3,12 14,12 9,1 10,5 1,2 13,4 7,3 4,7 3,14 8,1 1,1 2,3 7,11 7,8 3=2,1 4,3 14,7 0,13 6,6 9,2 7,9 1,6 1,3 13,5 7,4 6,2 8,4 0,0 0,9 0,12 8,13 12,12 5,0 13,6 5,3 9,7 5,12 10,2 5=2,9 1,7 14,5 6,9 11,4 2,13 6=8,8 6,10 7,5 9,12 10,12 7,13 13,13 7=2,7 5,8 1,8 8,10 11,9 10,13 1,13 10,0 8=8,2 4,0 4,8 9,4 9=0,7 3,13 12,1 3,9 14,2|15x15 background=0 1=12,4 12,10 3,7 4,6 14,10 11,2 2,2 13,2 1,3 13,11 2,8 12,3 3,3 4,8 3,6 11,4 9,4 2,4 1,2 13,4 2,7 13,10 12,2 12,11 4,7 14,11 3,8 8,4 10,4 11,3 1,4 2,3 13,3 13,9 2,6 2=11,7 1,5 12,13 5,1 6,4 10,3 9,11 1,9 4,10 5
first training example labels <s>x1 = objects(I, T, F, F)
x2 = replace(I, FOUR, ZERO)
x3 = leastcolor(x2)
x4 = ofcolor(I, ONE)
x5 = mapply(neighbors, x4)
O = underfill(I, x3, x5)</s>
                                   
Epoch 83: 100%|██████████| 6250/6250 [40:15<00:00,  2.59it/s, v_num=0, train/loss_step=0.0884, train/loss_epoch=0.0982]
Training:   0%|          | 0/6250 [00:00<?, ?it/s]
******** iteration 84 ********
first training example inputs <s>12x11 background=0 1=5,5 3,4 4,3 5,4 4,5 3,3 5,3 3,5 2=4,4|13x14 background=0 1=5,5 3=3,4 4,3 3,7 5,4 4,6 6,6 6,4 5,7 7,3 6,7 7,6 4,7 3,5 4,4 7,4 7,7 6,5 4,5 3,3 5,6 3,6 5,3 7,5 6,3|13x19 background=0 4=3,4 4,3 3,7 9,2 5,7 9,5 8,3 9,8 8,6 2,2 2,5 2,8 6,2 7,7 6,8 4,2 3,3 4,8 3,6 5,3 8,2 9,7 8,5 9,4 8,8 2,4 2,7 7,3 6,7 3,2 4,7 3,5 5,2 3,8 8,4 9,3 5,8 8,7 9,6 2,3 2,6 7,2 6,3 7,8 5=4,4 7,4 5,5 6,5 5,4 4,6 6,4 4,5 7,6 5,6 6,6 7,5|15x14 background=0 4=4,4 4,5 5,4 5,5 6=3,4 6,5 4,3 4,6 6,6 6,4 3,3 5,6 3,6 5,3 6,3 3,5|16x17 background=0 2=5,5 7,7 6,5 5,7 6,7 7,6 5,6 6,6 7,5 5=3,4 4,3 4,9 3,7 5,4 4,6 9,5 8,3 8,9 9,8 8,6 7,4 6,8 4,5 3,3 3,9 4,8 3,6 5,3 5,9 9,7 8,5 9,4 8,8 6,4 7,3 7,9 4,7 3,5 4,4 3,8 8,4 9,3 5,8 8,7 9,9 9,6 6
12x11 background=0 1=5,5 3,4 4,3 5,4 4,5 3,3 5,3 3,5 2=2,4 4,6 6,4 2,2 3,2 2,5 5,2 4,4 6,2 6,5 4,2 2,3 2,6 5,6 3,6 6,6 6,3|13x14 background=0 1=8,8 2,4 2,7 8,3 8,6 2,2 3,2 2,5 2,8 5,2 6,2 3,8 5,5 8,4 5,8 8,7 6,8 4,2 2,3 2,6 4,8 7,2 8,2 8,5 7,8 3=3,4 4,3 3,7 5,4 4,6 6,6 6,4 5,7 7,3 6,7 7,6 4,7 3,5 4,4 7,4 7,7 6,5 4,5 3,3 5,6 3,6 5,3 7,5 6,3|13x19 background=0 4=3,4 4,3 3,7 9,2 5,7 9,5 8,3 9,8 8,6 2,2 2,5 2,8 6,2 7,7 6,8 4,2 3,3 4,8 3,6 5,3 8,2 9,7 8,5 9,4 8,8 2,4 2,7 7,3 6,7 3,2 4,7 3,5 5,2 3,8 8,4 9,3 5,8 8,7 9,6 2,3 2,6 7,2 6,3 7,8 5=3,1 4,9 5,4 4,6 5,1 8,9 10,6 10,3 10,9 1,6 1,3 1,9 7,4 7,1 6,5 4,5 3,9 5,6 5,9 9,1 10,2 10,5 1,2 2,1 10,8 1,5 6,1 1,8 6,4 7,9 7,6 4,1 4,4 5,5 8,1 9,9 10,4 1,1 10,1 10,7 1,4 2,
first training example labels <s>x1 = objects(I, F, F, T)
x2 = leastcolor(I)
x3 = replace(I, SIX, x2)
x4 = leastcolor(x3)
x5 = ofcolor(x3, x4)
x6 = inbox(x5)
x7 = mapply(outbox, x1)
x8 = underfill(x3, x4, x7)
x9 = mapply(delta, x1)
O = underfill(x8, x2, x9)</s>
                                   
Epoch 84: 100%|██████████| 6250/6250 [40:29<00:00,  2.57it/s, v_num=0, train/loss_step=0.0564, train/loss_epoch=0.0976]
Training:   0%|          | 0/6250 [00:00<?, ?it/s]
******** iteration 85 ********
first training example inputs <s>13x4 background=0 2=0,1 2,1 3,1 5,3 4,2 3,0 2,3 0,2 3,3 1,0 3,2 5,2 6=11,1 9,0 7,1 9,3 11,3 10,1 9,2 11,2 10,0 12,2 7,2 10,3 9,1 7=6,1 6,2 6,3 6,0|13x4 background=0 2=0,1 1,2 2,1 0,0 3,1 4,1 5,3 0,3 2,0 4,2 3,3 5,0 1,0 1,3 6=11,1 8,1 11,0 12,0 7,0 7,3 12,2 7,2 10,3 7=6,1 6,2 6,3 6,0|13x4 background=0 2=4,0 2,1 0,3 5,1 4,2 2,3 3,3 2,2 1,0 5,2 6=9,3 11,0 7,0 11,3 9,2 8,0 7,3 8,3 10,0 12,2 7,2 9,1 7=6,1 6,2 6,3 6,0|13x4 background=0 2=0,1 1,2 2,1 0,0 4,3 1,1 2,0 5,1 3,0 5,0 6=11,1 9,0 7,1 11,0 7,0 8,0 7,3 8,3 12,2 7,2 8,2 9,1 7=6,1 6,2 6,3 6,0
6x4 background=0 8=1,2 4,0 0,0 1,1 0,3 5,1 5,0 1,3|6x4 background=0 8=2,3 2,2 4,3 3,2 5,1 3,0|6x4 background=0 8=0,1 1,2 3,1 1,1 2,0 5,0 5,3 3,2 4,1|6x4 background=0 8=2,3 3,3 2,2 3,1 5,3 3,2 4,2
first training example labels <s>x1 = width(I)
x2 = bottomhalf(I)
x3 = ofcolor(I, ZERO)
x4 = ofcolor(x2, ZERO)
x5 = astuple(SIX, FOUR)
x6 = canvas(ZERO, x5)
x7 = intersection(x3, x4)
O = underfill(x6, EIGHT, x7)</s>
                                   
Epoch 85: 100%|██████████| 6250/6250 [40:27<00:00,  2.57it/s, v_num=0, train/loss_step=0.065, train/loss_epoch=0.0977]
Training:   0%|          | 0/6250 [00:00<?, ?it/s]
******** iteration 86 ********
first training example inputs <s>5x9 background=0 5=1,2 2,7 1,5 3,7 1,1 1,7 3,3 2,2 1,6 3,2 2,5 3,5|5x9 background=0 5=1,2 2,7 1,5 3,1 1,7 3,6 2,2 3,2 2,5 1,3 3,5|5x9 background=0 5=1,2 2,7 1,5 3,7 1,1 1,7 2,6 2,2 3,2 1,3 3,5|5x9 background=0 5=1,2 2,7 1,5 1,1 1,7 2,6 3,6 2,2 3,2 2,5 1,3 3,5|5x9 background=0 5=1,2 2,7 1,5 1,1 3,3 2,6 3,6 2,2 1,6 3,2|5x9 background=0 5=1,2 2,7 1,5 1,1 3,3 2,6 2,2 3,2 3,5
3x3 background=2 0=1,1 2,1|3x3 background=2 0=0,1 1,1 2,2|3x3 background=2 0=1,0 1,2 2,0 2,2|3x3 background=2 0=0,1 2,2|3x3 background=2 0=1,0 0,2 2,0 2,2|3x3 background=0 2=1,1 1,2 2,0 0,0
first training example labels <s>x1 = objects(I, T, T, T)
x2 = last(x1)
x3 = subgrid(x2, I)
x4 = switch(x3, FIVE, TWO)
x5 = replace(x4, ONE, ONE)
x6 = replace(x5, FIVE, TWO)
x7 = replace(x6, FIVE, ONE)
O = replace(x7, FIVE, ONE)</s>
                                   
Epoch 86: 100%|██████████| 6250/6250 [40:26<00:00,  2.58it/s, v_num=0, train/loss_step=0.117, train/loss_epoch=0.0971]
Training:   0%|          | 0/6250 [00:00<?, ?it/s]
******** iteration 87 ********
first training example inputs <s>8x12 background=0 8=6,2 1,3 3,9|10x20 background=0 8=8,10 2,16 1,3|11x13 background=0 8=9,10 6,2 1,8
8x12 background=0 1=1,2 1,5 4,9 1,8 6,4 6,7 2,2 1,6 3,2 1,9 5,2 6,5 6,8 4,2 1,4 2,9 1,7 6,6 5,9 6,3 6,9 8=6,2 1,3 3,9|10x20 background=0 8=8,10 2,16 1,3 1=4,3 3,16 8,3 5,16 8,9 8,6 8,12 1,6 8,15 1,9 1,12 1,15 7,16 3,3 5,3 8,5 8,11 8,8 8,14 1,5 1,11 1,8 1,14 7,3 6,16 4,16 8,4 8,7 8,16 1,4 2,3 8,13 1,7 1,13 1,10 1,16 6,3|11x13 background=0 1=1,2 1,5 2,10 3,10 9,2 9,5 5,10 9,8 6,10 2,2 1,6 3,2 1,3 1,9 5,2 4,10 9,3 9,9 7,10 9,6 8,10 4,2 1,4 1,7 1,10 7,2 8,2 9,7 9,4 8=9,10 6,2 1,8
first training example labels <s>x1 = ofcolor(I, EIGHT)
x2 = cellwise(I, I, NINE)
x3 = box(x1)
O = underfill(x2, ONE, x3)</s>
                                   
Epoch 87: 100%|██████████| 6250/6250 [40:15<00:00,  2.59it/s, v_num=0, train/loss_step=0.101, train/loss_epoch=0.0974]
Training:   0%|          | 0/6250 [00:00<?, ?it/s]
******** iteration 88 ********
first training example inputs <s>5x5 background=0 1=0,1 4,0 0,4 0,0 3,1 0,3 1,4 1,0 4,1 2=4,4 3,3 3,4 4,3|5x5 background=0 1=0,4 0,0 3,1 4,1 1,1 0,3 3,0 1,0 1,3 2=4,4 3,3 3,4 4,3|5x5 background=0 1=0,1 4,0 0,4 0,0 4,1 1,4 2=4,4 3,3 3,4 4,3
2x2 background=1 0=0,1|2x2 background=1 0=0,0|2x2 background=0 1=1,0 0,0
first training example labels <s>x1 = rot90(I)
x2 = righthalf(I)
x3 = ofcolor(x1, ONE)
x4 = ofcolor(x2, ONE)
x5 = intersection(x3, x4)
x6 = crop(x1, ORIGIN, TWO_BY_TWO)
O = replace(x6, TWO, ZERO)</s>
                                   
Epoch 88: 100%|██████████| 6250/6250 [40:22<00:00,  2.58it/s, v_num=0, train/loss_step=0.0877, train/loss_epoch=0.0968]
Training:   0%|          | 0/6250 [00:00<?, ?it/s]
******** iteration 89 ********
first training example inputs <s>3x3 background=0 1=2,1 2=1,0 2,0 5=1,1 6=0,0|7x9 background=0 1=5,1 2=3,3 3=3,2 4,2 4,3 4=5,2 5=3,4|9x9 background=0 1=3,1 3,0 2=4,0 3=2,1 2,2 5=2,3
3x3 background=0 1=0,1 2=0,2 1,2 5=1,1 6=2,2|7x9 background=0 1=1,7 2=3,5 3=2,5 2,6 3,6 4=1,6 5=3,4|9x9 background=0 1=5,7 5,8 2=4,8 3=6,6 6,7 5=6,5
first training example labels <s>x1 = ofcolor(I, TWO)
x2 = mostcolor(x1)
x3 = first(x1)
O = rot180(I)</s>
                                   
Epoch 89: 100%|██████████| 6250/6250 [40:32<00:00,  2.57it/s, v_num=0, train/loss_step=0.0981, train/loss_epoch=0.0968]
Training:   0%|          | 0/6250 [00:00<?, ?it/s]
******** iteration 90 ********
first training example inputs <s>3x7 background=0 8=1,6 2,4 2,5 0,6 4=2,3 0,3 1,3 6=1,1 2,1 0,0|3x7 background=0 8=2,4 0,4 0,5 1,5 1,6 4=2,3 0,3 1,3 6=1,1 0,2 2,1 2,2|3x7 background=0 8=2,4 0,4 2,6 0,6 4=2,3 0,3 1,3 6=0,2 1,2 2,1 2,2 1,0|3x7 background=0 8=1,6 2,5 1,4 4=2,3 0,3 1,3 6=0,2 2,2 2,1 0,0 1,0 1,1 2,0|3x7 background=0 8=1,5 0,4 2,4 0,6 4=2,3 0,3 1,3 6=1,1 0,2
3x3 background=2 0=0,1 1,0 2,2|3x3 background=2 0=1,0|3x3 background=2 0=0,1 1,1|3x3 background=2 0=0,1|3x3 background=0 2=1,1 0,2 2,0 0,0
first training example labels <s>x1 = switch(I, EIGHT, FOUR)
x2 = lefthalf(x1)
x3 = righthalf(I)
x4 = ofcolor(x2, ZERO)
x5 = ofcolor(x3, ZERO)
x6 = intersection(x4, x5)
x7 = canvas(TWO, THREE_BY_THREE)
O = underfill(x7, ZERO, x6)</s>
                                   
Epoch 90: 100%|██████████| 6250/6250 [40:10<00:00,  2.59it/s, v_num=0, train/loss_step=0.0829, train/loss_epoch=0.0965]
Training:   0%|          | 0/6250 [00:00<?, ?it/s]
******** iteration 91 ********
first training example inputs <s>16x16 background=6 1=0,13 15,13 2,13 13,13 0,2 2,2 13,2 15,2 2,0 13,0 12,3 3,3 12,12 3,12 2,15 13,15 2=12,1 12,7 3,1 12,10 14,7 5,13 14,13 8,3 9,14 8,12 10,3 1,6 2,5 1,3 1,9 10,12 13,5 2,14 1,12 13,14 7,1 7,10 6,14 14,6 14,3 14,9 5,3 14,12 9,1 5,12 8,5 10,2 8,14 1,2 2,1 10,8 13,1 6,1 2,10 1,8 13,10 7,3 7,12 12,5 14,2 12,8 3,5 5,2 12,14 14,8 3,14 8,1 8,10 10,7 10,13 1,7 1,13 7,5 7,14 3=4,9 3,7 3,10 5,7 6,7 5,10 6,10 4,7 4,10 3,8 5,8 6,8 3,9 4,8 5,9 6,9 4=12,4 0,7 3,4 4,3 7,0 4,12 15,7 8,0 7,15 12,11 0,8 8,15 3,11 15,8 11,3 11,12 7=12,13 2,3 3,13 13,3 2,12 12,2 13,12 3,2 8=11,7 10,5 7,9 8,9 7,6 9,8 8,6 11,8 11,11 4,4 7,4 5,5 8,4 9,9 9,6 10,10 6,6 4,11 7,11 9,7 11,4 8,11 9=4,0 14,1 4,15 1,0 0,14 0,11 15,11 1,15 15,14 12,0 3,0 14,0 12,15 3,15 14,15 0,1 0,4 15,4 15,1 1,14 14,14 0,0 11,0 1,1 0,3 0,12 15,
4x4 background=8 2=0,1 2,1 0,0 0,3 2,0 6=0,2 1,2 3,3 2,2 1,3|4x4 background=2 4=3,0 6=3,1 8=3,2 9=0,1 2,3 2,1 0,0 1,0 0,3|4x4 background=7 1=1,0 0,3 2,3 2,1 5=0,1 8=3,0 9=1,2 2,0 3,3 2,2
first training example labels <s>x1 = ofcolor(I, THREE)
x2 = replace(I, THREE, SIX)
x3 = vmirror(x2)
x4 = cellwise(I, x3, EIGHT)
x5 = hmirror(x4)
O = subgrid(x1, x5)</s>
                                   
Epoch 91: 100%|██████████| 6250/6250 [40:09<00:00,  2.59it/s, v_num=0, train/loss_step=0.0921, train/loss_epoch=0.0962]
Training:   0%|          | 0/6250 [00:00<?, ?it/s]
******** iteration 92 ********
first training example inputs <s>10x13 background=0 2=4,10 6,2 3,11 4,11 5,4 6,3 7,3 3=7,10 1,1 8,10 2,3 8,9 7,2 2,2 1,3 7,8 5,2 5=7,9 0,2 1,2 5,3 6,9 7=2,10 3,9 3,10 8=0,4 6,10 6,11 0,3 1,4 7,11|15x13 background=0 1=1,2 5,6 4,8 1,3 4,7 2=6,7 2,1 2,2 3,2 5,7 3=3,1 4,1 4=13,9 13,10 14,9 5=13,3 8,3 13,4 8,4 13,2 8,2 6=11,9 12,8 12,9 8=12,4 7,4 11,10 12,10 11,3 12,3 7,3 2,3 10,10 3,3 12,2 7,2 6,3|15x15 background=0 2=0,2 1,3 3=6,7 10,3 6,6 6,8 10,1 4=11,2 9,2 10,2 5=11,12 12,12 1,11 2,10 13,11 0,11 6=5,7 4,8 5,8 7=1,10 13,12 12,10 12,11 2,11 1,9 8=1,2 0,3 2,1 2,2 9=0,12 1,12 12,13 11,13
3x4 background=3 0=2,3 2,0 0,0 8=0,2 0,3 1,3 5=0,1 1,1|4x3 background=0 1=1,0 1,1 2,1 2=0,1 0,2 3=2,0 3,0 8=1,2 2,2|3x4 background=0 9=0,3 1,3 5=0,2 1,2 2,1 7=1,0 1,1 2,2
first training example labels <s>x1 = objects(I, F, T, T)
x2 = argmax(x1, size)
x3 = subgrid(x2, I)
O = switch(x3, ONE, TWO)</s>
                                   
Epoch 92: 100%|██████████| 6250/6250 [40:13<00:00,  2.59it/s, v_num=0, train/loss_step=0.0985, train/loss_epoch=0.0962]
Training:   0%|          | 0/6250 [00:00<?, ?it/s]
******** iteration 93 ********
first training example inputs <s>3x3 background=0 8=1,1 0,0|3x3 background=0 3=1,1 0,2 2,0|3x3 background=0 5=1,0 1,1 2,0 0,0|3x3 background=0 5=0,1 0,2 1,2 0,0|3x3 background=0 8=0,1 1,1 2,0|3x3 background=0 8=1,1 0,2 2,1 0,0
3x3 background=4 0=1,1 0,0|3x3 background=4 0=1,1 0,2 2,0|3x3 background=4 0=1,0 1,1 2,0 0,0|3x3 background=4 0=0,1 0,2 1,2 0,0|3x3 background=4 0=0,1 1,1 2,0|3x3 background=4 0=1,1 0,2 2,1 0,0
first training example labels <s>x1 = ofcolor(I, EIGHT)
x2 = ofcolor(I, FIVE)
x3 = switch(I, THREE, ZERO)
x4 = replace(x3, FIVE, ZERO)
x5 = replace(x4, THREE, FOUR)
x6 = replace(x5, FIVE, ONE)
x7 = switch(x6, ZERO, ZERO)
O = fill(x7, ZERO, x1)</s>
                                   
Epoch 93: 100%|██████████| 6250/6250 [40:22<00:00,  2.58it/s, v_num=0, train/loss_step=0.130, train/loss_epoch=0.0957]
Training:   0%|          | 0/6250 [00:00<?, ?it/s]
******** iteration 94 ********
first training example inputs <s>20x20 background=0 2=3,4 4,3 5,4 4,6 6,4 3,5 4,4 5,5 6,5 5,3 4,5 3,3 5,6 3,6 6,6 6,3 4=14,7 16,9 15,7 14,10 17,9 16,6 15,10 17,6 18,9 18,6 16,7 14,8 17,7 16,10 15,8 18,7 17,10 18,10 14,6 15,6 14,9 15,9 16,8 17,8 18,8 6=17,3 3,16 14,16 8,9 19,9 9,8 10,3 13,2 0,14 10,12 13,11 0,11 11,11 18,4 6,2 2,17 15,14 7,10 14,0 0,18 4,8 5,12 17,14 9,10 2,4 13,4 13,1 16,0 11,13 2,19 13,19 12,5 6,0 8,4 19,4 0,0 8,1 19,10 1,4 0,15 2,12 18,5 16,17 12,7 17,0 12,13 4,12 0,2 3,19 4,18 8,3 19,12 0,8 16,1 13,14 7,16 12,0 18,13 14,3 17,2 4,14 17,11 9,7 9,4 0,1 11,1 8,14 19,14 13,7 6,1 0,19 11,19 1,14 2,13 18,18 17,4 14,14 8,7 19,7 2,0 17,19 11,12 10,10 13,9 1,16 11,18 18,11 7,8 7=12,4 6,18 12,1 6,15 4,9 9,2 8,0 12,19 5,13 3,13 14,13 17,12 0,5 11,5 7,4 1,18 1,15 6,8 18,19 3,0 6,17 19,2 11,7 19,8 0,4 19,17 1,11 1,8 13,10 3,2 4,1 3,11 3,8 9,3 3,17 17,13 8,
3x3 background=4|3x3 background=3|3x3 background=8
first training example labels <s>x1 = compress(I)
x2 = vmirror(x1)
x3 = objects(I, T, F, T)
x4 = argmax(x3, size)
x5 = color(x4)
x6 = canvas(x5, THREE_BY_THREE)
O = paint(x6, x4)</s>
                                   
Epoch 94: 100%|██████████| 6250/6250 [40:15<00:00,  2.59it/s, v_num=0, train/loss_step=0.0858, train/loss_epoch=0.0954]
Training:   0%|          | 0/6250 [00:00<?, ?it/s]
